2022-07-06 16:54:59,798 - DEBUG - client - Получение корректных данных для соединения с сервером
2022-07-06 16:54:59,798 - DEBUG - client - Проверка аргументов
2022-07-06 16:54:59,810 - DEBUG - utils - Wed Jul  6 16:54:59 2022 - функция check_argv вызвана из функции data_connect_serv
2022-07-06 16:54:59,810 - DEBUG - client - Проверка аргументов
2022-07-06 16:54:59,810 - DEBUG - utils - Wed Jul  6 16:54:59 2022 - функция check_argv вызвана из функции data_connect_serv
2022-07-06 16:54:59,810 - DEBUG - client - Проверка аргументов
2022-07-06 16:54:59,810 - DEBUG - utils - Wed Jul  6 16:54:59 2022 - функция check_argv вызвана из функции data_connect_serv
2022-07-06 16:55:02,240 - INFO - client - Установлены адрес сервера 127.0.0.1, порт сервера 7777 по умолчанию так как они не были введены. Имя клиента cl1.
2022-07-06 16:55:02,240 - DEBUG - utils - Wed Jul  6 16:55:02 2022 - функция data_connect_serv вызвана из функции main
2022-07-06 16:55:02,240 - INFO - client - Старт работы клиента с параметрами: адрес сервера - 127.0.0.1, порт: 7777, имя пользователя cl1.
2022-07-06 16:55:02,240 - DEBUG - client - Выполняется запрос присутствия клиента
2022-07-06 16:55:02,240 - DEBUG - client - Запрос присутствия клиента выполнен успешно для пользователя cl1
2022-07-06 16:55:02,240 - DEBUG - utils - Wed Jul  6 16:55:02 2022 - функция request_presence вызвана из функции main
2022-07-06 16:55:02,240 - INFO - client - Сообщение для сервера сформировано успешно.
2022-07-06 16:55:02,243 - INFO - client - Сообщение для сервера отправлено успешно.
2022-07-06 16:55:02,243 - DEBUG - client - Попытка получения сообщения из сокета в правильной кодировке
2022-07-06 16:55:03,080 - DEBUG - client - Выполняется разбор ответа сервера - {'response': 200}
2022-07-06 16:55:03,080 - INFO - client - Получен ответ от сервера - 200 : OK
2022-07-06 16:55:03,081 - DEBUG - utils - Wed Jul  6 16:55:03 2022 - функция response_analysis вызвана из функции get_answer
2022-07-06 16:55:03,081 - INFO - client - Сообщение в правильной кодировке получено - 200 : OK
2022-07-06 16:55:03,081 - DEBUG - utils - Wed Jul  6 16:55:03 2022 - функция get_answer вызвана из функции main
2022-07-06 16:55:03,081 - INFO - client - Пришёл ответ от сервера - 200 : OK
2022-07-06 16:55:03,107 - DEBUG - client - Запрос списка известных пользователей cl1
2022-07-06 16:55:03,890 - DEBUG - utils - Wed Jul  6 16:55:03 2022 - функция user_list_request вызвана из функции load_db
2022-07-06 16:55:03,908 - DEBUG - client - Запрос контакт листа для пользователя cl1
2022-07-06 16:55:03,908 - DEBUG - client - Сформирован запрос {'action': 'get_contacts', 'time': 'Wed Jul  6 16:55:03 2022', 'user': 'cl1'}
2022-07-06 16:55:04,701 - DEBUG - client - Получен ответ {'response': 202, 'data_list': []}
2022-07-06 16:55:04,702 - DEBUG - utils - Wed Jul  6 16:55:04 2022 - функция contacts_list_request вызвана из функции load_db
2022-07-06 16:55:04,702 - DEBUG - utils - Wed Jul  6 16:55:04 2022 - функция load_db вызвана из функции main
2022-07-06 16:55:08,289 - DEBUG - client - Получение корректных данных для соединения с сервером
2022-07-06 16:55:08,289 - DEBUG - client - Проверка аргументов
2022-07-06 16:55:08,301 - DEBUG - utils - Wed Jul  6 16:55:08 2022 - функция check_argv вызвана из функции data_connect_serv
2022-07-06 16:55:08,301 - DEBUG - client - Проверка аргументов
2022-07-06 16:55:08,301 - DEBUG - utils - Wed Jul  6 16:55:08 2022 - функция check_argv вызвана из функции data_connect_serv
2022-07-06 16:55:08,301 - DEBUG - client - Проверка аргументов
2022-07-06 16:55:08,301 - DEBUG - utils - Wed Jul  6 16:55:08 2022 - функция check_argv вызвана из функции data_connect_serv
2022-07-06 16:55:10,135 - INFO - client - Установлены адрес сервера 127.0.0.1, порт сервера 7777 по умолчанию так как они не были введены. Имя клиента cl2.
2022-07-06 16:55:10,136 - DEBUG - utils - Wed Jul  6 16:55:10 2022 - функция data_connect_serv вызвана из функции main
2022-07-06 16:55:10,136 - INFO - client - Старт работы клиента с параметрами: адрес сервера - 127.0.0.1, порт: 7777, имя пользователя cl2.
2022-07-06 16:55:10,136 - DEBUG - client - Выполняется запрос присутствия клиента
2022-07-06 16:55:10,136 - DEBUG - client - Запрос присутствия клиента выполнен успешно для пользователя cl2
2022-07-06 16:55:10,136 - DEBUG - utils - Wed Jul  6 16:55:10 2022 - функция request_presence вызвана из функции main
2022-07-06 16:55:10,136 - INFO - client - Сообщение для сервера сформировано успешно.
2022-07-06 16:55:10,138 - INFO - client - Сообщение для сервера отправлено успешно.
2022-07-06 16:55:10,138 - DEBUG - client - Попытка получения сообщения из сокета в правильной кодировке
2022-07-06 16:55:10,979 - DEBUG - client - Выполняется разбор ответа сервера - {'response': 200}
2022-07-06 16:55:10,980 - INFO - client - Получен ответ от сервера - 200 : OK
2022-07-06 16:55:10,980 - DEBUG - utils - Wed Jul  6 16:55:10 2022 - функция response_analysis вызвана из функции get_answer
2022-07-06 16:55:10,980 - INFO - client - Сообщение в правильной кодировке получено - 200 : OK
2022-07-06 16:55:10,980 - DEBUG - utils - Wed Jul  6 16:55:10 2022 - функция get_answer вызвана из функции main
2022-07-06 16:55:10,980 - INFO - client - Пришёл ответ от сервера - 200 : OK
2022-07-06 16:55:11,006 - DEBUG - client - Запрос списка известных пользователей cl2
2022-07-06 16:55:11,786 - DEBUG - utils - Wed Jul  6 16:55:11 2022 - функция user_list_request вызвана из функции load_db
2022-07-06 16:55:11,821 - DEBUG - client - Запрос контакт листа для пользователя cl2
2022-07-06 16:55:11,821 - DEBUG - client - Сформирован запрос {'action': 'get_contacts', 'time': 'Wed Jul  6 16:55:11 2022', 'user': 'cl2'}
2022-07-06 16:55:12,595 - DEBUG - client - Получен ответ {'response': 202, 'data_list': []}
2022-07-06 16:55:12,596 - DEBUG - utils - Wed Jul  6 16:55:12 2022 - функция contacts_list_request вызвана из функции load_db
2022-07-06 16:55:12,596 - DEBUG - utils - Wed Jul  6 16:55:12 2022 - функция load_db вызвана из функции main
2022-07-06 16:55:27,431 - DEBUG - client - Запрос списка известных пользователей cl2
2022-07-06 16:55:27,880 - DEBUG - utils - Wed Jul  6 16:55:27 2022 - функция user_list_request вызвана из функции load_db
2022-07-06 16:55:27,904 - DEBUG - client - Запрос контакт листа для пользователя cl2
2022-07-06 16:55:27,905 - DEBUG - client - Сформирован запрос {'action': 'get_contacts', 'time': 'Wed Jul  6 16:55:27 2022', 'user': 'cl2'}
2022-07-06 16:55:28,704 - DEBUG - client - Получен ответ {'response': 202, 'data_list': []}
2022-07-06 16:55:28,705 - DEBUG - utils - Wed Jul  6 16:55:28 2022 - функция contacts_list_request вызвана из функции load_db
2022-07-06 16:55:28,705 - DEBUG - utils - Wed Jul  6 16:55:28 2022 - функция load_db вызвана из функции create_message
2022-07-06 16:55:28,708 - DEBUG - client - Сформеровано сообщение: {'action': 'message', 'time': 'Wed Jul  6 16:55:28 2022', 'addresser': 'cl2', 'to': 'cl1', 'mess_text': 'Hello cl1'}
2022-07-06 16:55:29,917 - DEBUG - client - Сообщение для пользователя cl1 отправлено успешно
2022-07-06 16:55:29,917 - DEBUG - utils - Wed Jul  6 16:55:29 2022 - функция create_message вызвана из функции run
2022-07-06 16:55:30,334 - INFO - client - Получено сообщение от пользователя cl2:
Hello cl1
2022-07-06 16:55:45,496 - DEBUG - client - Запрос списка известных пользователей cl1
2022-07-06 16:55:45,666 - DEBUG - utils - Wed Jul  6 16:55:45 2022 - функция user_list_request вызвана из функции load_db
2022-07-06 16:55:45,687 - DEBUG - client - Запрос контакт листа для пользователя cl1
2022-07-06 16:55:45,687 - DEBUG - client - Сформирован запрос {'action': 'get_contacts', 'time': 'Wed Jul  6 16:55:45 2022', 'user': 'cl1'}
2022-07-06 16:55:46,475 - DEBUG - client - Получен ответ {'response': 202, 'data_list': []}
2022-07-06 16:55:46,475 - DEBUG - utils - Wed Jul  6 16:55:46 2022 - функция contacts_list_request вызвана из функции load_db
2022-07-06 16:55:46,475 - DEBUG - utils - Wed Jul  6 16:55:46 2022 - функция load_db вызвана из функции create_message
2022-07-06 16:55:46,478 - DEBUG - client - Сформеровано сообщение: {'action': 'message', 'time': 'Wed Jul  6 16:55:46 2022', 'addresser': 'cl1', 'to': 'cl2', 'mess_text': 'Hello cl2'}
2022-07-06 16:55:47,691 - DEBUG - client - Сообщение для пользователя cl2 отправлено успешно
2022-07-06 16:55:47,691 - DEBUG - utils - Wed Jul  6 16:55:47 2022 - функция create_message вызвана из функции run
2022-07-06 16:55:48,082 - INFO - client - Получено сообщение от пользователя cl1:
Hello cl2
2022-07-06 16:56:04,562 - DEBUG - utils - Wed Jul  6 16:56:04 2022 - функция create_out_message вызвана из функции run
2022-07-06 16:56:04,565 - INFO - client - Пользователь завершил работу программы командой.
2022-07-06 16:56:09,757 - DEBUG - utils - Wed Jul  6 16:56:09 2022 - функция create_out_message вызвана из функции run
2022-07-06 16:56:09,759 - INFO - client - Пользователь завершил работу программы командой.
