2022-07-06 16:54:59,798 - DEBUG - client - Получение корректных данных для соединения с сервером
2022-07-06 16:54:59,798 - DEBUG - client - Проверка аргументов
2022-07-06 16:54:59,810 - DEBUG - utils - Wed Jul  6 16:54:59 2022 - функция check_argv вызвана из функции data_connect_serv
2022-07-06 16:54:59,810 - DEBUG - client - Проверка аргументов
2022-07-06 16:54:59,810 - DEBUG - utils - Wed Jul  6 16:54:59 2022 - функция check_argv вызвана из функции data_connect_serv
2022-07-06 16:54:59,810 - DEBUG - client - Проверка аргументов
2022-07-06 16:54:59,810 - DEBUG - utils - Wed Jul  6 16:54:59 2022 - функция check_argv вызвана из функции data_connect_serv
2022-07-06 16:55:02,240 - INFO - client - Установлены адрес сервера 127.0.0.1, порт сервера 7777 по умолчанию так как они не были введены. Имя клиента cl1.
2022-07-06 16:55:02,240 - DEBUG - utils - Wed Jul  6 16:55:02 2022 - функция data_connect_serv вызвана из функции main
2022-07-06 16:55:02,240 - INFO - client - Старт работы клиента с параметрами: адрес сервера - 127.0.0.1, порт: 7777, имя пользователя cl1.
2022-07-06 16:55:02,240 - DEBUG - client - Выполняется запрос присутствия клиента
2022-07-06 16:55:02,240 - DEBUG - client - Запрос присутствия клиента выполнен успешно для пользователя cl1
2022-07-06 16:55:02,240 - DEBUG - utils - Wed Jul  6 16:55:02 2022 - функция request_presence вызвана из функции main
2022-07-06 16:55:02,240 - INFO - client - Сообщение для сервера сформировано успешно.
2022-07-06 16:55:02,243 - INFO - client - Сообщение для сервера отправлено успешно.
2022-07-06 16:55:02,243 - DEBUG - client - Попытка получения сообщения из сокета в правильной кодировке
2022-07-06 16:55:03,080 - DEBUG - client - Выполняется разбор ответа сервера - {'response': 200}
2022-07-06 16:55:03,080 - INFO - client - Получен ответ от сервера - 200 : OK
2022-07-06 16:55:03,081 - DEBUG - utils - Wed Jul  6 16:55:03 2022 - функция response_analysis вызвана из функции get_answer
2022-07-06 16:55:03,081 - INFO - client - Сообщение в правильной кодировке получено - 200 : OK
2022-07-06 16:55:03,081 - DEBUG - utils - Wed Jul  6 16:55:03 2022 - функция get_answer вызвана из функции main
2022-07-06 16:55:03,081 - INFO - client - Пришёл ответ от сервера - 200 : OK
2022-07-06 16:55:03,107 - DEBUG - client - Запрос списка известных пользователей cl1
2022-07-06 16:55:03,890 - DEBUG - utils - Wed Jul  6 16:55:03 2022 - функция user_list_request вызвана из функции load_db
2022-07-06 16:55:03,908 - DEBUG - client - Запрос контакт листа для пользователя cl1
2022-07-06 16:55:03,908 - DEBUG - client - Сформирован запрос {'action': 'get_contacts', 'time': 'Wed Jul  6 16:55:03 2022', 'user': 'cl1'}
2022-07-06 16:55:04,701 - DEBUG - client - Получен ответ {'response': 202, 'data_list': []}
2022-07-06 16:55:04,702 - DEBUG - utils - Wed Jul  6 16:55:04 2022 - функция contacts_list_request вызвана из функции load_db
2022-07-06 16:55:04,702 - DEBUG - utils - Wed Jul  6 16:55:04 2022 - функция load_db вызвана из функции main
2022-07-06 16:55:08,289 - DEBUG - client - Получение корректных данных для соединения с сервером
2022-07-06 16:55:08,289 - DEBUG - client - Проверка аргументов
2022-07-06 16:55:08,301 - DEBUG - utils - Wed Jul  6 16:55:08 2022 - функция check_argv вызвана из функции data_connect_serv
2022-07-06 16:55:08,301 - DEBUG - client - Проверка аргументов
2022-07-06 16:55:08,301 - DEBUG - utils - Wed Jul  6 16:55:08 2022 - функция check_argv вызвана из функции data_connect_serv
2022-07-06 16:55:08,301 - DEBUG - client - Проверка аргументов
2022-07-06 16:55:08,301 - DEBUG - utils - Wed Jul  6 16:55:08 2022 - функция check_argv вызвана из функции data_connect_serv
2022-07-06 16:55:10,135 - INFO - client - Установлены адрес сервера 127.0.0.1, порт сервера 7777 по умолчанию так как они не были введены. Имя клиента cl2.
2022-07-06 16:55:10,136 - DEBUG - utils - Wed Jul  6 16:55:10 2022 - функция data_connect_serv вызвана из функции main
2022-07-06 16:55:10,136 - INFO - client - Старт работы клиента с параметрами: адрес сервера - 127.0.0.1, порт: 7777, имя пользователя cl2.
2022-07-06 16:55:10,136 - DEBUG - client - Выполняется запрос присутствия клиента
2022-07-06 16:55:10,136 - DEBUG - client - Запрос присутствия клиента выполнен успешно для пользователя cl2
2022-07-06 16:55:10,136 - DEBUG - utils - Wed Jul  6 16:55:10 2022 - функция request_presence вызвана из функции main
2022-07-06 16:55:10,136 - INFO - client - Сообщение для сервера сформировано успешно.
2022-07-06 16:55:10,138 - INFO - client - Сообщение для сервера отправлено успешно.
2022-07-06 16:55:10,138 - DEBUG - client - Попытка получения сообщения из сокета в правильной кодировке
2022-07-06 16:55:10,979 - DEBUG - client - Выполняется разбор ответа сервера - {'response': 200}
2022-07-06 16:55:10,980 - INFO - client - Получен ответ от сервера - 200 : OK
2022-07-06 16:55:10,980 - DEBUG - utils - Wed Jul  6 16:55:10 2022 - функция response_analysis вызвана из функции get_answer
2022-07-06 16:55:10,980 - INFO - client - Сообщение в правильной кодировке получено - 200 : OK
2022-07-06 16:55:10,980 - DEBUG - utils - Wed Jul  6 16:55:10 2022 - функция get_answer вызвана из функции main
2022-07-06 16:55:10,980 - INFO - client - Пришёл ответ от сервера - 200 : OK
2022-07-06 16:55:11,006 - DEBUG - client - Запрос списка известных пользователей cl2
2022-07-06 16:55:11,786 - DEBUG - utils - Wed Jul  6 16:55:11 2022 - функция user_list_request вызвана из функции load_db
2022-07-06 16:55:11,821 - DEBUG - client - Запрос контакт листа для пользователя cl2
2022-07-06 16:55:11,821 - DEBUG - client - Сформирован запрос {'action': 'get_contacts', 'time': 'Wed Jul  6 16:55:11 2022', 'user': 'cl2'}
2022-07-06 16:55:12,595 - DEBUG - client - Получен ответ {'response': 202, 'data_list': []}
2022-07-06 16:55:12,596 - DEBUG - utils - Wed Jul  6 16:55:12 2022 - функция contacts_list_request вызвана из функции load_db
2022-07-06 16:55:12,596 - DEBUG - utils - Wed Jul  6 16:55:12 2022 - функция load_db вызвана из функции main
2022-07-06 16:55:27,431 - DEBUG - client - Запрос списка известных пользователей cl2
2022-07-06 16:55:27,880 - DEBUG - utils - Wed Jul  6 16:55:27 2022 - функция user_list_request вызвана из функции load_db
2022-07-06 16:55:27,904 - DEBUG - client - Запрос контакт листа для пользователя cl2
2022-07-06 16:55:27,905 - DEBUG - client - Сформирован запрос {'action': 'get_contacts', 'time': 'Wed Jul  6 16:55:27 2022', 'user': 'cl2'}
2022-07-06 16:55:28,704 - DEBUG - client - Получен ответ {'response': 202, 'data_list': []}
2022-07-06 16:55:28,705 - DEBUG - utils - Wed Jul  6 16:55:28 2022 - функция contacts_list_request вызвана из функции load_db
2022-07-06 16:55:28,705 - DEBUG - utils - Wed Jul  6 16:55:28 2022 - функция load_db вызвана из функции create_message
2022-07-06 16:55:28,708 - DEBUG - client - Сформеровано сообщение: {'action': 'message', 'time': 'Wed Jul  6 16:55:28 2022', 'addresser': 'cl2', 'to': 'cl1', 'mess_text': 'Hello cl1'}
2022-07-06 16:55:29,917 - DEBUG - client - Сообщение для пользователя cl1 отправлено успешно
2022-07-06 16:55:29,917 - DEBUG - utils - Wed Jul  6 16:55:29 2022 - функция create_message вызвана из функции run
2022-07-06 16:55:30,334 - INFO - client - Получено сообщение от пользователя cl2:
Hello cl1
2022-07-06 16:55:45,496 - DEBUG - client - Запрос списка известных пользователей cl1
2022-07-06 16:55:45,666 - DEBUG - utils - Wed Jul  6 16:55:45 2022 - функция user_list_request вызвана из функции load_db
2022-07-06 16:55:45,687 - DEBUG - client - Запрос контакт листа для пользователя cl1
2022-07-06 16:55:45,687 - DEBUG - client - Сформирован запрос {'action': 'get_contacts', 'time': 'Wed Jul  6 16:55:45 2022', 'user': 'cl1'}
2022-07-06 16:55:46,475 - DEBUG - client - Получен ответ {'response': 202, 'data_list': []}
2022-07-06 16:55:46,475 - DEBUG - utils - Wed Jul  6 16:55:46 2022 - функция contacts_list_request вызвана из функции load_db
2022-07-06 16:55:46,475 - DEBUG - utils - Wed Jul  6 16:55:46 2022 - функция load_db вызвана из функции create_message
2022-07-06 16:55:46,478 - DEBUG - client - Сформеровано сообщение: {'action': 'message', 'time': 'Wed Jul  6 16:55:46 2022', 'addresser': 'cl1', 'to': 'cl2', 'mess_text': 'Hello cl2'}
2022-07-06 16:55:47,691 - DEBUG - client - Сообщение для пользователя cl2 отправлено успешно
2022-07-06 16:55:47,691 - DEBUG - utils - Wed Jul  6 16:55:47 2022 - функция create_message вызвана из функции run
2022-07-06 16:55:48,082 - INFO - client - Получено сообщение от пользователя cl1:
Hello cl2
2022-07-06 16:56:04,562 - DEBUG - utils - Wed Jul  6 16:56:04 2022 - функция create_out_message вызвана из функции run
2022-07-06 16:56:04,565 - INFO - client - Пользователь завершил работу программы командой.
2022-07-06 16:56:09,757 - DEBUG - utils - Wed Jul  6 16:56:09 2022 - функция create_out_message вызвана из функции run
2022-07-06 16:56:09,759 - INFO - client - Пользователь завершил работу программы командой.
2022-07-08 14:41:39,637 - DEBUG - client - Получение корректных данных для соединения с сервером
2022-07-08 14:41:39,637 - DEBUG - client - Проверка аргументов
2022-07-08 14:41:39,650 - DEBUG - utils - Fri Jul  8 14:41:39 2022 - функция check_argv вызвана из функции data_connect_serv
2022-07-08 14:41:39,650 - DEBUG - client - Проверка аргументов
2022-07-08 14:41:39,650 - DEBUG - utils - Fri Jul  8 14:41:39 2022 - функция check_argv вызвана из функции data_connect_serv
2022-07-08 14:41:39,650 - DEBUG - client - Проверка аргументов
2022-07-08 14:41:39,650 - DEBUG - utils - Fri Jul  8 14:41:39 2022 - функция check_argv вызвана из функции data_connect_serv
2022-07-08 14:41:48,134 - INFO - client - Установлены адрес сервера 127.0.0.1, порт сервера 7777 по умолчанию так как они не были введены. Имя клиента cl1.
2022-07-08 14:41:48,134 - DEBUG - utils - Fri Jul  8 14:41:48 2022 - функция data_connect_serv вызвана из функции main
2022-07-08 14:41:48,134 - INFO - client - Старт работы клиента с параметрами: адрес сервера - 127.0.0.1, порт: 7777, имя пользователя cl1.
2022-07-08 14:41:48,134 - DEBUG - client - Выполняется запрос присутствия клиента
2022-07-08 14:41:48,134 - DEBUG - client - Запрос присутствия клиента выполнен успешно для пользователя cl1
2022-07-08 14:41:48,134 - DEBUG - utils - Fri Jul  8 14:41:48 2022 - функция request_presence вызвана из функции main
2022-07-08 14:41:48,134 - INFO - client - Сообщение для сервера сформировано успешно.
2022-07-08 14:41:48,136 - INFO - client - Сообщение для сервера отправлено успешно.
2022-07-08 14:41:48,136 - DEBUG - client - Попытка получения сообщения из сокета в правильной кодировке
2022-07-08 14:41:48,174 - DEBUG - client - Выполняется разбор ответа сервера - {'response': 200}
2022-07-08 14:41:48,174 - INFO - client - Получен ответ от сервера - 200 : OK
2022-07-08 14:41:48,175 - DEBUG - utils - Fri Jul  8 14:41:48 2022 - функция response_analysis вызвана из функции get_answer
2022-07-08 14:41:48,175 - INFO - client - Сообщение в правильной кодировке получено - 200 : OK
2022-07-08 14:41:48,175 - DEBUG - utils - Fri Jul  8 14:41:48 2022 - функция get_answer вызвана из функции main
2022-07-08 14:41:48,175 - INFO - client - Пришёл ответ от сервера - 200 : OK
2022-07-08 14:41:48,268 - DEBUG - client - Запрос списка известных пользователей cl1
2022-07-08 14:41:49,011 - DEBUG - utils - Fri Jul  8 14:41:49 2022 - функция user_list_request вызвана из функции load_db
2022-07-08 14:41:49,025 - DEBUG - client - Запрос контакт листа для пользователя cl1
2022-07-08 14:41:49,025 - DEBUG - client - Сформирован запрос {'action': 'get_contacts', 'time': 'Fri Jul  8 14:41:49 2022', 'user': 'cl1'}
2022-07-08 14:41:49,824 - DEBUG - client - Получен ответ {'response': 202, 'data_list': []}
2022-07-08 14:41:49,824 - DEBUG - utils - Fri Jul  8 14:41:49 2022 - функция contacts_list_request вызвана из функции load_db
2022-07-08 14:41:49,824 - DEBUG - utils - Fri Jul  8 14:41:49 2022 - функция load_db вызвана из функции main
2022-07-08 14:42:55,831 - DEBUG - utils - Fri Jul  8 14:42:55 2022 - функция create_out_message вызвана из функции run
2022-07-08 14:42:55,833 - INFO - client - Пользователь завершил работу программы командой.
2022-07-08 14:50:19,111 - DEBUG - client - Получение корректных данных для соединения с сервером
2022-07-08 14:50:19,111 - DEBUG - client - Проверка аргументов
2022-07-08 14:50:19,122 - DEBUG - utils - Fri Jul  8 14:50:19 2022 - функция check_argv вызвана из функции data_connect_serv
2022-07-08 14:50:19,122 - DEBUG - client - Проверка аргументов
2022-07-08 14:50:19,122 - DEBUG - utils - Fri Jul  8 14:50:19 2022 - функция check_argv вызвана из функции data_connect_serv
2022-07-08 14:50:19,122 - DEBUG - client - Проверка аргументов
2022-07-08 14:50:19,123 - DEBUG - utils - Fri Jul  8 14:50:19 2022 - функция check_argv вызвана из функции data_connect_serv
2022-07-08 14:50:24,480 - INFO - client - Установлены адрес сервера 127.0.0.1, порт сервера 7777 по умолчанию так как они не были введены. Имя клиента cl1.
2022-07-08 14:50:24,480 - DEBUG - utils - Fri Jul  8 14:50:24 2022 - функция data_connect_serv вызвана из функции main
2022-07-08 14:50:24,480 - INFO - client - Старт работы клиента с параметрами: адрес сервера - 127.0.0.1, порт: 7777, имя пользователя cl1.
2022-07-08 14:50:24,480 - DEBUG - client - Выполняется запрос присутствия клиента
2022-07-08 14:50:24,480 - DEBUG - client - Запрос присутствия клиента выполнен успешно для пользователя cl1
2022-07-08 14:50:24,480 - DEBUG - utils - Fri Jul  8 14:50:24 2022 - функция request_presence вызвана из функции main
2022-07-08 14:50:24,480 - INFO - client - Сообщение для сервера сформировано успешно.
2022-07-08 14:50:24,482 - INFO - client - Сообщение для сервера отправлено успешно.
2022-07-08 14:50:24,482 - DEBUG - client - Попытка получения сообщения из сокета в правильной кодировке
2022-07-08 14:50:25,301 - DEBUG - client - Выполняется разбор ответа сервера - {'response': 200}
2022-07-08 14:50:25,301 - INFO - client - Получен ответ от сервера - 200 : OK
2022-07-08 14:50:25,301 - DEBUG - utils - Fri Jul  8 14:50:25 2022 - функция response_analysis вызвана из функции get_answer
2022-07-08 14:50:25,301 - INFO - client - Сообщение в правильной кодировке получено - 200 : OK
2022-07-08 14:50:25,301 - DEBUG - utils - Fri Jul  8 14:50:25 2022 - функция get_answer вызвана из функции main
2022-07-08 14:50:25,301 - INFO - client - Пришёл ответ от сервера - 200 : OK
2022-07-08 14:50:25,318 - DEBUG - client - Запрос списка известных пользователей cl1
2022-07-08 14:50:26,110 - DEBUG - utils - Fri Jul  8 14:50:26 2022 - функция user_list_request вызвана из функции load_db
2022-07-08 14:50:26,136 - DEBUG - client - Запрос контакт листа для пользователя cl1
2022-07-08 14:50:26,136 - DEBUG - client - Сформирован запрос {'action': 'get_contacts', 'time': 'Fri Jul  8 14:50:26 2022', 'user': 'cl1'}
2022-07-08 14:50:26,919 - DEBUG - client - Получен ответ {'response': 202, 'data_list': []}
2022-07-08 14:50:26,919 - DEBUG - utils - Fri Jul  8 14:50:26 2022 - функция contacts_list_request вызвана из функции load_db
2022-07-08 14:50:26,919 - DEBUG - utils - Fri Jul  8 14:50:26 2022 - функция load_db вызвана из функции main
2022-07-08 14:50:56,831 - DEBUG - utils - Fri Jul  8 14:50:56 2022 - функция create_out_message вызвана из функции run
2022-07-08 14:50:56,833 - INFO - client - Пользователь завершил работу программы командой.
2022-07-08 14:57:55,793 - DEBUG - client - Получение корректных данных для соединения с сервером
2022-07-08 14:57:55,794 - DEBUG - client - Проверка аргументов
2022-07-08 14:57:55,806 - DEBUG - utils - Fri Jul  8 14:57:55 2022 - функция check_argv вызвана из функции data_connect_serv
2022-07-08 14:57:55,806 - DEBUG - client - Проверка аргументов
2022-07-08 14:57:55,806 - DEBUG - utils - Fri Jul  8 14:57:55 2022 - функция check_argv вызвана из функции data_connect_serv
2022-07-08 14:57:55,806 - DEBUG - client - Проверка аргументов
2022-07-08 14:57:55,806 - DEBUG - utils - Fri Jul  8 14:57:55 2022 - функция check_argv вызвана из функции data_connect_serv
2022-07-08 14:57:58,055 - INFO - client - Установлены адрес сервера 127.0.0.1, порт сервера 7777 по умолчанию так как они не были введены. Имя клиента cl1.
2022-07-08 14:57:58,055 - DEBUG - utils - Fri Jul  8 14:57:58 2022 - функция data_connect_serv вызвана из функции main
2022-07-08 14:57:58,055 - INFO - client - Старт работы клиента с параметрами: адрес сервера - 127.0.0.1, порт: 7777, имя пользователя cl1.
2022-07-08 14:57:58,056 - DEBUG - client - Выполняется запрос присутствия клиента
2022-07-08 14:57:58,056 - DEBUG - client - Запрос присутствия клиента выполнен успешно для пользователя cl1
2022-07-08 14:57:58,056 - DEBUG - utils - Fri Jul  8 14:57:58 2022 - функция request_presence вызвана из функции main
2022-07-08 14:57:58,056 - INFO - client - Сообщение для сервера сформировано успешно.
2022-07-08 14:57:58,058 - INFO - client - Сообщение для сервера отправлено успешно.
2022-07-08 14:57:58,058 - DEBUG - client - Попытка получения сообщения из сокета в правильной кодировке
2022-07-08 14:57:58,920 - DEBUG - client - Выполняется разбор ответа сервера - {'response': 200}
2022-07-08 14:57:58,920 - INFO - client - Получен ответ от сервера - 200 : OK
2022-07-08 14:57:58,920 - DEBUG - utils - Fri Jul  8 14:57:58 2022 - функция response_analysis вызвана из функции get_answer
2022-07-08 14:57:58,920 - INFO - client - Сообщение в правильной кодировке получено - 200 : OK
2022-07-08 14:57:58,920 - DEBUG - utils - Fri Jul  8 14:57:58 2022 - функция get_answer вызвана из функции main
2022-07-08 14:57:58,920 - INFO - client - Пришёл ответ от сервера - 200 : OK
2022-07-08 14:57:58,937 - DEBUG - client - Запрос списка известных пользователей cl1
2022-07-08 14:57:59,739 - DEBUG - utils - Fri Jul  8 14:57:59 2022 - функция user_list_request вызвана из функции load_db
2022-07-08 14:57:59,759 - DEBUG - client - Запрос контакт листа для пользователя cl1
2022-07-08 14:57:59,759 - DEBUG - client - Сформирован запрос {'action': 'get_contacts', 'time': 'Fri Jul  8 14:57:59 2022', 'user': 'cl1'}
2022-07-08 14:58:00,547 - DEBUG - client - Получен ответ {'response': 202, 'data_list': []}
2022-07-08 14:58:00,547 - DEBUG - utils - Fri Jul  8 14:58:00 2022 - функция contacts_list_request вызвана из функции load_db
2022-07-08 14:58:00,547 - DEBUG - utils - Fri Jul  8 14:58:00 2022 - функция load_db вызвана из функции main
2022-07-08 14:58:51,459 - DEBUG - utils - Fri Jul  8 14:58:51 2022 - функция create_out_message вызвана из функции run
2022-07-08 14:58:51,461 - INFO - client - Пользователь завершил работу программы командой.
2022-07-08 17:07:34,349 - DEBUG - client - Получение корректных данных для соединения с сервером
2022-07-08 17:07:34,424 - DEBUG - client - Проверка аргументов
2022-07-08 17:07:34,436 - DEBUG - utils - Fri Jul  8 17:07:34 2022 - функция check_argv вызвана из функции data_connect_serv
2022-07-08 17:07:34,436 - DEBUG - client - Проверка аргументов
2022-07-08 17:07:34,436 - DEBUG - utils - Fri Jul  8 17:07:34 2022 - функция check_argv вызвана из функции data_connect_serv
2022-07-08 17:07:34,436 - DEBUG - client - Проверка аргументов
2022-07-08 17:07:34,436 - DEBUG - utils - Fri Jul  8 17:07:34 2022 - функция check_argv вызвана из функции data_connect_serv
2022-07-08 17:07:38,139 - INFO - client - Установлены адрес сервера 127.0.0.1, порт сервера 7777 по умолчанию так как они не были введены. Имя клиента cl1.
2022-07-08 17:07:38,140 - DEBUG - utils - Fri Jul  8 17:07:38 2022 - функция data_connect_serv вызвана из функции main
2022-07-08 17:07:38,140 - INFO - client - Старт работы клиента с параметрами: адрес сервера - 127.0.0.1, порт: 7777, имя пользователя cl1.
2022-07-08 17:07:38,140 - DEBUG - client - Выполняется запрос присутствия клиента
2022-07-08 17:07:38,140 - DEBUG - client - Запрос присутствия клиента выполнен успешно для пользователя cl1
2022-07-08 17:07:38,140 - DEBUG - utils - Fri Jul  8 17:07:38 2022 - функция request_presence вызвана из функции main
2022-07-08 17:07:38,140 - INFO - client - Сообщение для сервера сформировано успешно.
2022-07-08 17:07:38,142 - INFO - client - Сообщение для сервера отправлено успешно.
2022-07-08 17:07:38,142 - DEBUG - client - Попытка получения сообщения из сокета в правильной кодировке
2022-07-08 17:07:38,168 - DEBUG - client - Выполняется разбор ответа сервера - {'response': 200}
2022-07-08 17:07:38,168 - INFO - client - Получен ответ от сервера - 200 : OK
2022-07-08 17:07:38,168 - DEBUG - utils - Fri Jul  8 17:07:38 2022 - функция response_analysis вызвана из функции get_answer
2022-07-08 17:07:38,168 - INFO - client - Сообщение в правильной кодировке получено - 200 : OK
2022-07-08 17:07:38,168 - DEBUG - utils - Fri Jul  8 17:07:38 2022 - функция get_answer вызвана из функции main
2022-07-08 17:07:38,168 - INFO - client - Пришёл ответ от сервера - 200 : OK
2022-07-08 17:07:38,244 - DEBUG - client - Запрос списка известных пользователей cl1
2022-07-08 17:07:38,975 - DEBUG - utils - Fri Jul  8 17:07:38 2022 - функция user_list_request вызвана из функции load_db
2022-07-08 17:07:38,992 - DEBUG - client - Запрос контакт листа для пользователя cl1
2022-07-08 17:07:38,992 - DEBUG - client - Сформирован запрос {'action': 'get_contacts', 'time': 'Fri Jul  8 17:07:38 2022', 'user': 'cl1'}
2022-07-08 17:07:39,796 - DEBUG - client - Получен ответ {'response': 202, 'data_list': []}
2022-07-08 17:07:39,796 - DEBUG - utils - Fri Jul  8 17:07:39 2022 - функция contacts_list_request вызвана из функции load_db
2022-07-08 17:07:39,797 - DEBUG - utils - Fri Jul  8 17:07:39 2022 - функция load_db вызвана из функции main
2022-07-08 17:08:01,954 - DEBUG - client - Получение корректных данных для соединения с сервером
2022-07-08 17:08:01,954 - DEBUG - client - Проверка аргументов
2022-07-08 17:08:01,967 - DEBUG - utils - Fri Jul  8 17:08:01 2022 - функция check_argv вызвана из функции data_connect_serv
2022-07-08 17:08:01,967 - DEBUG - client - Проверка аргументов
2022-07-08 17:08:01,967 - DEBUG - utils - Fri Jul  8 17:08:01 2022 - функция check_argv вызвана из функции data_connect_serv
2022-07-08 17:08:01,967 - DEBUG - client - Проверка аргументов
2022-07-08 17:08:01,968 - DEBUG - utils - Fri Jul  8 17:08:01 2022 - функция check_argv вызвана из функции data_connect_serv
2022-07-08 17:08:05,259 - INFO - client - Установлены адрес сервера 127.0.0.1, порт сервера 7777 по умолчанию так как они не были введены. Имя клиента cl2.
2022-07-08 17:08:05,260 - DEBUG - utils - Fri Jul  8 17:08:05 2022 - функция data_connect_serv вызвана из функции main
2022-07-08 17:08:05,260 - INFO - client - Старт работы клиента с параметрами: адрес сервера - 127.0.0.1, порт: 7777, имя пользователя cl2.
2022-07-08 17:08:05,260 - DEBUG - client - Выполняется запрос присутствия клиента
2022-07-08 17:08:05,260 - DEBUG - client - Запрос присутствия клиента выполнен успешно для пользователя cl2
2022-07-08 17:08:05,260 - DEBUG - utils - Fri Jul  8 17:08:05 2022 - функция request_presence вызвана из функции main
2022-07-08 17:08:05,260 - INFO - client - Сообщение для сервера сформировано успешно.
2022-07-08 17:08:05,262 - INFO - client - Сообщение для сервера отправлено успешно.
2022-07-08 17:08:05,262 - DEBUG - client - Попытка получения сообщения из сокета в правильной кодировке
2022-07-08 17:08:06,087 - DEBUG - client - Выполняется разбор ответа сервера - {'response': 200}
2022-07-08 17:08:06,088 - INFO - client - Получен ответ от сервера - 200 : OK
2022-07-08 17:08:06,088 - DEBUG - utils - Fri Jul  8 17:08:06 2022 - функция response_analysis вызвана из функции get_answer
2022-07-08 17:08:06,088 - INFO - client - Сообщение в правильной кодировке получено - 200 : OK
2022-07-08 17:08:06,088 - DEBUG - utils - Fri Jul  8 17:08:06 2022 - функция get_answer вызвана из функции main
2022-07-08 17:08:06,088 - INFO - client - Пришёл ответ от сервера - 200 : OK
2022-07-08 17:08:06,123 - DEBUG - client - Запрос списка известных пользователей cl2
2022-07-08 17:08:06,896 - DEBUG - utils - Fri Jul  8 17:08:06 2022 - функция user_list_request вызвана из функции load_db
2022-07-08 17:08:06,930 - DEBUG - client - Запрос контакт листа для пользователя cl2
2022-07-08 17:08:06,930 - DEBUG - client - Сформирован запрос {'action': 'get_contacts', 'time': 'Fri Jul  8 17:08:06 2022', 'user': 'cl2'}
2022-07-08 17:08:07,703 - DEBUG - client - Получен ответ {'response': 202, 'data_list': []}
2022-07-08 17:08:07,703 - DEBUG - utils - Fri Jul  8 17:08:07 2022 - функция contacts_list_request вызвана из функции load_db
2022-07-08 17:08:07,703 - DEBUG - utils - Fri Jul  8 17:08:07 2022 - функция load_db вызвана из функции main
2022-07-08 17:08:37,395 - DEBUG - client - Запрос списка известных пользователей cl2
2022-07-08 17:08:37,435 - DEBUG - utils - Fri Jul  8 17:08:37 2022 - функция user_list_request вызвана из функции load_db
2022-07-08 17:08:37,467 - DEBUG - client - Запрос контакт листа для пользователя cl2
2022-07-08 17:08:37,467 - DEBUG - client - Сформирован запрос {'action': 'get_contacts', 'time': 'Fri Jul  8 17:08:37 2022', 'user': 'cl2'}
2022-07-08 17:08:38,253 - DEBUG - client - Получен ответ {'response': 202, 'data_list': []}
2022-07-08 17:08:38,253 - DEBUG - utils - Fri Jul  8 17:08:38 2022 - функция contacts_list_request вызвана из функции load_db
2022-07-08 17:08:38,254 - DEBUG - utils - Fri Jul  8 17:08:38 2022 - функция load_db вызвана из функции create_message
2022-07-08 17:08:38,257 - DEBUG - client - Сформеровано сообщение: {'action': 'message', 'time': 'Fri Jul  8 17:08:38 2022', 'addresser': 'cl2', 'to': 'cl1', 'mess_text': 'Hello cl1'}
2022-07-08 17:08:39,474 - DEBUG - client - Сообщение для пользователя cl1 отправлено успешно
2022-07-08 17:08:39,474 - DEBUG - utils - Fri Jul  8 17:08:39 2022 - функция create_message вызвана из функции run
2022-07-08 17:08:39,861 - INFO - client - Получено сообщение от пользователя cl2:
Hello cl1
2022-07-08 17:10:03,501 - DEBUG - utils - Fri Jul  8 17:10:03 2022 - функция history_print вызвана из функции run
2022-07-08 17:10:24,114 - DEBUG - utils - Fri Jul  8 17:10:24 2022 - функция create_out_message вызвана из функции run
2022-07-08 17:10:24,116 - INFO - client - Пользователь завершил работу программы командой.
2022-07-08 17:10:29,130 - DEBUG - utils - Fri Jul  8 17:10:29 2022 - функция create_out_message вызвана из функции run
2022-07-08 17:10:29,132 - INFO - client - Пользователь завершил работу программы командой.
2022-07-08 17:15:29,681 - DEBUG - client - Получение корректных данных для соединения с сервером
2022-07-08 17:15:29,681 - DEBUG - client - Проверка аргументов
2022-07-08 17:15:29,694 - DEBUG - utils - Fri Jul  8 17:15:29 2022 - функция check_argv вызвана из функции data_connect_serv
2022-07-08 17:15:29,695 - DEBUG - client - Проверка аргументов
2022-07-08 17:15:29,695 - DEBUG - utils - Fri Jul  8 17:15:29 2022 - функция check_argv вызвана из функции data_connect_serv
2022-07-08 17:15:29,695 - DEBUG - client - Проверка аргументов
2022-07-08 17:15:29,695 - DEBUG - utils - Fri Jul  8 17:15:29 2022 - функция check_argv вызвана из функции data_connect_serv
2022-07-08 17:15:32,392 - INFO - client - Установлены адрес сервера 127.0.0.1, порт сервера 7777 по умолчанию так как они не были введены. Имя клиента cl1.
2022-07-08 17:15:32,392 - DEBUG - utils - Fri Jul  8 17:15:32 2022 - функция data_connect_serv вызвана из функции main
2022-07-08 17:15:32,392 - INFO - client - Старт работы клиента с параметрами: адрес сервера - 127.0.0.1, порт: 7777, имя пользователя cl1.
2022-07-08 17:15:32,393 - DEBUG - client - Выполняется запрос присутствия клиента
2022-07-08 17:15:32,393 - DEBUG - client - Запрос присутствия клиента выполнен успешно для пользователя cl1
2022-07-08 17:15:32,393 - DEBUG - utils - Fri Jul  8 17:15:32 2022 - функция request_presence вызвана из функции main
2022-07-08 17:15:32,393 - INFO - client - Сообщение для сервера сформировано успешно.
2022-07-08 17:15:32,395 - INFO - client - Сообщение для сервера отправлено успешно.
2022-07-08 17:15:32,395 - DEBUG - client - Попытка получения сообщения из сокета в правильной кодировке
2022-07-08 17:15:33,246 - DEBUG - client - Выполняется разбор ответа сервера - {'response': 200}
2022-07-08 17:15:33,246 - INFO - client - Получен ответ от сервера - 200 : OK
2022-07-08 17:15:33,246 - DEBUG - utils - Fri Jul  8 17:15:33 2022 - функция response_analysis вызвана из функции get_answer
2022-07-08 17:15:33,246 - INFO - client - Сообщение в правильной кодировке получено - 200 : OK
2022-07-08 17:15:33,246 - DEBUG - utils - Fri Jul  8 17:15:33 2022 - функция get_answer вызвана из функции main
2022-07-08 17:15:33,247 - INFO - client - Пришёл ответ от сервера - 200 : OK
2022-07-08 17:15:33,262 - DEBUG - client - Запрос списка известных пользователей cl1
2022-07-08 17:15:34,054 - DEBUG - utils - Fri Jul  8 17:15:34 2022 - функция user_list_request вызвана из функции load_db
2022-07-08 17:15:34,070 - DEBUG - client - Запрос контакт листа для пользователя cl1
2022-07-08 17:15:34,070 - DEBUG - client - Сформирован запрос {'action': 'get_contacts', 'time': 'Fri Jul  8 17:15:34 2022', 'user': 'cl1'}
2022-07-08 17:15:34,865 - DEBUG - client - Получен ответ {'response': 202, 'data_list': []}
2022-07-08 17:15:34,865 - DEBUG - utils - Fri Jul  8 17:15:34 2022 - функция contacts_list_request вызвана из функции load_db
2022-07-08 17:15:34,865 - DEBUG - utils - Fri Jul  8 17:15:34 2022 - функция load_db вызвана из функции main
2022-07-08 17:15:38,872 - DEBUG - client - Получение корректных данных для соединения с сервером
2022-07-08 17:15:38,872 - DEBUG - client - Проверка аргументов
2022-07-08 17:15:38,885 - DEBUG - utils - Fri Jul  8 17:15:38 2022 - функция check_argv вызвана из функции data_connect_serv
2022-07-08 17:15:38,886 - DEBUG - client - Проверка аргументов
2022-07-08 17:15:38,886 - DEBUG - utils - Fri Jul  8 17:15:38 2022 - функция check_argv вызвана из функции data_connect_serv
2022-07-08 17:15:38,886 - DEBUG - client - Проверка аргументов
2022-07-08 17:15:38,887 - DEBUG - utils - Fri Jul  8 17:15:38 2022 - функция check_argv вызвана из функции data_connect_serv
2022-07-08 17:15:41,048 - INFO - client - Установлены адрес сервера 127.0.0.1, порт сервера 7777 по умолчанию так как они не были введены. Имя клиента cl2.
2022-07-08 17:15:41,048 - DEBUG - utils - Fri Jul  8 17:15:41 2022 - функция data_connect_serv вызвана из функции main
2022-07-08 17:15:41,048 - INFO - client - Старт работы клиента с параметрами: адрес сервера - 127.0.0.1, порт: 7777, имя пользователя cl2.
2022-07-08 17:15:41,049 - DEBUG - client - Выполняется запрос присутствия клиента
2022-07-08 17:15:41,049 - DEBUG - client - Запрос присутствия клиента выполнен успешно для пользователя cl2
2022-07-08 17:15:41,049 - DEBUG - utils - Fri Jul  8 17:15:41 2022 - функция request_presence вызвана из функции main
2022-07-08 17:15:41,049 - INFO - client - Сообщение для сервера сформировано успешно.
2022-07-08 17:15:41,051 - INFO - client - Сообщение для сервера отправлено успешно.
2022-07-08 17:15:41,051 - DEBUG - client - Попытка получения сообщения из сокета в правильной кодировке
2022-07-08 17:15:41,870 - DEBUG - client - Выполняется разбор ответа сервера - {'response': 200}
2022-07-08 17:15:41,870 - INFO - client - Получен ответ от сервера - 200 : OK
2022-07-08 17:15:41,870 - DEBUG - utils - Fri Jul  8 17:15:41 2022 - функция response_analysis вызвана из функции get_answer
2022-07-08 17:15:41,870 - INFO - client - Сообщение в правильной кодировке получено - 200 : OK
2022-07-08 17:15:41,870 - DEBUG - utils - Fri Jul  8 17:15:41 2022 - функция get_answer вызвана из функции main
2022-07-08 17:15:41,870 - INFO - client - Пришёл ответ от сервера - 200 : OK
2022-07-08 17:15:41,886 - DEBUG - client - Запрос списка известных пользователей cl2
2022-07-08 17:15:42,682 - DEBUG - utils - Fri Jul  8 17:15:42 2022 - функция user_list_request вызвана из функции load_db
2022-07-08 17:15:42,697 - DEBUG - client - Запрос контакт листа для пользователя cl2
2022-07-08 17:15:42,697 - DEBUG - client - Сформирован запрос {'action': 'get_contacts', 'time': 'Fri Jul  8 17:15:42 2022', 'user': 'cl2'}
2022-07-08 17:15:43,499 - DEBUG - client - Получен ответ {'response': 202, 'data_list': []}
2022-07-08 17:15:43,499 - DEBUG - utils - Fri Jul  8 17:15:43 2022 - функция contacts_list_request вызвана из функции load_db
2022-07-08 17:15:43,499 - DEBUG - utils - Fri Jul  8 17:15:43 2022 - функция load_db вызвана из функции main
2022-07-08 17:17:44,589 - DEBUG - client - Запрос списка известных пользователей cl2
2022-07-08 17:17:44,726 - DEBUG - utils - Fri Jul  8 17:17:44 2022 - функция user_list_request вызвана из функции load_db
2022-07-08 17:17:44,738 - DEBUG - client - Запрос контакт листа для пользователя cl2
2022-07-08 17:17:44,738 - DEBUG - client - Сформирован запрос {'action': 'get_contacts', 'time': 'Fri Jul  8 17:17:44 2022', 'user': 'cl2'}
2022-07-08 17:17:45,534 - DEBUG - client - Получен ответ {'response': 202, 'data_list': []}
2022-07-08 17:17:45,535 - DEBUG - utils - Fri Jul  8 17:17:45 2022 - функция contacts_list_request вызвана из функции load_db
2022-07-08 17:17:45,536 - DEBUG - utils - Fri Jul  8 17:17:45 2022 - функция load_db вызвана из функции create_message
2022-07-08 17:17:45,538 - DEBUG - client - Сформеровано сообщение: {'action': 'message', 'time': 'Fri Jul  8 17:17:45 2022', 'addresser': 'cl2', 'to': 'cl2', 'mess_text': 'Hello cl2'}
2022-07-08 17:17:45,565 - DEBUG - client - Сообщение для пользователя cl2 отправлено успешно
2022-07-08 17:17:45,566 - DEBUG - utils - Fri Jul  8 17:17:45 2022 - функция create_message вызвана из функции run
2022-07-08 17:17:46,345 - INFO - client - Получено сообщение от пользователя cl2:
Hello cl2
2022-07-08 17:20:21,169 - DEBUG - utils - Fri Jul  8 17:20:21 2022 - функция create_out_message вызвана из функции run
2022-07-08 17:20:21,172 - INFO - client - Пользователь завершил работу программы командой.
2022-07-08 17:20:25,871 - DEBUG - utils - Fri Jul  8 17:20:25 2022 - функция create_out_message вызвана из функции run
2022-07-08 17:20:25,872 - INFO - client - Пользователь завершил работу программы командой.
2022-07-08 17:29:13,516 - DEBUG - client - Получение корректных данных для соединения с сервером
2022-07-08 17:29:13,516 - DEBUG - client - Проверка аргументов
2022-07-08 17:29:13,529 - DEBUG - utils - Fri Jul  8 17:29:13 2022 - функция check_argv вызвана из функции data_connect_serv
2022-07-08 17:29:13,529 - DEBUG - client - Проверка аргументов
2022-07-08 17:29:13,530 - DEBUG - utils - Fri Jul  8 17:29:13 2022 - функция check_argv вызвана из функции data_connect_serv
2022-07-08 17:29:13,530 - DEBUG - client - Проверка аргументов
2022-07-08 17:29:13,530 - DEBUG - utils - Fri Jul  8 17:29:13 2022 - функция check_argv вызвана из функции data_connect_serv
2022-07-08 17:29:32,311 - DEBUG - client - Получение корректных данных для соединения с сервером
2022-07-08 17:29:32,311 - DEBUG - client - Проверка аргументов
2022-07-08 17:29:32,323 - DEBUG - utils - Fri Jul  8 17:29:32 2022 - функция check_argv вызвана из функции data_connect_serv
2022-07-08 17:29:32,323 - DEBUG - client - Проверка аргументов
2022-07-08 17:29:32,323 - DEBUG - utils - Fri Jul  8 17:29:32 2022 - функция check_argv вызвана из функции data_connect_serv
2022-07-08 17:29:32,323 - DEBUG - client - Проверка аргументов
2022-07-08 17:29:32,323 - DEBUG - utils - Fri Jul  8 17:29:32 2022 - функция check_argv вызвана из функции data_connect_serv
2022-07-08 17:29:36,026 - INFO - client - Установлены адрес сервера 127.0.0.1, порт сервера 7777 по умолчанию так как они не были введены. Имя клиента cl1.
2022-07-08 17:29:36,027 - DEBUG - utils - Fri Jul  8 17:29:36 2022 - функция data_connect_serv вызвана из функции main
2022-07-08 17:29:36,027 - INFO - client - Старт работы клиента с параметрами: адрес сервера - 127.0.0.1, порт: 7777, имя пользователя cl1.
2022-07-08 17:29:36,027 - DEBUG - client - Выполняется запрос присутствия клиента
2022-07-08 17:29:36,027 - DEBUG - client - Запрос присутствия клиента выполнен успешно для пользователя cl1
2022-07-08 17:29:36,027 - DEBUG - utils - Fri Jul  8 17:29:36 2022 - функция request_presence вызвана из функции main
2022-07-08 17:29:36,027 - INFO - client - Сообщение для сервера сформировано успешно.
2022-07-08 17:29:36,029 - INFO - client - Сообщение для сервера отправлено успешно.
2022-07-08 17:29:36,029 - DEBUG - client - Попытка получения сообщения из сокета в правильной кодировке
2022-07-08 17:29:36,847 - DEBUG - client - Выполняется разбор ответа сервера - {'response': 200}
2022-07-08 17:29:36,847 - INFO - client - Получен ответ от сервера - 200 : OK
2022-07-08 17:29:36,848 - DEBUG - utils - Fri Jul  8 17:29:36 2022 - функция response_analysis вызвана из функции get_answer
2022-07-08 17:29:36,848 - INFO - client - Сообщение в правильной кодировке получено - 200 : OK
2022-07-08 17:29:36,848 - DEBUG - utils - Fri Jul  8 17:29:36 2022 - функция get_answer вызвана из функции main
2022-07-08 17:29:36,848 - INFO - client - Пришёл ответ от сервера - 200 : OK
2022-07-08 17:29:36,865 - DEBUG - client - Запрос списка известных пользователей cl1
2022-07-08 17:29:37,667 - DEBUG - utils - Fri Jul  8 17:29:37 2022 - функция user_list_request вызвана из функции load_db
2022-07-08 17:29:37,681 - DEBUG - client - Запрос контакт листа для пользователя cl1
2022-07-08 17:29:37,681 - DEBUG - client - Сформирован запрос {'action': 'get_contacts', 'time': 'Fri Jul  8 17:29:37 2022', 'user': 'cl1'}
2022-07-08 17:29:38,477 - DEBUG - client - Получен ответ {'response': 202, 'data_list': []}
2022-07-08 17:29:38,478 - DEBUG - utils - Fri Jul  8 17:29:38 2022 - функция contacts_list_request вызвана из функции load_db
2022-07-08 17:29:38,478 - DEBUG - utils - Fri Jul  8 17:29:38 2022 - функция load_db вызвана из функции main
2022-07-08 17:30:00,164 - DEBUG - client - Запрос списка известных пользователей cl1
2022-07-08 17:30:00,312 - DEBUG - utils - Fri Jul  8 17:30:00 2022 - функция user_list_request вызвана из функции load_db
2022-07-08 17:30:00,338 - DEBUG - client - Запрос контакт листа для пользователя cl1
2022-07-08 17:30:00,338 - DEBUG - client - Сформирован запрос {'action': 'get_contacts', 'time': 'Fri Jul  8 17:30:00 2022', 'user': 'cl1'}
2022-07-08 17:30:01,118 - DEBUG - client - Получен ответ {'response': 202, 'data_list': []}
2022-07-08 17:30:01,118 - DEBUG - utils - Fri Jul  8 17:30:01 2022 - функция contacts_list_request вызвана из функции load_db
2022-07-08 17:30:01,118 - DEBUG - utils - Fri Jul  8 17:30:01 2022 - функция load_db вызвана из функции create_message
2022-07-08 17:30:01,120 - DEBUG - client - Сформеровано сообщение: {'action': 'message', 'time': 'Fri Jul  8 17:30:01 2022', 'addresser': 'cl1', 'to': 'cl1', 'mess_text': 'Hello me'}
2022-07-08 17:30:01,127 - INFO - client - Попытка пользователя cl1 отправить сообщение самому себе!
2022-07-08 17:30:01,128 - DEBUG - utils - Fri Jul  8 17:30:01 2022 - функция create_message вызвана из функции run
2022-07-08 17:30:26,661 - DEBUG - utils - Fri Jul  8 17:30:26 2022 - функция create_out_message вызвана из функции run
2022-07-08 17:30:26,663 - INFO - client - Пользователь завершил работу программы командой.
2022-07-08 17:33:51,284 - DEBUG - client - Получение корректных данных для соединения с сервером
2022-07-08 17:33:51,284 - DEBUG - client - Проверка аргументов
2022-07-08 17:33:51,295 - DEBUG - utils - Fri Jul  8 17:33:51 2022 - функция check_argv вызвана из функции data_connect_serv
2022-07-08 17:33:51,296 - DEBUG - client - Проверка аргументов
2022-07-08 17:33:51,296 - DEBUG - utils - Fri Jul  8 17:33:51 2022 - функция check_argv вызвана из функции data_connect_serv
2022-07-08 17:33:51,296 - DEBUG - client - Проверка аргументов
2022-07-08 17:33:51,296 - DEBUG - utils - Fri Jul  8 17:33:51 2022 - функция check_argv вызвана из функции data_connect_serv
2022-07-08 17:33:53,881 - INFO - client - Установлены адрес сервера 127.0.0.1, порт сервера 7777 по умолчанию так как они не были введены. Имя клиента cl1.
2022-07-08 17:33:53,881 - DEBUG - utils - Fri Jul  8 17:33:53 2022 - функция data_connect_serv вызвана из функции main
2022-07-08 17:33:53,881 - INFO - client - Старт работы клиента с параметрами: адрес сервера - 127.0.0.1, порт: 7777, имя пользователя cl1.
2022-07-08 17:33:53,881 - DEBUG - client - Выполняется запрос присутствия клиента
2022-07-08 17:33:53,881 - DEBUG - client - Запрос присутствия клиента выполнен успешно для пользователя cl1
2022-07-08 17:33:53,881 - DEBUG - utils - Fri Jul  8 17:33:53 2022 - функция request_presence вызвана из функции main
2022-07-08 17:33:53,881 - INFO - client - Сообщение для сервера сформировано успешно.
2022-07-08 17:33:53,883 - INFO - client - Сообщение для сервера отправлено успешно.
2022-07-08 17:33:53,883 - DEBUG - client - Попытка получения сообщения из сокета в правильной кодировке
2022-07-08 17:33:54,700 - DEBUG - client - Выполняется разбор ответа сервера - {'response': 200}
2022-07-08 17:33:54,700 - INFO - client - Получен ответ от сервера - 200 : OK
2022-07-08 17:33:54,700 - DEBUG - utils - Fri Jul  8 17:33:54 2022 - функция response_analysis вызвана из функции get_answer
2022-07-08 17:33:54,700 - INFO - client - Сообщение в правильной кодировке получено - 200 : OK
2022-07-08 17:33:54,700 - DEBUG - utils - Fri Jul  8 17:33:54 2022 - функция get_answer вызвана из функции main
2022-07-08 17:33:54,700 - INFO - client - Пришёл ответ от сервера - 200 : OK
2022-07-08 17:33:54,715 - DEBUG - client - Запрос списка известных пользователей cl1
2022-07-08 17:33:55,512 - DEBUG - utils - Fri Jul  8 17:33:55 2022 - функция user_list_request вызвана из функции load_db
2022-07-08 17:33:55,529 - DEBUG - client - Запрос контакт листа для пользователя cl1
2022-07-08 17:33:55,529 - DEBUG - client - Сформирован запрос {'action': 'get_contacts', 'time': 'Fri Jul  8 17:33:55 2022', 'user': 'cl1'}
2022-07-08 17:33:56,340 - DEBUG - client - Получен ответ {'response': 202, 'data_list': []}
2022-07-08 17:33:56,341 - DEBUG - utils - Fri Jul  8 17:33:56 2022 - функция contacts_list_request вызвана из функции load_db
2022-07-08 17:33:56,341 - DEBUG - utils - Fri Jul  8 17:33:56 2022 - функция load_db вызвана из функции main
2022-07-08 17:34:15,643 - DEBUG - client - Запрос списка известных пользователей cl1
2022-07-08 17:34:15,792 - DEBUG - utils - Fri Jul  8 17:34:15 2022 - функция user_list_request вызвана из функции load_db
2022-07-08 17:34:15,814 - DEBUG - client - Запрос контакт листа для пользователя cl1
2022-07-08 17:34:15,814 - DEBUG - client - Сформирован запрос {'action': 'get_contacts', 'time': 'Fri Jul  8 17:34:15 2022', 'user': 'cl1'}
2022-07-08 17:34:16,606 - DEBUG - client - Получен ответ {'response': 202, 'data_list': []}
2022-07-08 17:34:16,606 - DEBUG - utils - Fri Jul  8 17:34:16 2022 - функция contacts_list_request вызвана из функции load_db
2022-07-08 17:34:16,606 - DEBUG - utils - Fri Jul  8 17:34:16 2022 - функция load_db вызвана из функции create_message
2022-07-08 17:34:16,607 - DEBUG - client - Сформеровано сообщение: {'action': 'message', 'time': 'Fri Jul  8 17:34:16 2022', 'addresser': 'cl1', 'to': 'cl1', 'mess_text': 'Hello'}
2022-07-08 17:34:16,608 - INFO - client - Попытка пользователя cl1 отправить сообщение самому себе!
2022-07-08 17:34:16,608 - DEBUG - utils - Fri Jul  8 17:34:16 2022 - функция create_message вызвана из функции run
2022-07-08 17:34:39,260 - DEBUG - client - Получение корректных данных для соединения с сервером
2022-07-08 17:34:39,260 - DEBUG - client - Проверка аргументов
2022-07-08 17:34:39,271 - DEBUG - utils - Fri Jul  8 17:34:39 2022 - функция check_argv вызвана из функции data_connect_serv
2022-07-08 17:34:39,271 - DEBUG - client - Проверка аргументов
2022-07-08 17:34:39,271 - DEBUG - utils - Fri Jul  8 17:34:39 2022 - функция check_argv вызвана из функции data_connect_serv
2022-07-08 17:34:39,271 - DEBUG - client - Проверка аргументов
2022-07-08 17:34:39,271 - DEBUG - utils - Fri Jul  8 17:34:39 2022 - функция check_argv вызвана из функции data_connect_serv
2022-07-08 17:34:42,728 - INFO - client - Установлены адрес сервера 127.0.0.1, порт сервера 7777 по умолчанию так как они не были введены. Имя клиента cl2.
2022-07-08 17:34:42,728 - DEBUG - utils - Fri Jul  8 17:34:42 2022 - функция data_connect_serv вызвана из функции main
2022-07-08 17:34:42,728 - INFO - client - Старт работы клиента с параметрами: адрес сервера - 127.0.0.1, порт: 7777, имя пользователя cl2.
2022-07-08 17:34:42,729 - DEBUG - client - Выполняется запрос присутствия клиента
2022-07-08 17:34:42,729 - DEBUG - client - Запрос присутствия клиента выполнен успешно для пользователя cl2
2022-07-08 17:34:42,729 - DEBUG - utils - Fri Jul  8 17:34:42 2022 - функция request_presence вызвана из функции main
2022-07-08 17:34:42,729 - INFO - client - Сообщение для сервера сформировано успешно.
2022-07-08 17:34:42,731 - INFO - client - Сообщение для сервера отправлено успешно.
2022-07-08 17:34:42,731 - DEBUG - client - Попытка получения сообщения из сокета в правильной кодировке
2022-07-08 17:34:43,592 - DEBUG - client - Выполняется разбор ответа сервера - {'response': 200}
2022-07-08 17:34:43,592 - INFO - client - Получен ответ от сервера - 200 : OK
2022-07-08 17:34:43,592 - DEBUG - utils - Fri Jul  8 17:34:43 2022 - функция response_analysis вызвана из функции get_answer
2022-07-08 17:34:43,592 - INFO - client - Сообщение в правильной кодировке получено - 200 : OK
2022-07-08 17:34:43,593 - DEBUG - utils - Fri Jul  8 17:34:43 2022 - функция get_answer вызвана из функции main
2022-07-08 17:34:43,593 - INFO - client - Пришёл ответ от сервера - 200 : OK
2022-07-08 17:34:43,608 - DEBUG - client - Запрос списка известных пользователей cl2
2022-07-08 17:34:44,403 - DEBUG - utils - Fri Jul  8 17:34:44 2022 - функция user_list_request вызвана из функции load_db
2022-07-08 17:34:44,671 - DEBUG - client - Запрос контакт листа для пользователя cl2
2022-07-08 17:34:44,671 - DEBUG - client - Сформирован запрос {'action': 'get_contacts', 'time': 'Fri Jul  8 17:34:44 2022', 'user': 'cl2'}
2022-07-08 17:34:45,222 - DEBUG - client - Получен ответ {'response': 202, 'data_list': []}
2022-07-08 17:34:45,223 - DEBUG - utils - Fri Jul  8 17:34:45 2022 - функция contacts_list_request вызвана из функции load_db
2022-07-08 17:34:45,223 - DEBUG - utils - Fri Jul  8 17:34:45 2022 - функция load_db вызвана из функции main
2022-07-08 17:34:57,277 - DEBUG - client - Запрос списка известных пользователей cl2
2022-07-08 17:34:57,335 - DEBUG - utils - Fri Jul  8 17:34:57 2022 - функция user_list_request вызвана из функции load_db
2022-07-08 17:34:57,368 - DEBUG - client - Запрос контакт листа для пользователя cl2
2022-07-08 17:34:57,368 - DEBUG - client - Сформирован запрос {'action': 'get_contacts', 'time': 'Fri Jul  8 17:34:57 2022', 'user': 'cl2'}
2022-07-08 17:34:58,143 - DEBUG - client - Получен ответ {'response': 202, 'data_list': []}
2022-07-08 17:34:58,144 - DEBUG - utils - Fri Jul  8 17:34:58 2022 - функция contacts_list_request вызвана из функции load_db
2022-07-08 17:34:58,144 - DEBUG - utils - Fri Jul  8 17:34:58 2022 - функция load_db вызвана из функции create_message
2022-07-08 17:34:58,147 - DEBUG - client - Сформеровано сообщение: {'action': 'message', 'time': 'Fri Jul  8 17:34:58 2022', 'addresser': 'cl2', 'to': 'cl1', 'mess_text': 'Hello cl1'}
2022-07-08 17:34:58,149 - DEBUG - client - Сообщение для пользователя cl1 отправлено успешно
2022-07-08 17:34:58,156 - DEBUG - utils - Fri Jul  8 17:34:58 2022 - функция create_message вызвана из функции run
2022-07-08 17:34:58,950 - INFO - client - Получено сообщение от пользователя cl2:
Hello cl1
2022-07-08 17:37:14,662 - DEBUG - utils - Fri Jul  8 17:37:14 2022 - функция create_out_message вызвана из функции run
2022-07-08 17:37:14,664 - INFO - client - Пользователь завершил работу программы командой.
2022-07-08 17:37:19,895 - DEBUG - utils - Fri Jul  8 17:37:19 2022 - функция create_out_message вызвана из функции run
2022-07-08 17:37:19,898 - INFO - client - Пользователь завершил работу программы командой.
2022-07-08 19:32:30,856 - DEBUG - client - Получение корректных данных для соединения с сервером
2022-07-08 19:32:30,856 - DEBUG - client - Проверка аргументов
2022-07-08 19:32:30,867 - DEBUG - utils - Fri Jul  8 19:32:30 2022 - функция check_argv вызвана из функции data_connect_serv
2022-07-08 19:32:30,867 - DEBUG - client - Проверка аргументов
2022-07-08 19:32:30,868 - DEBUG - utils - Fri Jul  8 19:32:30 2022 - функция check_argv вызвана из функции data_connect_serv
2022-07-08 19:32:30,868 - DEBUG - client - Проверка аргументов
2022-07-08 19:32:30,868 - DEBUG - utils - Fri Jul  8 19:32:30 2022 - функция check_argv вызвана из функции data_connect_serv
2022-07-08 19:32:34,880 - INFO - client - Установлены адрес сервера 127.0.0.1, порт сервера 7777 по умолчанию так как они не были введены. Имя клиента cl1.
2022-07-08 19:32:34,880 - DEBUG - utils - Fri Jul  8 19:32:34 2022 - функция data_connect_serv вызвана из функции main
2022-07-08 19:32:34,880 - INFO - client - Старт работы клиента с параметрами: адрес сервера - 127.0.0.1, порт: 7777, имя пользователя cl1.
2022-07-08 19:32:34,881 - DEBUG - client - Выполняется запрос присутствия клиента
2022-07-08 19:32:34,881 - DEBUG - client - Запрос присутствия клиента выполнен успешно для пользователя cl1
2022-07-08 19:32:34,881 - DEBUG - utils - Fri Jul  8 19:32:34 2022 - функция request_presence вызвана из функции main
2022-07-08 19:32:34,881 - INFO - client - Сообщение для сервера сформировано успешно.
2022-07-08 19:32:34,883 - INFO - client - Сообщение для сервера отправлено успешно.
2022-07-08 19:32:34,883 - DEBUG - client - Попытка получения сообщения из сокета в правильной кодировке
2022-07-08 19:32:35,699 - DEBUG - client - Выполняется разбор ответа сервера - {'response': 200}
2022-07-08 19:32:35,699 - INFO - client - Получен ответ от сервера - 200 : OK
2022-07-08 19:32:35,699 - DEBUG - utils - Fri Jul  8 19:32:35 2022 - функция response_analysis вызвана из функции get_answer
2022-07-08 19:32:35,699 - INFO - client - Сообщение в правильной кодировке получено - 200 : OK
2022-07-08 19:32:35,699 - DEBUG - utils - Fri Jul  8 19:32:35 2022 - функция get_answer вызвана из функции main
2022-07-08 19:32:35,699 - INFO - client - Пришёл ответ от сервера - 200 : OK
2022-07-08 19:32:35,714 - DEBUG - client - Запрос списка известных пользователей cl1
2022-07-08 19:32:36,532 - DEBUG - utils - Fri Jul  8 19:32:36 2022 - функция user_list_request вызвана из функции load_db
2022-07-08 19:32:36,548 - DEBUG - client - Запрос контакт листа для пользователя cl1
2022-07-08 19:32:36,548 - DEBUG - client - Сформирован запрос {'action': 'get_contacts', 'time': 'Fri Jul  8 19:32:36 2022', 'user': 'cl1'}
2022-07-08 19:32:37,343 - DEBUG - client - Получен ответ {'response': 202, 'data_list': []}
2022-07-08 19:32:37,343 - DEBUG - utils - Fri Jul  8 19:32:37 2022 - функция contacts_list_request вызвана из функции load_db
2022-07-08 19:32:37,343 - DEBUG - utils - Fri Jul  8 19:32:37 2022 - функция load_db вызвана из функции main
2022-07-08 19:32:46,222 - DEBUG - client - Получение корректных данных для соединения с сервером
2022-07-08 19:32:46,223 - DEBUG - client - Проверка аргументов
2022-07-08 19:32:46,234 - DEBUG - utils - Fri Jul  8 19:32:46 2022 - функция check_argv вызвана из функции data_connect_serv
2022-07-08 19:32:46,234 - DEBUG - client - Проверка аргументов
2022-07-08 19:32:46,234 - DEBUG - utils - Fri Jul  8 19:32:46 2022 - функция check_argv вызвана из функции data_connect_serv
2022-07-08 19:32:46,234 - DEBUG - client - Проверка аргументов
2022-07-08 19:32:46,235 - DEBUG - utils - Fri Jul  8 19:32:46 2022 - функция check_argv вызвана из функции data_connect_serv
2022-07-08 19:32:49,112 - INFO - client - Установлены адрес сервера 127.0.0.1, порт сервера 7777 по умолчанию так как они не были введены. Имя клиента cl2.
2022-07-08 19:32:49,112 - DEBUG - utils - Fri Jul  8 19:32:49 2022 - функция data_connect_serv вызвана из функции main
2022-07-08 19:32:49,112 - INFO - client - Старт работы клиента с параметрами: адрес сервера - 127.0.0.1, порт: 7777, имя пользователя cl2.
2022-07-08 19:32:49,112 - DEBUG - client - Выполняется запрос присутствия клиента
2022-07-08 19:32:49,112 - DEBUG - client - Запрос присутствия клиента выполнен успешно для пользователя cl2
2022-07-08 19:32:49,112 - DEBUG - utils - Fri Jul  8 19:32:49 2022 - функция request_presence вызвана из функции main
2022-07-08 19:32:49,112 - INFO - client - Сообщение для сервера сформировано успешно.
2022-07-08 19:32:49,114 - INFO - client - Сообщение для сервера отправлено успешно.
2022-07-08 19:32:49,115 - DEBUG - client - Попытка получения сообщения из сокета в правильной кодировке
2022-07-08 19:32:49,953 - DEBUG - client - Выполняется разбор ответа сервера - {'response': 200}
2022-07-08 19:32:49,953 - INFO - client - Получен ответ от сервера - 200 : OK
2022-07-08 19:32:49,953 - DEBUG - utils - Fri Jul  8 19:32:49 2022 - функция response_analysis вызвана из функции get_answer
2022-07-08 19:32:49,954 - INFO - client - Сообщение в правильной кодировке получено - 200 : OK
2022-07-08 19:32:49,954 - DEBUG - utils - Fri Jul  8 19:32:49 2022 - функция get_answer вызвана из функции main
2022-07-08 19:32:49,954 - INFO - client - Пришёл ответ от сервера - 200 : OK
2022-07-08 19:32:49,968 - DEBUG - client - Запрос списка известных пользователей cl2
2022-07-08 19:32:50,776 - DEBUG - utils - Fri Jul  8 19:32:50 2022 - функция user_list_request вызвана из функции load_db
2022-07-08 19:32:50,794 - DEBUG - client - Запрос контакт листа для пользователя cl2
2022-07-08 19:32:50,794 - DEBUG - client - Сформирован запрос {'action': 'get_contacts', 'time': 'Fri Jul  8 19:32:50 2022', 'user': 'cl2'}
2022-07-08 19:32:51,583 - DEBUG - client - Получен ответ {'response': 202, 'data_list': []}
2022-07-08 19:32:51,584 - DEBUG - utils - Fri Jul  8 19:32:51 2022 - функция contacts_list_request вызвана из функции load_db
2022-07-08 19:32:51,584 - DEBUG - utils - Fri Jul  8 19:32:51 2022 - функция load_db вызвана из функции main
2022-07-08 19:33:04,624 - DEBUG - client - Запрос списка известных пользователей cl1
2022-07-08 19:33:05,255 - DEBUG - utils - Fri Jul  8 19:33:05 2022 - функция user_list_request вызвана из функции load_db
2022-07-08 19:33:05,268 - DEBUG - client - Запрос контакт листа для пользователя cl1
2022-07-08 19:33:05,268 - DEBUG - client - Сформирован запрос {'action': 'get_contacts', 'time': 'Fri Jul  8 19:33:05 2022', 'user': 'cl1'}
2022-07-08 19:33:06,064 - DEBUG - client - Получен ответ {'response': 202, 'data_list': []}
2022-07-08 19:33:06,065 - DEBUG - utils - Fri Jul  8 19:33:06 2022 - функция contacts_list_request вызвана из функции load_db
2022-07-08 19:33:06,065 - DEBUG - utils - Fri Jul  8 19:33:06 2022 - функция load_db вызвана из функции create_message
2022-07-08 19:33:06,070 - DEBUG - client - Сформеровано сообщение: {'action': 'message', 'time': 'Fri Jul  8 19:33:06 2022', 'addresser': 'cl1', 'to': 'cl2', 'mess_text': 'Hello'}
2022-07-08 19:33:07,273 - DEBUG - client - Сообщение для пользователя cl2 отправлено успешно
2022-07-08 19:33:07,279 - DEBUG - utils - Fri Jul  8 19:33:07 2022 - функция create_message вызвана из функции run
2022-07-08 19:33:07,688 - INFO - client - Получено сообщение от пользователя cl1:
Hello
2022-07-08 19:33:48,666 - DEBUG - utils - Fri Jul  8 19:33:48 2022 - функция create_out_message вызвана из функции run
2022-07-08 19:33:48,668 - INFO - client - Пользователь завершил работу программы командой.
2022-07-08 19:33:53,072 - DEBUG - utils - Fri Jul  8 19:33:53 2022 - функция create_out_message вызвана из функции run
2022-07-08 19:33:53,075 - INFO - client - Пользователь завершил работу программы командой.
2022-07-08 19:39:03,074 - DEBUG - client - Получение корректных данных для соединения с сервером
2022-07-08 19:39:03,074 - DEBUG - client - Проверка аргументов
2022-07-08 19:39:03,085 - DEBUG - utils - Fri Jul  8 19:39:03 2022 - функция check_argv вызвана из функции data_connect_serv
2022-07-08 19:39:03,085 - DEBUG - client - Проверка аргументов
2022-07-08 19:39:03,085 - DEBUG - utils - Fri Jul  8 19:39:03 2022 - функция check_argv вызвана из функции data_connect_serv
2022-07-08 19:39:03,085 - DEBUG - client - Проверка аргументов
2022-07-08 19:39:03,085 - DEBUG - utils - Fri Jul  8 19:39:03 2022 - функция check_argv вызвана из функции data_connect_serv
2022-07-08 19:39:05,970 - INFO - client - Установлены адрес сервера 127.0.0.1, порт сервера 7777 по умолчанию так как они не были введены. Имя клиента cl1.
2022-07-08 19:39:05,970 - DEBUG - utils - Fri Jul  8 19:39:05 2022 - функция data_connect_serv вызвана из функции main
2022-07-08 19:39:05,971 - INFO - client - Старт работы клиента с параметрами: адрес сервера - 127.0.0.1, порт: 7777, имя пользователя cl1.
2022-07-08 19:39:05,971 - DEBUG - client - Выполняется запрос присутствия клиента
2022-07-08 19:39:05,971 - DEBUG - client - Запрос присутствия клиента выполнен успешно для пользователя cl1
2022-07-08 19:39:05,971 - DEBUG - utils - Fri Jul  8 19:39:05 2022 - функция request_presence вызвана из функции main
2022-07-08 19:39:05,971 - INFO - client - Сообщение для сервера сформировано успешно.
2022-07-08 19:39:05,973 - INFO - client - Сообщение для сервера отправлено успешно.
2022-07-08 19:39:05,973 - DEBUG - client - Попытка получения сообщения из сокета в правильной кодировке
2022-07-08 19:39:06,801 - DEBUG - client - Выполняется разбор ответа сервера - {'response': 200}
2022-07-08 19:39:06,801 - INFO - client - Получен ответ от сервера - 200 : OK
2022-07-08 19:39:06,801 - DEBUG - utils - Fri Jul  8 19:39:06 2022 - функция response_analysis вызвана из функции get_answer
2022-07-08 19:39:06,801 - INFO - client - Сообщение в правильной кодировке получено - 200 : OK
2022-07-08 19:39:06,801 - DEBUG - utils - Fri Jul  8 19:39:06 2022 - функция get_answer вызвана из функции main
2022-07-08 19:39:06,801 - INFO - client - Пришёл ответ от сервера - 200 : OK
2022-07-08 19:39:06,820 - DEBUG - client - Запрос списка известных пользователей cl1
2022-07-08 19:39:07,623 - DEBUG - utils - Fri Jul  8 19:39:07 2022 - функция user_list_request вызвана из функции load_db
2022-07-08 19:39:07,637 - DEBUG - client - Запрос контакт листа для пользователя cl1
2022-07-08 19:39:07,638 - DEBUG - client - Сформирован запрос {'action': 'get_contacts', 'time': 'Fri Jul  8 19:39:07 2022', 'user': 'cl1'}
2022-07-08 19:39:08,430 - DEBUG - client - Получен ответ {'response': 202, 'data_list': []}
2022-07-08 19:39:08,431 - DEBUG - utils - Fri Jul  8 19:39:08 2022 - функция contacts_list_request вызвана из функции load_db
2022-07-08 19:39:08,431 - DEBUG - utils - Fri Jul  8 19:39:08 2022 - функция load_db вызвана из функции main
2022-07-08 19:39:15,472 - DEBUG - client - Получение корректных данных для соединения с сервером
2022-07-08 19:39:15,472 - DEBUG - client - Проверка аргументов
2022-07-08 19:39:15,485 - DEBUG - utils - Fri Jul  8 19:39:15 2022 - функция check_argv вызвана из функции data_connect_serv
2022-07-08 19:39:15,485 - DEBUG - client - Проверка аргументов
2022-07-08 19:39:15,485 - DEBUG - utils - Fri Jul  8 19:39:15 2022 - функция check_argv вызвана из функции data_connect_serv
2022-07-08 19:39:15,485 - DEBUG - client - Проверка аргументов
2022-07-08 19:39:15,485 - DEBUG - utils - Fri Jul  8 19:39:15 2022 - функция check_argv вызвана из функции data_connect_serv
2022-07-08 19:39:17,122 - INFO - client - Установлены адрес сервера 127.0.0.1, порт сервера 7777 по умолчанию так как они не были введены. Имя клиента cl2.
2022-07-08 19:39:17,122 - DEBUG - utils - Fri Jul  8 19:39:17 2022 - функция data_connect_serv вызвана из функции main
2022-07-08 19:39:17,122 - INFO - client - Старт работы клиента с параметрами: адрес сервера - 127.0.0.1, порт: 7777, имя пользователя cl2.
2022-07-08 19:39:17,122 - DEBUG - client - Выполняется запрос присутствия клиента
2022-07-08 19:39:17,123 - DEBUG - client - Запрос присутствия клиента выполнен успешно для пользователя cl2
2022-07-08 19:39:17,123 - DEBUG - utils - Fri Jul  8 19:39:17 2022 - функция request_presence вызвана из функции main
2022-07-08 19:39:17,123 - INFO - client - Сообщение для сервера сформировано успешно.
2022-07-08 19:39:17,125 - INFO - client - Сообщение для сервера отправлено успешно.
2022-07-08 19:39:17,125 - DEBUG - client - Попытка получения сообщения из сокета в правильной кодировке
2022-07-08 19:39:17,143 - DEBUG - client - Выполняется разбор ответа сервера - {'response': 200}
2022-07-08 19:39:17,143 - INFO - client - Получен ответ от сервера - 200 : OK
2022-07-08 19:39:17,144 - DEBUG - utils - Fri Jul  8 19:39:17 2022 - функция response_analysis вызвана из функции get_answer
2022-07-08 19:39:17,144 - INFO - client - Сообщение в правильной кодировке получено - 200 : OK
2022-07-08 19:39:17,144 - DEBUG - utils - Fri Jul  8 19:39:17 2022 - функция get_answer вызвана из функции main
2022-07-08 19:39:17,144 - INFO - client - Пришёл ответ от сервера - 200 : OK
2022-07-08 19:39:17,162 - DEBUG - client - Запрос списка известных пользователей cl2
2022-07-08 19:39:17,992 - DEBUG - utils - Fri Jul  8 19:39:17 2022 - функция user_list_request вызвана из функции load_db
2022-07-08 19:39:18,008 - DEBUG - client - Запрос контакт листа для пользователя cl2
2022-07-08 19:39:18,008 - DEBUG - client - Сформирован запрос {'action': 'get_contacts', 'time': 'Fri Jul  8 19:39:18 2022', 'user': 'cl2'}
2022-07-08 19:39:18,804 - DEBUG - client - Получен ответ {'response': 202, 'data_list': []}
2022-07-08 19:39:18,804 - DEBUG - utils - Fri Jul  8 19:39:18 2022 - функция contacts_list_request вызвана из функции load_db
2022-07-08 19:39:18,804 - DEBUG - utils - Fri Jul  8 19:39:18 2022 - функция load_db вызвана из функции main
2022-07-08 19:39:32,730 - DEBUG - client - Запрос списка известных пользователей cl1
2022-07-08 19:39:33,356 - DEBUG - utils - Fri Jul  8 19:39:33 2022 - функция user_list_request вызвана из функции load_db
2022-07-08 19:39:33,380 - DEBUG - client - Запрос контакт листа для пользователя cl1
2022-07-08 19:39:33,380 - DEBUG - client - Сформирован запрос {'action': 'get_contacts', 'time': 'Fri Jul  8 19:39:33 2022', 'user': 'cl1'}
2022-07-08 19:39:34,165 - DEBUG - client - Получен ответ {'response': 202, 'data_list': []}
2022-07-08 19:39:34,166 - DEBUG - utils - Fri Jul  8 19:39:34 2022 - функция contacts_list_request вызвана из функции load_db
2022-07-08 19:39:34,166 - DEBUG - utils - Fri Jul  8 19:39:34 2022 - функция load_db вызвана из функции create_message
2022-07-08 19:39:34,170 - DEBUG - client - Сформеровано сообщение: {'action': 'message', 'time': 'Fri Jul  8 19:39:34 2022', 'addresser': 'cl1', 'to': 'cl2', 'mess_text': 'Hello cl2'}
2022-07-08 19:39:35,377 - DEBUG - client - Сообщение для пользователя cl2 отправлено успешно
2022-07-08 19:39:35,382 - DEBUG - utils - Fri Jul  8 19:39:35 2022 - функция create_message вызвана из функции run
2022-07-08 19:39:36,906 - INFO - client - Получено сообщение от пользователя cl1:
Hello cl2
2022-07-08 19:43:03,647 - DEBUG - utils - Fri Jul  8 19:43:03 2022 - функция create_out_message вызвана из функции run
2022-07-08 19:43:03,649 - INFO - client - Пользователь завершил работу программы командой.
2022-07-08 19:43:13,978 - DEBUG - utils - Fri Jul  8 19:43:13 2022 - функция create_out_message вызвана из функции run
2022-07-08 19:43:13,980 - INFO - client - Пользователь завершил работу программы командой.
2022-07-08 19:53:09,255 - DEBUG - client - Получение корректных данных для соединения с сервером
2022-07-08 19:53:09,255 - DEBUG - client - Проверка аргументов
2022-07-08 19:53:09,266 - DEBUG - utils - Fri Jul  8 19:53:09 2022 - функция check_argv вызвана из функции data_connect_serv
2022-07-08 19:53:09,266 - DEBUG - client - Проверка аргументов
2022-07-08 19:53:09,266 - DEBUG - utils - Fri Jul  8 19:53:09 2022 - функция check_argv вызвана из функции data_connect_serv
2022-07-08 19:53:09,266 - DEBUG - client - Проверка аргументов
2022-07-08 19:53:09,267 - DEBUG - utils - Fri Jul  8 19:53:09 2022 - функция check_argv вызвана из функции data_connect_serv
2022-07-08 19:53:11,694 - INFO - client - Установлены адрес сервера 127.0.0.1, порт сервера 7777 по умолчанию так как они не были введены. Имя клиента cl1.
2022-07-08 19:53:11,695 - DEBUG - utils - Fri Jul  8 19:53:11 2022 - функция data_connect_serv вызвана из функции main
2022-07-08 19:53:11,695 - INFO - client - Старт работы клиента с параметрами: адрес сервера - 127.0.0.1, порт: 7777, имя пользователя cl1.
2022-07-08 19:53:11,695 - DEBUG - client - Выполняется запрос присутствия клиента
2022-07-08 19:53:11,695 - DEBUG - client - Запрос присутствия клиента выполнен успешно для пользователя cl1
2022-07-08 19:53:11,695 - DEBUG - utils - Fri Jul  8 19:53:11 2022 - функция request_presence вызвана из функции main
2022-07-08 19:53:11,695 - INFO - client - Сообщение для сервера сформировано успешно.
2022-07-08 19:53:11,697 - INFO - client - Сообщение для сервера отправлено успешно.
2022-07-08 19:53:11,697 - DEBUG - client - Попытка получения сообщения из сокета в правильной кодировке
2022-07-08 19:53:12,532 - DEBUG - client - Выполняется разбор ответа сервера - {'response': 200}
2022-07-08 19:53:12,533 - INFO - client - Получен ответ от сервера - 200 : OK
2022-07-08 19:53:12,533 - DEBUG - utils - Fri Jul  8 19:53:12 2022 - функция response_analysis вызвана из функции get_answer
2022-07-08 19:53:12,533 - INFO - client - Сообщение в правильной кодировке получено - 200 : OK
2022-07-08 19:53:12,533 - DEBUG - utils - Fri Jul  8 19:53:12 2022 - функция get_answer вызвана из функции main
2022-07-08 19:53:12,533 - INFO - client - Пришёл ответ от сервера - 200 : OK
2022-07-08 19:53:12,556 - DEBUG - client - Запрос списка известных пользователей cl1
2022-07-08 19:53:13,342 - DEBUG - utils - Fri Jul  8 19:53:13 2022 - функция user_list_request вызвана из функции load_db
2022-07-08 19:53:13,371 - DEBUG - client - Запрос контакт листа для пользователя cl1
2022-07-08 19:53:13,371 - DEBUG - client - Сформирован запрос {'action': 'get_contacts', 'time': 'Fri Jul  8 19:53:13 2022', 'user': 'cl1'}
2022-07-08 19:53:14,159 - DEBUG - client - Получен ответ {'response': 202, 'data_list': []}
2022-07-08 19:53:14,159 - DEBUG - utils - Fri Jul  8 19:53:14 2022 - функция contacts_list_request вызвана из функции load_db
2022-07-08 19:53:14,159 - DEBUG - utils - Fri Jul  8 19:53:14 2022 - функция load_db вызвана из функции main
2022-07-08 19:53:18,333 - DEBUG - client - Получение корректных данных для соединения с сервером
2022-07-08 19:53:18,333 - DEBUG - client - Проверка аргументов
2022-07-08 19:53:18,345 - DEBUG - utils - Fri Jul  8 19:53:18 2022 - функция check_argv вызвана из функции data_connect_serv
2022-07-08 19:53:18,345 - DEBUG - client - Проверка аргументов
2022-07-08 19:53:18,345 - DEBUG - utils - Fri Jul  8 19:53:18 2022 - функция check_argv вызвана из функции data_connect_serv
2022-07-08 19:53:18,345 - DEBUG - client - Проверка аргументов
2022-07-08 19:53:18,345 - DEBUG - utils - Fri Jul  8 19:53:18 2022 - функция check_argv вызвана из функции data_connect_serv
2022-07-08 19:53:20,118 - INFO - client - Установлены адрес сервера 127.0.0.1, порт сервера 7777 по умолчанию так как они не были введены. Имя клиента cl2.
2022-07-08 19:53:20,118 - DEBUG - utils - Fri Jul  8 19:53:20 2022 - функция data_connect_serv вызвана из функции main
2022-07-08 19:53:20,118 - INFO - client - Старт работы клиента с параметрами: адрес сервера - 127.0.0.1, порт: 7777, имя пользователя cl2.
2022-07-08 19:53:20,118 - DEBUG - client - Выполняется запрос присутствия клиента
2022-07-08 19:53:20,118 - DEBUG - client - Запрос присутствия клиента выполнен успешно для пользователя cl2
2022-07-08 19:53:20,118 - DEBUG - utils - Fri Jul  8 19:53:20 2022 - функция request_presence вызвана из функции main
2022-07-08 19:53:20,118 - INFO - client - Сообщение для сервера сформировано успешно.
2022-07-08 19:53:20,121 - INFO - client - Сообщение для сервера отправлено успешно.
2022-07-08 19:53:20,121 - DEBUG - client - Попытка получения сообщения из сокета в правильной кодировке
2022-07-08 19:53:20,934 - DEBUG - client - Выполняется разбор ответа сервера - {'response': 200}
2022-07-08 19:53:20,934 - INFO - client - Получен ответ от сервера - 200 : OK
2022-07-08 19:53:20,934 - DEBUG - utils - Fri Jul  8 19:53:20 2022 - функция response_analysis вызвана из функции get_answer
2022-07-08 19:53:20,934 - INFO - client - Сообщение в правильной кодировке получено - 200 : OK
2022-07-08 19:53:20,934 - DEBUG - utils - Fri Jul  8 19:53:20 2022 - функция get_answer вызвана из функции main
2022-07-08 19:53:20,934 - INFO - client - Пришёл ответ от сервера - 200 : OK
2022-07-08 19:53:20,951 - DEBUG - client - Запрос списка известных пользователей cl2
2022-07-08 19:53:21,741 - DEBUG - utils - Fri Jul  8 19:53:21 2022 - функция user_list_request вызвана из функции load_db
2022-07-08 19:53:21,760 - DEBUG - client - Запрос контакт листа для пользователя cl2
2022-07-08 19:53:21,761 - DEBUG - client - Сформирован запрос {'action': 'get_contacts', 'time': 'Fri Jul  8 19:53:21 2022', 'user': 'cl2'}
2022-07-08 19:53:22,561 - DEBUG - client - Получен ответ {'response': 202, 'data_list': []}
2022-07-08 19:53:22,561 - DEBUG - utils - Fri Jul  8 19:53:22 2022 - функция contacts_list_request вызвана из функции load_db
2022-07-08 19:53:22,561 - DEBUG - utils - Fri Jul  8 19:53:22 2022 - функция load_db вызвана из функции main
2022-07-08 19:53:35,824 - DEBUG - client - Запрос списка известных пользователей cl1
2022-07-08 19:53:36,220 - DEBUG - utils - Fri Jul  8 19:53:36 2022 - функция user_list_request вызвана из функции load_db
2022-07-08 19:53:36,251 - DEBUG - client - Запрос контакт листа для пользователя cl1
2022-07-08 19:53:36,251 - DEBUG - client - Сформирован запрос {'action': 'get_contacts', 'time': 'Fri Jul  8 19:53:36 2022', 'user': 'cl1'}
2022-07-08 19:53:37,031 - DEBUG - client - Получен ответ {'response': 202, 'data_list': []}
2022-07-08 19:53:37,032 - DEBUG - utils - Fri Jul  8 19:53:37 2022 - функция contacts_list_request вызвана из функции load_db
2022-07-08 19:53:37,032 - DEBUG - utils - Fri Jul  8 19:53:37 2022 - функция load_db вызвана из функции create_message
2022-07-08 19:53:37,036 - DEBUG - client - Сформеровано сообщение: {'action': 'message', 'time': 'Fri Jul  8 19:53:37 2022', 'addresser': 'cl1', 'to': 'cl2', 'mess_text': 'Hello'}
2022-07-08 19:53:38,240 - DEBUG - client - Сообщение для пользователя cl2 отправлено успешно
2022-07-08 19:53:38,248 - DEBUG - utils - Fri Jul  8 19:53:38 2022 - функция create_message вызвана из функции run
2022-07-08 19:53:38,639 - INFO - client - Получено сообщение от пользователя cl1:
Hello
2022-07-08 19:55:51,695 - DEBUG - client - Запрос списка известных пользователей cl2
2022-07-08 19:55:52,403 - DEBUG - utils - Fri Jul  8 19:55:52 2022 - функция user_list_request вызвана из функции load_db
2022-07-08 19:55:52,415 - DEBUG - client - Запрос контакт листа для пользователя cl2
2022-07-08 19:55:52,415 - DEBUG - client - Сформирован запрос {'action': 'get_contacts', 'time': 'Fri Jul  8 19:55:52 2022', 'user': 'cl2'}
2022-07-08 19:55:53,247 - DEBUG - client - Получен ответ {'response': 202, 'data_list': []}
2022-07-08 19:55:53,247 - DEBUG - utils - Fri Jul  8 19:55:53 2022 - функция contacts_list_request вызвана из функции load_db
2022-07-08 19:55:53,248 - DEBUG - utils - Fri Jul  8 19:55:53 2022 - функция load_db вызвана из функции create_message
2022-07-08 19:55:53,251 - DEBUG - client - Сформеровано сообщение: {'action': 'message', 'time': 'Fri Jul  8 19:55:53 2022', 'addresser': 'cl2', 'to': 'cl1', 'mess_text': 'Hello'}
2022-07-08 19:55:54,454 - DEBUG - client - Сообщение для пользователя cl1 отправлено успешно
2022-07-08 19:55:54,461 - DEBUG - utils - Fri Jul  8 19:55:54 2022 - функция create_message вызвана из функции run
2022-07-08 19:55:54,854 - INFO - client - Получено сообщение от пользователя cl2:
Hello
2022-07-08 19:56:25,786 - DEBUG - utils - Fri Jul  8 19:56:25 2022 - функция create_out_message вызвана из функции run
2022-07-08 19:56:25,787 - INFO - client - Пользователь завершил работу программы командой.
2022-07-08 19:56:31,078 - DEBUG - utils - Fri Jul  8 19:56:31 2022 - функция create_out_message вызвана из функции run
2022-07-08 19:56:31,080 - INFO - client - Пользователь завершил работу программы командой.
2022-07-08 19:57:08,997 - DEBUG - client - Получение корректных данных для соединения с сервером
2022-07-08 19:57:08,998 - DEBUG - client - Проверка аргументов
2022-07-08 19:57:09,009 - DEBUG - utils - Fri Jul  8 19:57:08 2022 - функция check_argv вызвана из функции data_connect_serv
2022-07-08 19:57:09,009 - DEBUG - client - Проверка аргументов
2022-07-08 19:57:09,009 - DEBUG - utils - Fri Jul  8 19:57:09 2022 - функция check_argv вызвана из функции data_connect_serv
2022-07-08 19:57:09,009 - DEBUG - client - Проверка аргументов
2022-07-08 19:57:09,009 - DEBUG - utils - Fri Jul  8 19:57:09 2022 - функция check_argv вызвана из функции data_connect_serv
2022-07-08 19:57:11,315 - INFO - client - Установлены адрес сервера 127.0.0.1, порт сервера 7777 по умолчанию так как они не были введены. Имя клиента cl1.
2022-07-08 19:57:11,315 - DEBUG - utils - Fri Jul  8 19:57:11 2022 - функция data_connect_serv вызвана из функции main
2022-07-08 19:57:11,315 - INFO - client - Старт работы клиента с параметрами: адрес сервера - 127.0.0.1, порт: 7777, имя пользователя cl1.
2022-07-08 19:57:11,315 - DEBUG - client - Выполняется запрос присутствия клиента
2022-07-08 19:57:11,315 - DEBUG - client - Запрос присутствия клиента выполнен успешно для пользователя cl1
2022-07-08 19:57:11,315 - DEBUG - utils - Fri Jul  8 19:57:11 2022 - функция request_presence вызвана из функции main
2022-07-08 19:57:11,315 - INFO - client - Сообщение для сервера сформировано успешно.
2022-07-08 19:57:11,317 - INFO - client - Сообщение для сервера отправлено успешно.
2022-07-08 19:57:11,317 - DEBUG - client - Попытка получения сообщения из сокета в правильной кодировке
2022-07-08 19:57:11,359 - DEBUG - client - Выполняется разбор ответа сервера - {'response': 200}
2022-07-08 19:57:11,359 - INFO - client - Получен ответ от сервера - 200 : OK
2022-07-08 19:57:11,359 - DEBUG - utils - Fri Jul  8 19:57:11 2022 - функция response_analysis вызвана из функции get_answer
2022-07-08 19:57:11,359 - INFO - client - Сообщение в правильной кодировке получено - 200 : OK
2022-07-08 19:57:11,360 - DEBUG - utils - Fri Jul  8 19:57:11 2022 - функция get_answer вызвана из функции main
2022-07-08 19:57:11,360 - INFO - client - Пришёл ответ от сервера - 200 : OK
2022-07-08 19:57:11,385 - DEBUG - client - Запрос списка известных пользователей cl1
2022-07-08 19:57:12,189 - DEBUG - utils - Fri Jul  8 19:57:12 2022 - функция user_list_request вызвана из функции load_db
2022-07-08 19:57:12,203 - DEBUG - client - Запрос контакт листа для пользователя cl1
2022-07-08 19:57:12,203 - DEBUG - client - Сформирован запрос {'action': 'get_contacts', 'time': 'Fri Jul  8 19:57:12 2022', 'user': 'cl1'}
2022-07-08 19:57:12,996 - DEBUG - client - Получен ответ {'response': 202, 'data_list': []}
2022-07-08 19:57:12,996 - DEBUG - utils - Fri Jul  8 19:57:12 2022 - функция contacts_list_request вызвана из функции load_db
2022-07-08 19:57:12,996 - DEBUG - utils - Fri Jul  8 19:57:12 2022 - функция load_db вызвана из функции main
2022-07-08 19:57:20,135 - DEBUG - client - Получение корректных данных для соединения с сервером
2022-07-08 19:57:20,135 - DEBUG - client - Проверка аргументов
2022-07-08 19:57:20,148 - DEBUG - utils - Fri Jul  8 19:57:20 2022 - функция check_argv вызвана из функции data_connect_serv
2022-07-08 19:57:20,149 - DEBUG - client - Проверка аргументов
2022-07-08 19:57:20,149 - DEBUG - utils - Fri Jul  8 19:57:20 2022 - функция check_argv вызвана из функции data_connect_serv
2022-07-08 19:57:20,149 - DEBUG - client - Проверка аргументов
2022-07-08 19:57:20,149 - DEBUG - utils - Fri Jul  8 19:57:20 2022 - функция check_argv вызвана из функции data_connect_serv
2022-07-08 19:57:22,602 - INFO - client - Установлены адрес сервера 127.0.0.1, порт сервера 7777 по умолчанию так как они не были введены. Имя клиента cl2.
2022-07-08 19:57:22,603 - DEBUG - utils - Fri Jul  8 19:57:22 2022 - функция data_connect_serv вызвана из функции main
2022-07-08 19:57:22,603 - INFO - client - Старт работы клиента с параметрами: адрес сервера - 127.0.0.1, порт: 7777, имя пользователя cl2.
2022-07-08 19:57:22,603 - DEBUG - client - Выполняется запрос присутствия клиента
2022-07-08 19:57:22,603 - DEBUG - client - Запрос присутствия клиента выполнен успешно для пользователя cl2
2022-07-08 19:57:22,603 - DEBUG - utils - Fri Jul  8 19:57:22 2022 - функция request_presence вызвана из функции main
2022-07-08 19:57:22,603 - INFO - client - Сообщение для сервера сформировано успешно.
2022-07-08 19:57:22,605 - INFO - client - Сообщение для сервера отправлено успешно.
2022-07-08 19:57:22,605 - DEBUG - client - Попытка получения сообщения из сокета в правильной кодировке
2022-07-08 19:57:22,623 - DEBUG - client - Выполняется разбор ответа сервера - {'response': 200}
2022-07-08 19:57:22,623 - INFO - client - Получен ответ от сервера - 200 : OK
2022-07-08 19:57:22,623 - DEBUG - utils - Fri Jul  8 19:57:22 2022 - функция response_analysis вызвана из функции get_answer
2022-07-08 19:57:22,623 - INFO - client - Сообщение в правильной кодировке получено - 200 : OK
2022-07-08 19:57:22,623 - DEBUG - utils - Fri Jul  8 19:57:22 2022 - функция get_answer вызвана из функции main
2022-07-08 19:57:22,623 - INFO - client - Пришёл ответ от сервера - 200 : OK
2022-07-08 19:57:22,643 - DEBUG - client - Запрос списка известных пользователей cl2
2022-07-08 19:57:23,437 - DEBUG - utils - Fri Jul  8 19:57:23 2022 - функция user_list_request вызвана из функции load_db
2022-07-08 19:57:23,457 - DEBUG - client - Запрос контакт листа для пользователя cl2
2022-07-08 19:57:23,457 - DEBUG - client - Сформирован запрос {'action': 'get_contacts', 'time': 'Fri Jul  8 19:57:23 2022', 'user': 'cl2'}
2022-07-08 19:57:24,245 - DEBUG - client - Получен ответ {'response': 202, 'data_list': []}
2022-07-08 19:57:24,245 - DEBUG - utils - Fri Jul  8 19:57:24 2022 - функция contacts_list_request вызвана из функции load_db
2022-07-08 19:57:24,245 - DEBUG - utils - Fri Jul  8 19:57:24 2022 - функция load_db вызвана из функции main
2022-07-08 19:57:38,683 - DEBUG - client - Запрос списка известных пользователей cl2
2022-07-08 19:57:38,761 - DEBUG - utils - Fri Jul  8 19:57:38 2022 - функция user_list_request вызвана из функции load_db
2022-07-08 19:57:38,776 - DEBUG - client - Запрос контакт листа для пользователя cl2
2022-07-08 19:57:38,776 - DEBUG - client - Сформирован запрос {'action': 'get_contacts', 'time': 'Fri Jul  8 19:57:38 2022', 'user': 'cl2'}
2022-07-08 19:57:39,567 - DEBUG - client - Получен ответ {'response': 202, 'data_list': []}
2022-07-08 19:57:39,568 - DEBUG - utils - Fri Jul  8 19:57:39 2022 - функция contacts_list_request вызвана из функции load_db
2022-07-08 19:57:39,568 - DEBUG - utils - Fri Jul  8 19:57:39 2022 - функция load_db вызвана из функции create_message
2022-07-08 19:57:39,569 - DEBUG - client - Сформеровано сообщение: {'action': 'message', 'time': 'Fri Jul  8 19:57:39 2022', 'addresser': 'cl2', 'to': 'cl1', 'mess_text': 'Hello'}
2022-07-08 19:57:39,571 - DEBUG - client - Сообщение для пользователя cl1 отправлено успешно
2022-07-08 19:57:39,577 - DEBUG - utils - Fri Jul  8 19:57:39 2022 - функция create_message вызвана из функции run
2022-07-08 19:57:40,748 - INFO - client - Получено сообщение от пользователя cl2:
Hello
2022-07-08 19:58:16,932 - DEBUG - utils - Fri Jul  8 19:58:16 2022 - функция create_out_message вызвана из функции run
2022-07-08 19:58:16,935 - INFO - client - Пользователь завершил работу программы командой.
2022-07-08 19:58:22,834 - DEBUG - utils - Fri Jul  8 19:58:22 2022 - функция create_out_message вызвана из функции run
2022-07-08 19:58:22,836 - INFO - client - Пользователь завершил работу программы командой.
2022-07-08 20:16:27,042 - DEBUG - client - Получение корректных данных для соединения с сервером
2022-07-08 20:16:27,043 - DEBUG - client - Проверка аргументов
2022-07-08 20:16:27,056 - DEBUG - utils - Fri Jul  8 20:16:27 2022 - функция check_argv вызвана из функции data_connect_serv
2022-07-08 20:16:27,056 - DEBUG - client - Проверка аргументов
2022-07-08 20:16:27,056 - DEBUG - utils - Fri Jul  8 20:16:27 2022 - функция check_argv вызвана из функции data_connect_serv
2022-07-08 20:16:27,056 - DEBUG - client - Проверка аргументов
2022-07-08 20:16:27,056 - DEBUG - utils - Fri Jul  8 20:16:27 2022 - функция check_argv вызвана из функции data_connect_serv
2022-07-08 20:16:28,817 - INFO - client - Установлены адрес сервера 127.0.0.1, порт сервера 7777 по умолчанию так как они не были введены. Имя клиента cl1.
2022-07-08 20:16:28,818 - DEBUG - utils - Fri Jul  8 20:16:28 2022 - функция data_connect_serv вызвана из функции main
2022-07-08 20:16:28,818 - INFO - client - Старт работы клиента с параметрами: адрес сервера - 127.0.0.1, порт: 7777, имя пользователя cl1.
2022-07-08 20:16:28,818 - DEBUG - client - Выполняется запрос присутствия клиента
2022-07-08 20:16:28,818 - DEBUG - client - Запрос присутствия клиента выполнен успешно для пользователя cl1
2022-07-08 20:16:28,818 - DEBUG - utils - Fri Jul  8 20:16:28 2022 - функция request_presence вызвана из функции main
2022-07-08 20:16:28,818 - INFO - client - Сообщение для сервера сформировано успешно.
2022-07-08 20:16:28,820 - INFO - client - Сообщение для сервера отправлено успешно.
2022-07-08 20:16:28,820 - DEBUG - client - Попытка получения сообщения из сокета в правильной кодировке
2022-07-08 20:16:28,858 - DEBUG - client - Выполняется разбор ответа сервера - {'response': 200}
2022-07-08 20:16:28,858 - INFO - client - Получен ответ от сервера - 200 : OK
2022-07-08 20:16:28,858 - DEBUG - utils - Fri Jul  8 20:16:28 2022 - функция response_analysis вызвана из функции get_answer
2022-07-08 20:16:28,858 - INFO - client - Сообщение в правильной кодировке получено - 200 : OK
2022-07-08 20:16:28,858 - DEBUG - utils - Fri Jul  8 20:16:28 2022 - функция get_answer вызвана из функции main
2022-07-08 20:16:28,858 - INFO - client - Пришёл ответ от сервера - 200 : OK
2022-07-08 20:16:28,878 - DEBUG - client - Запрос списка известных пользователей cl1
2022-07-08 20:17:40,054 - DEBUG - client - Получение корректных данных для соединения с сервером
2022-07-08 20:17:40,055 - DEBUG - client - Проверка аргументов
2022-07-08 20:17:40,066 - DEBUG - utils - Fri Jul  8 20:17:40 2022 - функция check_argv вызвана из функции data_connect_serv
2022-07-08 20:17:40,066 - DEBUG - client - Проверка аргументов
2022-07-08 20:17:40,066 - DEBUG - utils - Fri Jul  8 20:17:40 2022 - функция check_argv вызвана из функции data_connect_serv
2022-07-08 20:17:40,066 - DEBUG - client - Проверка аргументов
2022-07-08 20:17:40,067 - DEBUG - utils - Fri Jul  8 20:17:40 2022 - функция check_argv вызвана из функции data_connect_serv
2022-07-08 20:17:43,169 - INFO - client - Установлены адрес сервера 127.0.0.1, порт сервера 7777 по умолчанию так как они не были введены. Имя клиента cl1.
2022-07-08 20:17:43,169 - DEBUG - utils - Fri Jul  8 20:17:43 2022 - функция data_connect_serv вызвана из функции main
2022-07-08 20:17:43,169 - INFO - client - Старт работы клиента с параметрами: адрес сервера - 127.0.0.1, порт: 7777, имя пользователя cl1.
2022-07-08 20:17:43,169 - DEBUG - client - Выполняется запрос присутствия клиента
2022-07-08 20:17:43,169 - DEBUG - client - Запрос присутствия клиента выполнен успешно для пользователя cl1
2022-07-08 20:17:43,169 - DEBUG - utils - Fri Jul  8 20:17:43 2022 - функция request_presence вызвана из функции main
2022-07-08 20:17:43,169 - INFO - client - Сообщение для сервера сформировано успешно.
2022-07-08 20:17:43,171 - INFO - client - Сообщение для сервера отправлено успешно.
2022-07-08 20:17:43,171 - DEBUG - client - Попытка получения сообщения из сокета в правильной кодировке
2022-07-08 20:17:43,980 - DEBUG - client - Выполняется разбор ответа сервера - {'response': 400, 'error': 'Такое имя пользователя уже существует!'}
2022-07-08 20:17:43,980 - ERROR - client - Получен ответ с ошибкой от сервера - 400 : Такое имя пользователя уже существует!
2022-07-08 20:17:43,980 - DEBUG - utils - Fri Jul  8 20:17:43 2022 - функция response_analysis вызвана из функции get_answer
2022-07-08 20:17:43,980 - INFO - client - Сообщение в правильной кодировке получено - 400 : Такое имя пользователя уже существует!
2022-07-08 20:17:43,981 - DEBUG - utils - Fri Jul  8 20:17:43 2022 - функция get_answer вызвана из функции main
2022-07-08 20:17:43,981 - INFO - client - Пришёл ответ от сервера - 400 : Такое имя пользователя уже существует!
2022-07-08 20:17:43,995 - DEBUG - client - Запрос списка известных пользователей cl1
2022-07-08 20:19:16,930 - DEBUG - client - Получение корректных данных для соединения с сервером
2022-07-08 20:19:16,931 - DEBUG - client - Проверка аргументов
2022-07-08 20:19:16,943 - DEBUG - utils - Fri Jul  8 20:19:16 2022 - функция check_argv вызвана из функции data_connect_serv
2022-07-08 20:19:16,943 - DEBUG - client - Проверка аргументов
2022-07-08 20:19:16,943 - DEBUG - utils - Fri Jul  8 20:19:16 2022 - функция check_argv вызвана из функции data_connect_serv
2022-07-08 20:19:16,943 - DEBUG - client - Проверка аргументов
2022-07-08 20:19:16,943 - DEBUG - utils - Fri Jul  8 20:19:16 2022 - функция check_argv вызвана из функции data_connect_serv
2022-07-08 20:19:19,551 - INFO - client - Установлены адрес сервера 127.0.0.1, порт сервера 7777 по умолчанию так как они не были введены. Имя клиента cl2.
2022-07-08 20:19:19,551 - DEBUG - utils - Fri Jul  8 20:19:19 2022 - функция data_connect_serv вызвана из функции main
2022-07-08 20:19:19,551 - INFO - client - Старт работы клиента с параметрами: адрес сервера - 127.0.0.1, порт: 7777, имя пользователя cl2.
2022-07-08 20:19:19,552 - CRITICAL - client - Подключение к серверу 127.0.0.1:7777 не удалось!
2022-07-08 20:21:14,355 - DEBUG - client - Получение корректных данных для соединения с сервером
2022-07-08 20:21:14,356 - DEBUG - client - Проверка аргументов
2022-07-08 20:21:14,370 - DEBUG - utils - Fri Jul  8 20:21:14 2022 - функция check_argv вызвана из функции data_connect_serv
2022-07-08 20:21:14,370 - DEBUG - client - Проверка аргументов
2022-07-08 20:21:14,371 - DEBUG - utils - Fri Jul  8 20:21:14 2022 - функция check_argv вызвана из функции data_connect_serv
2022-07-08 20:21:14,371 - DEBUG - client - Проверка аргументов
2022-07-08 20:21:14,371 - DEBUG - utils - Fri Jul  8 20:21:14 2022 - функция check_argv вызвана из функции data_connect_serv
2022-07-08 20:21:18,893 - INFO - client - Установлены адрес сервера 127.0.0.1, порт сервера 7777 по умолчанию так как они не были введены. Имя клиента cl1.
2022-07-08 20:21:18,894 - DEBUG - utils - Fri Jul  8 20:21:18 2022 - функция data_connect_serv вызвана из функции main
2022-07-08 20:21:18,894 - INFO - client - Старт работы клиента с параметрами: адрес сервера - 127.0.0.1, порт: 7777, имя пользователя cl1.
2022-07-08 20:21:18,894 - DEBUG - client - Выполняется запрос присутствия клиента
2022-07-08 20:21:18,894 - DEBUG - client - Запрос присутствия клиента выполнен успешно для пользователя cl1
2022-07-08 20:21:18,894 - DEBUG - utils - Fri Jul  8 20:21:18 2022 - функция request_presence вызвана из функции main
2022-07-08 20:21:18,894 - INFO - client - Сообщение для сервера сформировано успешно.
2022-07-08 20:21:18,896 - INFO - client - Сообщение для сервера отправлено успешно.
2022-07-08 20:21:18,896 - DEBUG - client - Попытка получения сообщения из сокета в правильной кодировке
2022-07-08 20:21:19,748 - DEBUG - client - Выполняется разбор ответа сервера - {'response': 200}
2022-07-08 20:21:19,748 - INFO - client - Получен ответ от сервера - 200 : OK
2022-07-08 20:21:19,749 - DEBUG - utils - Fri Jul  8 20:21:19 2022 - функция response_analysis вызвана из функции get_answer
2022-07-08 20:21:19,749 - INFO - client - Сообщение в правильной кодировке получено - 200 : OK
2022-07-08 20:21:19,749 - DEBUG - utils - Fri Jul  8 20:21:19 2022 - функция get_answer вызвана из функции main
2022-07-08 20:21:19,749 - INFO - client - Пришёл ответ от сервера - 200 : OK
2022-07-08 20:21:19,774 - DEBUG - client - Запрос списка известных пользователей cl1
2022-07-08 20:21:20,566 - DEBUG - utils - Fri Jul  8 20:21:20 2022 - функция user_list_request вызвана из функции load_db
2022-07-08 20:21:20,662 - DEBUG - client - Запрос контакт листа для пользователя cl1
2022-07-08 20:21:20,662 - DEBUG - client - Сформирован запрос {'action': 'get_contacts', 'time': 'Fri Jul  8 20:21:20 2022', 'user': 'cl1'}
2022-07-08 20:21:21,375 - DEBUG - client - Получен ответ {'response': 202, 'data_list': []}
2022-07-08 20:21:21,375 - DEBUG - utils - Fri Jul  8 20:21:21 2022 - функция contacts_list_request вызвана из функции load_db
2022-07-08 20:21:21,375 - DEBUG - utils - Fri Jul  8 20:21:21 2022 - функция load_db вызвана из функции main
2022-07-08 20:30:53,732 - DEBUG - utils - Fri Jul  8 20:30:53 2022 - функция create_out_message вызвана из функции run
2022-07-08 20:30:53,734 - INFO - client - Пользователь завершил работу программы командой.
2022-07-08 20:31:00,766 - DEBUG - client - Получение корректных данных для соединения с сервером
2022-07-08 20:31:00,766 - DEBUG - client - Проверка аргументов
2022-07-08 20:31:00,777 - DEBUG - utils - Fri Jul  8 20:31:00 2022 - функция check_argv вызвана из функции data_connect_serv
2022-07-08 20:31:00,777 - DEBUG - client - Проверка аргументов
2022-07-08 20:31:00,777 - DEBUG - utils - Fri Jul  8 20:31:00 2022 - функция check_argv вызвана из функции data_connect_serv
2022-07-08 20:31:00,777 - DEBUG - client - Проверка аргументов
2022-07-08 20:31:00,777 - DEBUG - utils - Fri Jul  8 20:31:00 2022 - функция check_argv вызвана из функции data_connect_serv
2022-07-08 20:31:02,917 - INFO - client - Установлены адрес сервера 127.0.0.1, порт сервера 7777 по умолчанию так как они не были введены. Имя клиента cl1.
2022-07-08 20:31:02,918 - DEBUG - utils - Fri Jul  8 20:31:02 2022 - функция data_connect_serv вызвана из функции main
2022-07-08 20:31:02,918 - INFO - client - Старт работы клиента с параметрами: адрес сервера - 127.0.0.1, порт: 7777, имя пользователя cl1.
2022-07-08 20:31:02,918 - DEBUG - client - Выполняется запрос присутствия клиента
2022-07-08 20:31:02,918 - DEBUG - client - Запрос присутствия клиента выполнен успешно для пользователя cl1
2022-07-08 20:31:02,918 - DEBUG - utils - Fri Jul  8 20:31:02 2022 - функция request_presence вызвана из функции main
2022-07-08 20:31:02,918 - INFO - client - Сообщение для сервера сформировано успешно.
2022-07-08 20:31:02,920 - INFO - client - Сообщение для сервера отправлено успешно.
2022-07-08 20:31:02,920 - DEBUG - client - Попытка получения сообщения из сокета в правильной кодировке
2022-07-08 20:31:02,955 - DEBUG - client - Выполняется разбор ответа сервера - {'response': 200}
2022-07-08 20:31:02,955 - INFO - client - Получен ответ от сервера - 200 : OK
2022-07-08 20:31:02,955 - DEBUG - utils - Fri Jul  8 20:31:02 2022 - функция response_analysis вызвана из функции get_answer
2022-07-08 20:31:02,955 - INFO - client - Сообщение в правильной кодировке получено - 200 : OK
2022-07-08 20:31:02,955 - DEBUG - utils - Fri Jul  8 20:31:02 2022 - функция get_answer вызвана из функции main
2022-07-08 20:31:02,955 - INFO - client - Пришёл ответ от сервера - 200 : OK
2022-07-08 20:31:02,976 - DEBUG - client - Запрос списка известных пользователей cl1
2022-07-08 20:31:03,761 - DEBUG - utils - Fri Jul  8 20:31:03 2022 - функция user_list_request вызвана из функции load_db
2022-07-08 20:31:03,772 - DEBUG - client - Запрос контакт листа для пользователя cl1
2022-07-08 20:31:03,772 - DEBUG - client - Сформирован запрос {'action': 'get_contacts', 'time': 'Fri Jul  8 20:31:03 2022', 'user': 'cl1'}
2022-07-08 20:31:04,583 - DEBUG - client - Получен ответ {'response': 202, 'data_list': []}
2022-07-08 20:31:04,583 - DEBUG - utils - Fri Jul  8 20:31:04 2022 - функция contacts_list_request вызвана из функции load_db
2022-07-08 20:31:04,583 - DEBUG - utils - Fri Jul  8 20:31:04 2022 - функция load_db вызвана из функции main
2022-07-08 20:32:11,026 - DEBUG - utils - Fri Jul  8 20:32:11 2022 - функция create_out_message вызвана из функции run
2022-07-08 20:32:11,028 - INFO - client - Пользователь завершил работу программы командой.
2022-07-08 20:41:26,361 - DEBUG - client - Получение корректных данных для соединения с сервером
2022-07-08 20:41:26,361 - DEBUG - client - Проверка аргументов
2022-07-08 20:41:26,373 - DEBUG - utils - Fri Jul  8 20:41:26 2022 - функция check_argv вызвана из функции data_connect_serv
2022-07-08 20:41:26,373 - DEBUG - client - Проверка аргументов
2022-07-08 20:41:26,374 - DEBUG - utils - Fri Jul  8 20:41:26 2022 - функция check_argv вызвана из функции data_connect_serv
2022-07-08 20:41:26,374 - DEBUG - client - Проверка аргументов
2022-07-08 20:41:26,374 - DEBUG - utils - Fri Jul  8 20:41:26 2022 - функция check_argv вызвана из функции data_connect_serv
2022-07-08 20:41:28,350 - INFO - client - Установлены адрес сервера 127.0.0.1, порт сервера 7777 по умолчанию так как они не были введены. Имя клиента cl1.
2022-07-08 20:41:28,350 - DEBUG - utils - Fri Jul  8 20:41:28 2022 - функция data_connect_serv вызвана из функции main
2022-07-08 20:41:28,350 - INFO - client - Старт работы клиента с параметрами: адрес сервера - 127.0.0.1, порт: 7777, имя пользователя cl1.
2022-07-08 20:41:28,351 - DEBUG - client - Выполняется запрос присутствия клиента
2022-07-08 20:41:28,351 - DEBUG - client - Запрос присутствия клиента выполнен успешно для пользователя cl1
2022-07-08 20:41:28,351 - DEBUG - utils - Fri Jul  8 20:41:28 2022 - функция request_presence вызвана из функции main
2022-07-08 20:41:28,351 - INFO - client - Сообщение для сервера сформировано успешно.
2022-07-08 20:41:28,353 - INFO - client - Сообщение для сервера отправлено успешно.
2022-07-08 20:41:28,353 - DEBUG - client - Попытка получения сообщения из сокета в правильной кодировке
2022-07-08 20:41:29,212 - DEBUG - client - Выполняется разбор ответа сервера - {'response': 200}
2022-07-08 20:41:29,212 - INFO - client - Получен ответ от сервера - 200 : OK
2022-07-08 20:41:29,212 - DEBUG - utils - Fri Jul  8 20:41:29 2022 - функция response_analysis вызвана из функции get_answer
2022-07-08 20:41:29,212 - INFO - client - Сообщение в правильной кодировке получено - 200 : OK
2022-07-08 20:41:29,212 - DEBUG - utils - Fri Jul  8 20:41:29 2022 - функция get_answer вызвана из функции main
2022-07-08 20:41:29,212 - INFO - client - Пришёл ответ от сервера - 200 : OK
2022-07-08 20:41:29,236 - DEBUG - client - Запрос списка известных пользователей cl1
2022-07-08 20:41:30,021 - DEBUG - utils - Fri Jul  8 20:41:30 2022 - функция user_list_request вызвана из функции load_db
2022-07-08 20:41:30,037 - DEBUG - client - Запрос контакт листа для пользователя cl1
2022-07-08 20:41:30,037 - DEBUG - client - Сформирован запрос {'action': 'get_contacts', 'time': 'Fri Jul  8 20:41:30 2022', 'user': 'cl1'}
2022-07-08 20:41:30,833 - DEBUG - client - Получен ответ {'response': 202, 'data_list': []}
2022-07-08 20:41:30,833 - DEBUG - utils - Fri Jul  8 20:41:30 2022 - функция contacts_list_request вызвана из функции load_db
2022-07-08 20:41:30,834 - DEBUG - utils - Fri Jul  8 20:41:30 2022 - функция load_db вызвана из функции main
2022-07-08 20:41:47,864 - DEBUG - utils - Fri Jul  8 20:41:47 2022 - функция create_out_message вызвана из функции run
2022-07-08 20:41:47,867 - INFO - client - Пользователь завершил работу программы командой.
2022-07-08 20:49:46,983 - DEBUG - client - Получение корректных данных для соединения с сервером
2022-07-08 20:49:46,983 - DEBUG - client - Проверка аргументов
2022-07-08 20:49:46,997 - DEBUG - utils - Fri Jul  8 20:49:46 2022 - функция check_argv вызвана из функции data_connect_serv
2022-07-08 20:49:46,997 - DEBUG - client - Проверка аргументов
2022-07-08 20:49:46,997 - DEBUG - utils - Fri Jul  8 20:49:46 2022 - функция check_argv вызвана из функции data_connect_serv
2022-07-08 20:49:46,997 - DEBUG - client - Проверка аргументов
2022-07-08 20:49:46,997 - DEBUG - utils - Fri Jul  8 20:49:46 2022 - функция check_argv вызвана из функции data_connect_serv
2022-07-08 20:49:49,103 - INFO - client - Установлены адрес сервера 127.0.0.1, порт сервера 7777 по умолчанию так как они не были введены. Имя клиента cl1.
2022-07-08 20:49:49,103 - DEBUG - utils - Fri Jul  8 20:49:49 2022 - функция data_connect_serv вызвана из функции main
2022-07-08 20:49:49,103 - INFO - client - Старт работы клиента с параметрами: адрес сервера - 127.0.0.1, порт: 7777, имя пользователя cl1.
2022-07-08 20:49:49,103 - DEBUG - client - Выполняется запрос присутствия клиента
2022-07-08 20:49:49,103 - DEBUG - client - Запрос присутствия клиента выполнен успешно для пользователя cl1
2022-07-08 20:49:49,103 - DEBUG - utils - Fri Jul  8 20:49:49 2022 - функция request_presence вызвана из функции main
2022-07-08 20:49:49,103 - INFO - client - Сообщение для сервера сформировано успешно.
2022-07-08 20:49:49,105 - INFO - client - Сообщение для сервера отправлено успешно.
2022-07-08 20:49:49,105 - DEBUG - client - Попытка получения сообщения из сокета в правильной кодировке
2022-07-08 20:49:49,943 - DEBUG - client - Выполняется разбор ответа сервера - {'response': 200}
2022-07-08 20:49:49,943 - INFO - client - Получен ответ от сервера - 200 : OK
2022-07-08 20:49:49,943 - DEBUG - utils - Fri Jul  8 20:49:49 2022 - функция response_analysis вызвана из функции get_answer
2022-07-08 20:49:49,944 - INFO - client - Сообщение в правильной кодировке получено - 200 : OK
2022-07-08 20:49:49,944 - DEBUG - utils - Fri Jul  8 20:49:49 2022 - функция get_answer вызвана из функции main
2022-07-08 20:49:49,944 - INFO - client - Пришёл ответ от сервера - 200 : OK
2022-07-08 20:49:49,963 - DEBUG - client - Запрос списка известных пользователей cl1
2022-07-08 20:49:50,757 - DEBUG - utils - Fri Jul  8 20:49:50 2022 - функция user_list_request вызвана из функции load_db
2022-07-08 20:49:50,766 - DEBUG - client - Запрос контакт листа для пользователя cl1
2022-07-08 20:49:50,766 - DEBUG - client - Сформирован запрос {'action': 'get_contacts', 'time': 'Fri Jul  8 20:49:50 2022', 'user': 'cl1'}
2022-07-08 20:49:51,573 - DEBUG - client - Получен ответ {'response': 202, 'data_list': []}
2022-07-08 20:49:51,573 - DEBUG - utils - Fri Jul  8 20:49:51 2022 - функция contacts_list_request вызвана из функции load_db
2022-07-08 20:49:51,573 - DEBUG - utils - Fri Jul  8 20:49:51 2022 - функция load_db вызвана из функции main
2022-07-08 20:49:57,391 - DEBUG - utils - Fri Jul  8 20:49:57 2022 - функция create_out_message вызвана из функции run
2022-07-08 20:49:57,393 - INFO - client - Пользователь завершил работу программы командой.
