2022-07-22 21:07:40,804 - DEBUG - client - Получение корректных данных для соединения с сервером
2022-07-22 21:07:40,805 - DEBUG - client - Проверка аргументов
2022-07-22 21:07:40,816 - DEBUG - client - Проверка аргументов
2022-07-22 21:07:40,817 - DEBUG - client - Проверка аргументов
2022-07-22 21:07:43,069 - INFO - client - Старт работы клиента с параметрами: адрес сервера - 127.0.0.1, порт: 7777, имя пользователя cl1.
2022-07-22 21:07:43,089 - INFO - transport - Номер попытки подключения - 1
2022-07-22 21:07:43,090 - DEBUG - transport - Установлено соединение с сервером 127.0.0.1:7777
2022-07-22 21:07:43,959 - DEBUG - transport - Выполняется разбор ответа сервера - {'response': 200}
2022-07-22 21:07:43,959 - INFO - transport - Получен ответ от сервера - 200 : OK
2022-07-22 21:07:43,959 - INFO - transport - Соединение с сервером установлено.
2022-07-22 21:07:43,959 - DEBUG - transport - Запрос списка известных пользователей cl1
2022-07-22 21:07:44,791 - DEBUG - transport - Запрос контакт листа для пользователя cl1
2022-07-22 21:07:44,791 - DEBUG - transport - Сформирован запрос {'action': 'get_contacts', 'time': 'Fri Jul 22 21:07:44 2022', 'user': 'cl1'}
2022-07-22 21:07:45,584 - DEBUG - transport - Получен ответ {'response': 202, 'data_list': [2]}
2022-07-22 21:07:45,593 - DEBUG - transport - Приёмник сообщений с сервера запущен.
2022-07-22 21:07:53,165 - DEBUG - client - Получение корректных данных для соединения с сервером
2022-07-22 21:07:53,165 - DEBUG - client - Проверка аргументов
2022-07-22 21:07:53,177 - DEBUG - client - Проверка аргументов
2022-07-22 21:07:53,177 - DEBUG - client - Проверка аргументов
2022-07-22 21:07:55,605 - INFO - client - Старт работы клиента с параметрами: адрес сервера - 127.0.0.1, порт: 7777, имя пользователя cl2.
2022-07-22 21:07:55,641 - INFO - transport - Номер попытки подключения - 1
2022-07-22 21:07:55,642 - DEBUG - transport - Установлено соединение с сервером 127.0.0.1:7777
2022-07-22 21:07:56,482 - DEBUG - transport - Выполняется разбор ответа сервера - {'response': 200}
2022-07-22 21:07:56,482 - INFO - transport - Получен ответ от сервера - 200 : OK
2022-07-22 21:07:56,482 - INFO - transport - Соединение с сервером установлено.
2022-07-22 21:07:56,482 - DEBUG - transport - Запрос списка известных пользователей cl2
2022-07-22 21:07:57,321 - DEBUG - transport - Запрос контакт листа для пользователя cl2
2022-07-22 21:07:57,321 - DEBUG - transport - Сформирован запрос {'action': 'get_contacts', 'time': 'Fri Jul 22 21:07:57 2022', 'user': 'cl2'}
2022-07-22 21:07:58,106 - DEBUG - transport - Получен ответ {'response': 202, 'data_list': [1]}
2022-07-22 21:07:58,118 - DEBUG - transport - Приёмник сообщений с сервера запущен.
2022-07-22 21:08:59,852 - DEBUG - main_window - Отправлено сообщение для cl2: Hello cl2
2022-07-22 21:08:59,854 - DEBUG - transport - Было сформированно сообщение: {'action': 'message', 'addresser': 'cl1', 'to': 'cl2', 'time': 'Fri Jul 22 21:08:59 2022', 'mess_text': 'Hello cl2'}.
2022-07-22 21:09:01,007 - DEBUG - transport - Принято сообщение с сервера: {'action': 'message', 'addresser': 'cl1', 'to': 'cl2', 'time': 'Fri Jul 22 21:08:59 2022', 'mess_text': 'Hello cl2'}
2022-07-22 21:09:01,007 - DEBUG - transport - Выполняется разбор ответа сервера - {'action': 'message', 'addresser': 'cl1', 'to': 'cl2', 'time': 'Fri Jul 22 21:08:59 2022', 'mess_text': 'Hello cl2'}
2022-07-22 21:09:01,007 - DEBUG - transport - Получено сообщение от пользователя cl1:Hello cl2
2022-07-22 21:09:14,556 - DEBUG - main_window - Отправлено сообщение для cl1: Hi cl1
2022-07-22 21:09:14,558 - DEBUG - transport - Было сформированно сообщение: {'action': 'message', 'addresser': 'cl2', 'to': 'cl1', 'time': 'Fri Jul 22 21:09:14 2022', 'mess_text': 'Hi cl1'}.
2022-07-22 21:09:15,325 - DEBUG - transport - Принято сообщение с сервера: {'action': 'message', 'addresser': 'cl2', 'to': 'cl1', 'time': 'Fri Jul 22 21:09:14 2022', 'mess_text': 'Hi cl1'}
2022-07-22 21:09:15,325 - DEBUG - transport - Выполняется разбор ответа сервера - {'action': 'message', 'addresser': 'cl2', 'to': 'cl1', 'time': 'Fri Jul 22 21:09:14 2022', 'mess_text': 'Hi cl1'}
2022-07-22 21:09:15,325 - DEBUG - transport - Получено сообщение от пользователя cl2:Hi cl1
2022-07-22 21:10:17,635 - DEBUG - transport - Транспорт выключается.
2022-07-22 21:10:18,917 - DEBUG - transport - Транспорт выключается.
2022-07-22 21:12:36,742 - DEBUG - client - Получение корректных данных для соединения с сервером
2022-07-22 21:12:36,742 - DEBUG - client - Проверка аргументов
2022-07-22 21:12:36,754 - DEBUG - client - Проверка аргументов
2022-07-22 21:12:36,754 - DEBUG - client - Проверка аргументов
2022-07-22 21:12:38,749 - INFO - client - Старт работы клиента с параметрами: адрес сервера - 127.0.0.1, порт: 7777, имя пользователя cl1.
2022-07-22 21:12:38,778 - INFO - transport - Номер попытки подключения - 1
2022-07-22 21:12:39,979 - INFO - transport - Номер попытки подключения - 2
2022-07-22 21:12:41,181 - INFO - transport - Номер попытки подключения - 3
2022-07-22 21:12:42,383 - INFO - transport - Номер попытки подключения - 4
2022-07-22 21:12:43,584 - INFO - transport - Номер попытки подключения - 5
2022-07-22 21:12:44,788 - INFO - transport - Номер попытки подключения - 6
2022-07-22 21:12:45,993 - CRITICAL - transport - Подключение к серверу 127.0.0.1:7777 не удалось!
2022-07-22 21:12:58,659 - DEBUG - client - Получение корректных данных для соединения с сервером
2022-07-22 21:12:58,660 - DEBUG - client - Проверка аргументов
2022-07-22 21:12:58,677 - DEBUG - client - Проверка аргументов
2022-07-22 21:12:58,677 - DEBUG - client - Проверка аргументов
2022-07-22 21:13:01,116 - INFO - client - Старт работы клиента с параметрами: адрес сервера - 127.0.0.1, порт: 7777, имя пользователя cl1.
2022-07-22 21:13:01,135 - INFO - transport - Номер попытки подключения - 1
2022-07-22 21:13:01,136 - DEBUG - transport - Установлено соединение с сервером 127.0.0.1:7777
2022-07-22 21:13:02,009 - DEBUG - transport - Выполняется разбор ответа сервера - {'response': 200}
2022-07-22 21:13:02,009 - INFO - transport - Получен ответ от сервера - 200 : OK
2022-07-22 21:13:02,009 - INFO - transport - Соединение с сервером установлено.
2022-07-22 21:13:02,009 - DEBUG - transport - Запрос списка известных пользователей cl1
2022-07-22 21:13:02,856 - DEBUG - transport - Запрос контакт листа для пользователя cl1
2022-07-22 21:13:02,856 - DEBUG - transport - Сформирован запрос {'action': 'get_contacts', 'time': 'Fri Jul 22 21:13:02 2022', 'user': 'cl1'}
2022-07-22 21:13:03,632 - DEBUG - transport - Получен ответ {'response': 202, 'data_list': [2]}
2022-07-22 21:13:03,651 - DEBUG - transport - Приёмник сообщений с сервера запущен.
2022-07-22 21:13:08,858 - DEBUG - client - Получение корректных данных для соединения с сервером
2022-07-22 21:13:08,859 - DEBUG - client - Проверка аргументов
2022-07-22 21:13:08,873 - DEBUG - client - Проверка аргументов
2022-07-22 21:13:08,873 - DEBUG - client - Проверка аргументов
2022-07-22 21:13:11,684 - INFO - client - Старт работы клиента с параметрами: адрес сервера - 127.0.0.1, порт: 7777, имя пользователя cl2.
2022-07-22 21:13:11,700 - INFO - transport - Номер попытки подключения - 1
2022-07-22 21:13:11,700 - DEBUG - transport - Установлено соединение с сервером 127.0.0.1:7777
2022-07-22 21:13:12,544 - DEBUG - transport - Выполняется разбор ответа сервера - {'response': 200}
2022-07-22 21:13:12,544 - INFO - transport - Получен ответ от сервера - 200 : OK
2022-07-22 21:13:12,545 - INFO - transport - Соединение с сервером установлено.
2022-07-22 21:13:12,545 - DEBUG - transport - Запрос списка известных пользователей cl2
2022-07-22 21:13:13,383 - DEBUG - transport - Запрос контакт листа для пользователя cl2
2022-07-22 21:13:13,384 - DEBUG - transport - Сформирован запрос {'action': 'get_contacts', 'time': 'Fri Jul 22 21:13:13 2022', 'user': 'cl2'}
2022-07-22 21:13:14,175 - DEBUG - transport - Получен ответ {'response': 202, 'data_list': [1]}
2022-07-22 21:13:14,183 - DEBUG - transport - Приёмник сообщений с сервера запущен.
2022-07-22 21:13:35,589 - DEBUG - transport - Попытка удаления контакта cl1.
2022-07-22 21:13:36,713 - DEBUG - transport - Выполняется разбор ответа сервера - {'response': 200}
2022-07-22 21:13:36,713 - INFO - transport - Получен ответ от сервера - 200 : OK
2022-07-22 21:13:36,718 - INFO - main_window - Контакт cl1 был удалён
2022-07-22 21:13:53,101 - DEBUG - transport - Транспорт выключается.
2022-07-22 21:13:58,329 - DEBUG - client - Получение корректных данных для соединения с сервером
2022-07-22 21:13:58,329 - DEBUG - client - Проверка аргументов
2022-07-22 21:13:58,341 - DEBUG - client - Проверка аргументов
2022-07-22 21:13:58,342 - DEBUG - client - Проверка аргументов
2022-07-22 21:14:01,131 - INFO - client - Старт работы клиента с параметрами: адрес сервера - 127.0.0.1, порт: 7777, имя пользователя cl2.
2022-07-22 21:14:01,348 - INFO - transport - Номер попытки подключения - 1
2022-07-22 21:14:01,348 - DEBUG - transport - Установлено соединение с сервером 127.0.0.1:7777
2022-07-22 21:14:02,042 - DEBUG - transport - Выполняется разбор ответа сервера - {'response': 200}
2022-07-22 21:14:02,042 - INFO - transport - Получен ответ от сервера - 200 : OK
2022-07-22 21:14:02,043 - INFO - transport - Соединение с сервером установлено.
2022-07-22 21:14:02,043 - DEBUG - transport - Запрос списка известных пользователей cl2
2022-07-22 21:14:03,270 - DEBUG - transport - Запрос контакт листа для пользователя cl2
2022-07-22 21:14:03,270 - DEBUG - transport - Сформирован запрос {'action': 'get_contacts', 'time': 'Fri Jul 22 21:14:03 2022', 'user': 'cl2'}
2022-07-22 21:14:03,658 - DEBUG - transport - Получен ответ {'response': 202, 'data_list': []}
2022-07-22 21:14:03,659 - DEBUG - transport - Приёмник сообщений с сервера запущен.
2022-07-22 21:14:26,841 - DEBUG - main_window - Отправлено сообщение для cl2: ccwfdef
2022-07-22 21:14:26,842 - DEBUG - transport - Было сформированно сообщение: {'action': 'message', 'addresser': 'cl1', 'to': 'cl2', 'time': 'Fri Jul 22 21:14:26 2022', 'mess_text': 'ccwfdef'}.
2022-07-22 21:14:28,432 - DEBUG - transport - Принято сообщение с сервера: {'action': 'message', 'addresser': 'cl1', 'to': 'cl2', 'time': 'Fri Jul 22 21:14:26 2022', 'mess_text': 'ccwfdef'}
2022-07-22 21:14:28,432 - DEBUG - transport - Выполняется разбор ответа сервера - {'action': 'message', 'addresser': 'cl1', 'to': 'cl2', 'time': 'Fri Jul 22 21:14:26 2022', 'mess_text': 'ccwfdef'}
2022-07-22 21:14:28,432 - DEBUG - transport - Получено сообщение от пользователя cl1:ccwfdef
2022-07-22 21:14:29,868 - DEBUG - transport - Попытка создать контакт - cl1
2022-07-22 21:14:31,086 - INFO - main_window - Контакт <PyQt5.QtGui.QStandardItem object at 0x7fcd6c1df640> был добавленю
2022-07-22 21:16:32,990 - DEBUG - transport - Попытка удаления контакта cl2.
2022-07-22 21:16:33,708 - DEBUG - transport - Выполняется разбор ответа сервера - {'response': 200}
2022-07-22 21:16:33,708 - INFO - transport - Получен ответ от сервера - 200 : OK
2022-07-22 21:16:33,712 - INFO - main_window - Контакт cl2 был удалён
2022-07-22 21:16:39,808 - DEBUG - transport - Транспорт выключается.
2022-07-22 21:16:53,453 - DEBUG - transport - Транспорт выключается.
2022-07-22 21:22:42,881 - DEBUG - client - Получение корректных данных для соединения с сервером
2022-07-22 21:22:42,881 - DEBUG - client - Проверка аргументов
2022-07-22 21:22:42,893 - DEBUG - client - Проверка аргументов
2022-07-22 21:22:42,894 - DEBUG - client - Проверка аргументов
2022-07-22 21:22:45,353 - INFO - client - Старт работы клиента с параметрами: адрес сервера - 127.0.0.1, порт: 7777, имя пользователя cl1.
2022-07-22 21:22:45,375 - INFO - transport - Номер попытки подключения - 1
2022-07-22 21:22:45,377 - DEBUG - transport - Установлено соединение с сервером 127.0.0.1:7777
2022-07-22 21:22:46,204 - DEBUG - transport - Выполняется разбор ответа сервера - {'response': 200}
2022-07-22 21:22:46,204 - INFO - transport - Получен ответ от сервера - 200 : OK
2022-07-22 21:22:46,204 - INFO - transport - Соединение с сервером установлено.
2022-07-22 21:22:46,205 - DEBUG - transport - Запрос списка известных пользователей cl1
2022-07-22 21:22:47,028 - DEBUG - transport - Запрос контакт листа для пользователя cl1
2022-07-22 21:22:47,028 - DEBUG - transport - Сформирован запрос {'action': 'get_contacts', 'time': 'Fri Jul 22 21:22:47 2022', 'user': 'cl1'}
2022-07-22 21:22:47,817 - DEBUG - transport - Получен ответ {'response': 202, 'data_list': []}
2022-07-22 21:22:47,818 - DEBUG - transport - Приёмник сообщений с сервера запущен.
2022-07-22 21:22:52,903 - DEBUG - client - Получение корректных данных для соединения с сервером
2022-07-22 21:22:52,903 - DEBUG - client - Проверка аргументов
2022-07-22 21:22:52,917 - DEBUG - client - Проверка аргументов
2022-07-22 21:22:52,918 - DEBUG - client - Проверка аргументов
2022-07-22 21:22:56,641 - INFO - client - Старт работы клиента с параметрами: адрес сервера - 127.0.0.1, порт: 7777, имя пользователя cl2.
2022-07-22 21:22:56,666 - INFO - transport - Номер попытки подключения - 1
2022-07-22 21:22:56,666 - DEBUG - transport - Установлено соединение с сервером 127.0.0.1:7777
2022-07-22 21:22:57,490 - DEBUG - transport - Выполняется разбор ответа сервера - {'response': 200}
2022-07-22 21:22:57,490 - INFO - transport - Получен ответ от сервера - 200 : OK
2022-07-22 21:22:57,490 - INFO - transport - Соединение с сервером установлено.
2022-07-22 21:22:57,490 - DEBUG - transport - Запрос списка известных пользователей cl2
2022-07-22 21:22:58,315 - DEBUG - transport - Запрос контакт листа для пользователя cl2
2022-07-22 21:22:58,315 - DEBUG - transport - Сформирован запрос {'action': 'get_contacts', 'time': 'Fri Jul 22 21:22:58 2022', 'user': 'cl2'}
2022-07-22 21:22:59,103 - DEBUG - transport - Получен ответ {'response': 202, 'data_list': [1]}
2022-07-22 21:22:59,112 - DEBUG - transport - Приёмник сообщений с сервера запущен.
2022-07-22 21:23:14,713 - DEBUG - main_window - Отправлено сообщение для cl1: fefef
2022-07-22 21:23:14,717 - DEBUG - transport - Было сформированно сообщение: {'action': 'message', 'addresser': 'cl2', 'to': 'cl1', 'time': 'Fri Jul 22 21:23:14 2022', 'mess_text': 'fefef'}.
2022-07-22 21:23:16,174 - DEBUG - transport - Принято сообщение с сервера: {'action': 'message', 'addresser': 'cl2', 'to': 'cl1', 'time': 'Fri Jul 22 21:23:14 2022', 'mess_text': 'fefef'}
2022-07-22 21:23:16,174 - DEBUG - transport - Выполняется разбор ответа сервера - {'action': 'message', 'addresser': 'cl2', 'to': 'cl1', 'time': 'Fri Jul 22 21:23:14 2022', 'mess_text': 'fefef'}
2022-07-22 21:23:16,175 - DEBUG - transport - Получено сообщение от пользователя cl2:fefef
2022-07-22 21:23:18,261 - DEBUG - transport - Попытка создать контакт - cl2
2022-07-22 21:23:18,503 - INFO - main_window - Контакт <PyQt5.QtGui.QStandardItem object at 0x7fcb94067490> был добавленю
2022-07-22 21:23:35,012 - DEBUG - transport - Транспорт выключается.
2022-07-22 21:23:42,162 - DEBUG - client - Получение корректных данных для соединения с сервером
2022-07-22 21:23:42,162 - DEBUG - client - Проверка аргументов
2022-07-22 21:23:42,174 - DEBUG - client - Проверка аргументов
2022-07-22 21:23:42,174 - DEBUG - client - Проверка аргументов
2022-07-22 21:23:46,144 - INFO - client - Старт работы клиента с параметрами: адрес сервера - 127.0.0.1, порт: 7777, имя пользователя cl1.
2022-07-22 21:23:46,167 - INFO - transport - Номер попытки подключения - 1
2022-07-22 21:23:46,168 - DEBUG - transport - Установлено соединение с сервером 127.0.0.1:7777
2022-07-22 21:23:46,984 - DEBUG - transport - Выполняется разбор ответа сервера - {'response': 200}
2022-07-22 21:23:46,984 - INFO - transport - Получен ответ от сервера - 200 : OK
2022-07-22 21:23:46,984 - INFO - transport - Соединение с сервером установлено.
2022-07-22 21:23:46,985 - DEBUG - transport - Запрос списка известных пользователей cl1
2022-07-22 21:23:47,811 - DEBUG - transport - Запрос контакт листа для пользователя cl1
2022-07-22 21:23:47,811 - DEBUG - transport - Сформирован запрос {'action': 'get_contacts', 'time': 'Fri Jul 22 21:23:47 2022', 'user': 'cl1'}
2022-07-22 21:23:48,599 - DEBUG - transport - Получен ответ {'response': 202, 'data_list': [2]}
2022-07-22 21:23:48,611 - DEBUG - transport - Приёмник сообщений с сервера запущен.
2022-07-22 21:24:01,480 - DEBUG - main_window - Отправлено сообщение для cl1: efefefef
2022-07-22 21:24:01,482 - DEBUG - transport - Было сформированно сообщение: {'action': 'message', 'addresser': 'cl2', 'to': 'cl1', 'time': 'Fri Jul 22 21:24:01 2022', 'mess_text': 'efefefef'}.
2022-07-22 21:24:02,477 - DEBUG - transport - Принято сообщение с сервера: {'action': 'message', 'addresser': 'cl2', 'to': 'cl1', 'time': 'Fri Jul 22 21:24:01 2022', 'mess_text': 'efefefef'}
2022-07-22 21:24:02,477 - DEBUG - transport - Выполняется разбор ответа сервера - {'action': 'message', 'addresser': 'cl2', 'to': 'cl1', 'time': 'Fri Jul 22 21:24:01 2022', 'mess_text': 'efefefef'}
2022-07-22 21:24:02,477 - DEBUG - transport - Получено сообщение от пользователя cl2:efefefef
2022-07-22 21:34:36,076 - DEBUG - transport - Транспорт выключается.
2022-07-22 21:34:38,105 - DEBUG - transport - Транспорт выключается.
2022-07-22 21:34:42,903 - DEBUG - client - Получение корректных данных для соединения с сервером
2022-07-22 21:34:42,903 - DEBUG - client - Проверка аргументов
2022-07-22 21:34:42,915 - DEBUG - client - Проверка аргументов
2022-07-22 21:34:42,915 - DEBUG - client - Проверка аргументов
2022-07-22 21:34:45,061 - INFO - client - Старт работы клиента с параметрами: адрес сервера - 127.0.0.1, порт: 7777, имя пользователя cl1.
2022-07-22 21:34:45,087 - INFO - transport - Номер попытки подключения - 1
2022-07-22 21:34:45,088 - DEBUG - transport - Установлено соединение с сервером 127.0.0.1:7777
2022-07-22 21:34:45,917 - DEBUG - transport - Выполняется разбор ответа сервера - {'response': 200}
2022-07-22 21:34:45,917 - INFO - transport - Получен ответ от сервера - 200 : OK
2022-07-22 21:34:45,918 - INFO - transport - Соединение с сервером установлено.
2022-07-22 21:34:45,918 - DEBUG - transport - Запрос списка известных пользователей cl1
2022-07-22 21:34:46,767 - DEBUG - transport - Запрос контакт листа для пользователя cl1
2022-07-22 21:34:46,767 - DEBUG - transport - Сформирован запрос {'action': 'get_contacts', 'time': 'Fri Jul 22 21:34:46 2022', 'user': 'cl1'}
2022-07-22 21:34:47,549 - DEBUG - transport - Получен ответ {'response': 202, 'data_list': [2]}
2022-07-22 21:34:47,591 - DEBUG - transport - Приёмник сообщений с сервера запущен.
2022-07-22 21:34:54,887 - DEBUG - client - Получение корректных данных для соединения с сервером
2022-07-22 21:34:54,887 - DEBUG - client - Проверка аргументов
2022-07-22 21:34:54,901 - DEBUG - client - Проверка аргументов
2022-07-22 21:34:54,901 - DEBUG - client - Проверка аргументов
2022-07-22 21:34:56,854 - INFO - client - Старт работы клиента с параметрами: адрес сервера - 127.0.0.1, порт: 7777, имя пользователя cl2.
2022-07-22 21:34:56,886 - INFO - transport - Номер попытки подключения - 1
2022-07-22 21:34:56,886 - DEBUG - transport - Установлено соединение с сервером 127.0.0.1:7777
2022-07-22 21:34:57,737 - DEBUG - transport - Выполняется разбор ответа сервера - {'response': 200}
2022-07-22 21:34:57,737 - INFO - transport - Получен ответ от сервера - 200 : OK
2022-07-22 21:34:57,738 - INFO - transport - Соединение с сервером установлено.
2022-07-22 21:34:57,738 - DEBUG - transport - Запрос списка известных пользователей cl2
2022-07-22 21:34:58,566 - DEBUG - transport - Запрос контакт листа для пользователя cl2
2022-07-22 21:34:58,566 - DEBUG - transport - Сформирован запрос {'action': 'get_contacts', 'time': 'Fri Jul 22 21:34:58 2022', 'user': 'cl2'}
2022-07-22 21:34:59,350 - DEBUG - transport - Получен ответ {'response': 202, 'data_list': [1]}
2022-07-22 21:34:59,359 - DEBUG - transport - Приёмник сообщений с сервера запущен.
2022-07-22 21:35:15,282 - DEBUG - transport - Попытка удаления контакта cl1.
2022-07-22 21:35:16,205 - DEBUG - transport - Выполняется разбор ответа сервера - {'response': 200}
2022-07-22 21:35:16,205 - INFO - transport - Получен ответ от сервера - 200 : OK
2022-07-22 21:35:16,210 - INFO - main_window - Контакт cl1 был удалён
2022-07-22 21:35:38,310 - DEBUG - transport - Транспорт выключается.
2022-07-22 21:35:40,155 - DEBUG - transport - Транспорт выключается.
2022-07-22 21:39:08,764 - DEBUG - client - Получение корректных данных для соединения с сервером
2022-07-22 21:39:08,764 - DEBUG - client - Проверка аргументов
2022-07-22 21:39:08,776 - DEBUG - client - Проверка аргументов
2022-07-22 21:39:08,776 - DEBUG - client - Проверка аргументов
2022-07-22 21:39:13,212 - INFO - client - Старт работы клиента с параметрами: адрес сервера - 127.0.0.1, порт: 7777, имя пользователя cl1.
2022-07-22 21:39:13,231 - INFO - transport - Номер попытки подключения - 1
2022-07-22 21:39:13,233 - DEBUG - transport - Установлено соединение с сервером 127.0.0.1:7777
2022-07-22 21:39:14,147 - DEBUG - transport - Выполняется разбор ответа сервера - {'response': 200}
2022-07-22 21:39:14,148 - INFO - transport - Получен ответ от сервера - 200 : OK
2022-07-22 21:39:14,148 - INFO - transport - Соединение с сервером установлено.
2022-07-22 21:39:14,148 - DEBUG - transport - Запрос списка известных пользователей cl1
2022-07-22 21:39:14,982 - DEBUG - transport - Запрос контакт листа для пользователя cl1
2022-07-22 21:39:14,982 - DEBUG - transport - Сформирован запрос {'action': 'get_contacts', 'time': 'Fri Jul 22 21:39:14 2022', 'user': 'cl1'}
2022-07-22 21:39:15,774 - DEBUG - transport - Получен ответ {'response': 202, 'data_list': [2]}
2022-07-22 21:39:15,782 - DEBUG - transport - Приёмник сообщений с сервера запущен.
2022-07-22 21:39:22,673 - DEBUG - client - Получение корректных данных для соединения с сервером
2022-07-22 21:39:22,673 - DEBUG - client - Проверка аргументов
2022-07-22 21:39:22,685 - DEBUG - client - Проверка аргументов
2022-07-22 21:39:22,685 - DEBUG - client - Проверка аргументов
2022-07-22 21:39:24,684 - INFO - client - Старт работы клиента с параметрами: адрес сервера - 127.0.0.1, порт: 7777, имя пользователя cl2.
2022-07-22 21:39:24,710 - INFO - transport - Номер попытки подключения - 1
2022-07-22 21:39:24,711 - DEBUG - transport - Установлено соединение с сервером 127.0.0.1:7777
2022-07-22 21:39:25,532 - DEBUG - transport - Выполняется разбор ответа сервера - {'response': 200}
2022-07-22 21:39:25,532 - INFO - transport - Получен ответ от сервера - 200 : OK
2022-07-22 21:39:25,532 - INFO - transport - Соединение с сервером установлено.
2022-07-22 21:39:25,532 - DEBUG - transport - Запрос списка известных пользователей cl2
2022-07-22 21:39:26,360 - DEBUG - transport - Запрос контакт листа для пользователя cl2
2022-07-22 21:39:26,360 - DEBUG - transport - Сформирован запрос {'action': 'get_contacts', 'time': 'Fri Jul 22 21:39:26 2022', 'user': 'cl2'}
2022-07-22 21:39:27,171 - DEBUG - transport - Получен ответ {'response': 202, 'data_list': []}
2022-07-22 21:39:27,172 - DEBUG - transport - Приёмник сообщений с сервера запущен.
2022-07-22 21:40:14,850 - DEBUG - transport - Попытка удаления контакта cl2.
2022-07-22 21:40:16,264 - DEBUG - transport - Выполняется разбор ответа сервера - {'response': 200}
2022-07-22 21:40:16,264 - INFO - transport - Получен ответ от сервера - 200 : OK
2022-07-22 21:40:16,268 - INFO - main_window - Контакт cl2 был удалён
2022-07-22 21:41:52,156 - DEBUG - transport - Транспорт выключается.
2022-07-22 21:41:54,637 - DEBUG - transport - Транспорт выключается.
2022-07-22 21:43:16,059 - DEBUG - client - Получение корректных данных для соединения с сервером
2022-07-22 21:43:16,059 - DEBUG - client - Проверка аргументов
2022-07-22 21:43:16,072 - DEBUG - client - Проверка аргументов
2022-07-22 21:43:16,072 - DEBUG - client - Проверка аргументов
2022-07-22 21:43:19,805 - INFO - client - Старт работы клиента с параметрами: адрес сервера - 127.0.0.1, порт: 7777, имя пользователя cl1.
2022-07-22 21:43:19,822 - INFO - transport - Номер попытки подключения - 1
2022-07-22 21:43:19,824 - DEBUG - transport - Установлено соединение с сервером 127.0.0.1:7777
2022-07-22 21:43:20,655 - DEBUG - transport - Выполняется разбор ответа сервера - {'response': 200}
2022-07-22 21:43:20,655 - INFO - transport - Получен ответ от сервера - 200 : OK
2022-07-22 21:43:20,655 - INFO - transport - Соединение с сервером установлено.
2022-07-22 21:43:20,655 - DEBUG - transport - Запрос списка известных пользователей cl1
2022-07-22 21:43:21,491 - DEBUG - transport - Запрос контакт листа для пользователя cl1
2022-07-22 21:43:21,491 - DEBUG - transport - Сформирован запрос {'action': 'get_contacts', 'time': 'Fri Jul 22 21:43:21 2022', 'user': 'cl1'}
2022-07-22 21:43:22,284 - DEBUG - transport - Получен ответ {'response': 202, 'data_list': []}
2022-07-22 21:43:22,284 - DEBUG - transport - Приёмник сообщений с сервера запущен.
2022-07-22 21:43:48,176 - DEBUG - transport - Транспорт выключается.
2022-07-22 21:45:35,423 - DEBUG - client - Получение корректных данных для соединения с сервером
2022-07-22 21:45:35,423 - DEBUG - client - Проверка аргументов
2022-07-22 21:45:35,443 - DEBUG - client - Проверка аргументов
2022-07-22 21:45:35,443 - DEBUG - client - Проверка аргументов
2022-07-22 21:45:55,254 - DEBUG - client - Получение корректных данных для соединения с сервером
2022-07-22 21:45:55,254 - DEBUG - client - Проверка аргументов
2022-07-22 21:45:55,267 - DEBUG - client - Проверка аргументов
2022-07-22 21:45:55,268 - DEBUG - client - Проверка аргументов
2022-07-22 21:45:57,274 - INFO - client - Старт работы клиента с параметрами: адрес сервера - 127.0.0.1, порт: 7777, имя пользователя cl1.
2022-07-22 21:45:57,298 - INFO - transport - Номер попытки подключения - 1
2022-07-22 21:45:57,299 - DEBUG - transport - Установлено соединение с сервером 127.0.0.1:7777
2022-07-22 21:45:58,123 - DEBUG - transport - Выполняется разбор ответа сервера - {'response': 200}
2022-07-22 21:45:58,123 - INFO - transport - Получен ответ от сервера - 200 : OK
2022-07-22 21:45:58,123 - INFO - transport - Соединение с сервером установлено.
2022-07-22 21:45:58,123 - DEBUG - transport - Запрос списка известных пользователей cl1
2022-07-22 21:45:59,010 - DEBUG - transport - Запрос контакт листа для пользователя cl1
2022-07-22 21:45:59,011 - DEBUG - transport - Сформирован запрос {'action': 'get_contacts', 'time': 'Fri Jul 22 21:45:59 2022', 'user': 'cl1'}
2022-07-22 21:45:59,789 - DEBUG - transport - Получен ответ {'response': 202, 'data_list': []}
2022-07-22 21:45:59,789 - DEBUG - transport - Приёмник сообщений с сервера запущен.
2022-07-22 21:48:45,702 - DEBUG - transport - Транспорт выключается.
2022-07-22 21:48:50,413 - DEBUG - client - Получение корректных данных для соединения с сервером
2022-07-22 21:48:50,414 - DEBUG - client - Проверка аргументов
2022-07-22 21:48:50,425 - DEBUG - client - Проверка аргументов
2022-07-22 21:48:50,425 - DEBUG - client - Проверка аргументов
2022-07-22 21:48:52,369 - INFO - client - Старт работы клиента с параметрами: адрес сервера - 127.0.0.1, порт: 7777, имя пользователя cl1.
2022-07-22 21:48:52,407 - INFO - transport - Номер попытки подключения - 1
2022-07-22 21:48:52,407 - DEBUG - transport - Установлено соединение с сервером 127.0.0.1:7777
2022-07-22 21:48:52,443 - DEBUG - transport - Выполняется разбор ответа сервера - {'response': 200}
2022-07-22 21:48:52,443 - INFO - transport - Получен ответ от сервера - 200 : OK
2022-07-22 21:48:52,443 - INFO - transport - Соединение с сервером установлено.
2022-07-22 21:48:52,443 - DEBUG - transport - Запрос списка известных пользователей cl1
2022-07-22 21:48:53,314 - DEBUG - transport - Запрос контакт листа для пользователя cl1
2022-07-22 21:48:53,315 - DEBUG - transport - Сформирован запрос {'action': 'get_contacts', 'time': 'Fri Jul 22 21:48:53 2022', 'user': 'cl1'}
2022-07-22 21:48:54,059 - DEBUG - transport - Получен ответ {'response': 202, 'data_list': []}
2022-07-22 21:48:54,060 - DEBUG - transport - Приёмник сообщений с сервера запущен.
2022-07-22 21:49:10,379 - DEBUG - client - Получение корректных данных для соединения с сервером
2022-07-22 21:49:10,379 - DEBUG - client - Проверка аргументов
2022-07-22 21:49:10,391 - DEBUG - client - Проверка аргументов
2022-07-22 21:49:10,391 - DEBUG - client - Проверка аргументов
2022-07-22 21:49:12,369 - INFO - client - Старт работы клиента с параметрами: адрес сервера - 127.0.0.1, порт: 7777, имя пользователя cl2.
2022-07-22 21:49:12,407 - INFO - transport - Номер попытки подключения - 1
2022-07-22 21:49:12,407 - DEBUG - transport - Установлено соединение с сервером 127.0.0.1:7777
2022-07-22 21:49:12,503 - DEBUG - transport - Выполняется разбор ответа сервера - {'response': 200}
2022-07-22 21:49:12,503 - INFO - transport - Получен ответ от сервера - 200 : OK
2022-07-22 21:49:12,504 - INFO - transport - Соединение с сервером установлено.
2022-07-22 21:49:12,504 - DEBUG - transport - Запрос списка известных пользователей cl2
2022-07-22 21:49:13,346 - DEBUG - transport - Запрос контакт листа для пользователя cl2
2022-07-22 21:49:13,346 - DEBUG - transport - Сформирован запрос {'action': 'get_contacts', 'time': 'Fri Jul 22 21:49:13 2022', 'user': 'cl2'}
2022-07-22 21:49:14,134 - DEBUG - transport - Получен ответ {'response': 202, 'data_list': []}
2022-07-22 21:49:14,135 - DEBUG - transport - Приёмник сообщений с сервера запущен.
2022-07-22 21:49:23,146 - DEBUG - transport - Попытка создать контакт - cl2
2022-07-22 21:49:23,811 - INFO - main_window - Контакт <PyQt5.QtGui.QStandardItem object at 0x7f407a27a680> был добавленю
2022-07-22 21:49:41,048 - DEBUG - transport - Транспорт выключается.
2022-07-22 21:49:46,544 - DEBUG - client - Получение корректных данных для соединения с сервером
2022-07-22 21:49:46,544 - DEBUG - client - Проверка аргументов
2022-07-22 21:49:46,558 - DEBUG - client - Проверка аргументов
2022-07-22 21:49:46,558 - DEBUG - client - Проверка аргументов
2022-07-22 21:49:51,120 - INFO - client - Старт работы клиента с параметрами: адрес сервера - 127.0.0.1, порт: 7777, имя пользователя cl1.
2022-07-22 21:49:51,142 - INFO - transport - Номер попытки подключения - 1
2022-07-22 21:49:51,143 - DEBUG - transport - Установлено соединение с сервером 127.0.0.1:7777
2022-07-22 21:49:51,973 - DEBUG - transport - Выполняется разбор ответа сервера - {'response': 200}
2022-07-22 21:49:51,973 - INFO - transport - Получен ответ от сервера - 200 : OK
2022-07-22 21:49:51,974 - INFO - transport - Соединение с сервером установлено.
2022-07-22 21:49:51,974 - DEBUG - transport - Запрос списка известных пользователей cl1
2022-07-22 21:49:52,800 - DEBUG - transport - Запрос контакт листа для пользователя cl1
2022-07-22 21:49:52,800 - DEBUG - transport - Сформирован запрос {'action': 'get_contacts', 'time': 'Fri Jul 22 21:49:52 2022', 'user': 'cl1'}
2022-07-22 21:49:53,587 - DEBUG - transport - Получен ответ {'response': 202, 'data_list': [2]}
2022-07-22 21:49:53,597 - DEBUG - transport - Приёмник сообщений с сервера запущен.
2022-07-22 21:50:05,534 - DEBUG - transport - Попытка удаления контакта cl2.
2022-07-22 21:50:05,648 - DEBUG - transport - Выполняется разбор ответа сервера - {'response': 200}
2022-07-22 21:50:05,648 - INFO - transport - Получен ответ от сервера - 200 : OK
2022-07-22 21:50:05,653 - INFO - main_window - Контакт cl2 был удалён
2022-07-22 21:53:32,894 - DEBUG - transport - Транспорт выключается.
2022-07-22 21:53:35,728 - DEBUG - transport - Транспорт выключается.
2022-07-22 21:54:08,839 - DEBUG - client - Получение корректных данных для соединения с сервером
2022-07-22 21:54:08,839 - DEBUG - client - Проверка аргументов
2022-07-22 21:54:08,851 - DEBUG - client - Проверка аргументов
2022-07-22 21:54:08,851 - DEBUG - client - Проверка аргументов
2022-07-22 21:54:11,320 - INFO - client - Старт работы клиента с параметрами: адрес сервера - 127.0.0.1, порт: 7777, имя пользователя cl1.
2022-07-22 21:54:11,413 - INFO - transport - Номер попытки подключения - 1
2022-07-22 21:54:11,417 - DEBUG - transport - Установлено соединение с сервером 127.0.0.1:7777
2022-07-22 21:54:12,243 - DEBUG - transport - Выполняется разбор ответа сервера - {'response': 200}
2022-07-22 21:54:12,243 - INFO - transport - Получен ответ от сервера - 200 : OK
2022-07-22 21:54:12,243 - INFO - transport - Соединение с сервером установлено.
2022-07-22 21:54:12,243 - DEBUG - transport - Запрос списка известных пользователей cl1
2022-07-22 21:54:13,211 - DEBUG - transport - Запрос контакт листа для пользователя cl1
2022-07-22 21:54:13,211 - DEBUG - transport - Сформирован запрос {'action': 'get_contacts', 'time': 'Fri Jul 22 21:54:13 2022', 'user': 'cl1'}
2022-07-22 21:54:13,867 - DEBUG - transport - Получен ответ {'response': 202, 'data_list': []}
2022-07-22 21:54:13,867 - DEBUG - transport - Приёмник сообщений с сервера запущен.
2022-07-22 21:54:20,797 - DEBUG - client - Получение корректных данных для соединения с сервером
2022-07-22 21:54:20,797 - DEBUG - client - Проверка аргументов
2022-07-22 21:54:20,808 - DEBUG - client - Проверка аргументов
2022-07-22 21:54:20,809 - DEBUG - client - Проверка аргументов
2022-07-22 21:54:22,951 - INFO - client - Старт работы клиента с параметрами: адрес сервера - 127.0.0.1, порт: 7777, имя пользователя cl2.
2022-07-22 21:54:22,972 - INFO - transport - Номер попытки подключения - 1
2022-07-22 21:54:22,973 - DEBUG - transport - Установлено соединение с сервером 127.0.0.1:7777
2022-07-22 21:54:23,800 - DEBUG - transport - Выполняется разбор ответа сервера - {'response': 200}
2022-07-22 21:54:23,800 - INFO - transport - Получен ответ от сервера - 200 : OK
2022-07-22 21:54:23,800 - INFO - transport - Соединение с сервером установлено.
2022-07-22 21:54:23,800 - DEBUG - transport - Запрос списка известных пользователей cl2
2022-07-22 21:54:24,651 - DEBUG - transport - Запрос контакт листа для пользователя cl2
2022-07-22 21:54:24,651 - DEBUG - transport - Сформирован запрос {'action': 'get_contacts', 'time': 'Fri Jul 22 21:54:24 2022', 'user': 'cl2'}
2022-07-22 21:54:25,417 - DEBUG - transport - Получен ответ {'response': 202, 'data_list': []}
2022-07-22 21:54:25,417 - DEBUG - transport - Приёмник сообщений с сервера запущен.
2022-07-22 21:54:39,799 - DEBUG - transport - Попытка создать контакт - cl1
2022-07-22 21:54:40,703 - INFO - main_window - Контакт <PyQt5.QtGui.QStandardItem object at 0x7f9e80952680> был добавленю
2022-07-22 21:54:47,735 - DEBUG - transport - Попытка создать контакт - cl2
2022-07-22 21:54:48,791 - INFO - main_window - Контакт <PyQt5.QtGui.QStandardItem object at 0x7f8cff056680> был добавленю
2022-07-22 21:55:18,103 - DEBUG - transport - Транспорт выключается.
2022-07-22 21:55:19,127 - DEBUG - transport - Транспорт выключается.
2022-07-22 21:56:12,800 - DEBUG - client - Получение корректных данных для соединения с сервером
2022-07-22 21:56:12,800 - DEBUG - client - Проверка аргументов
2022-07-22 21:56:12,812 - DEBUG - client - Проверка аргументов
2022-07-22 21:56:12,812 - DEBUG - client - Проверка аргументов
2022-07-22 21:56:15,150 - INFO - client - Старт работы клиента с параметрами: адрес сервера - 127.0.0.1, порт: 7777, имя пользователя cl1.
2022-07-22 21:56:15,187 - INFO - transport - Номер попытки подключения - 1
2022-07-22 21:56:16,388 - INFO - transport - Номер попытки подключения - 2
2022-07-22 21:56:17,590 - INFO - transport - Номер попытки подключения - 3
2022-07-22 21:56:18,791 - INFO - transport - Номер попытки подключения - 4
2022-07-22 21:56:19,992 - INFO - transport - Номер попытки подключения - 5
2022-07-22 21:56:21,206 - INFO - transport - Номер попытки подключения - 6
2022-07-22 21:56:22,407 - CRITICAL - transport - Подключение к серверу 127.0.0.1:7777 не удалось!
2022-07-22 21:56:24,614 - DEBUG - client - Получение корректных данных для соединения с сервером
2022-07-22 21:56:24,614 - DEBUG - client - Проверка аргументов
2022-07-22 21:56:24,626 - DEBUG - client - Проверка аргументов
2022-07-22 21:56:24,627 - DEBUG - client - Проверка аргументов
2022-07-22 21:56:27,095 - INFO - client - Старт работы клиента с параметрами: адрес сервера - 127.0.0.1, порт: 7777, имя пользователя cl2.
2022-07-22 21:56:27,136 - INFO - transport - Номер попытки подключения - 1
2022-07-22 21:56:28,338 - INFO - transport - Номер попытки подключения - 2
2022-07-22 21:56:29,539 - INFO - transport - Номер попытки подключения - 3
2022-07-22 21:56:30,741 - INFO - transport - Номер попытки подключения - 4
2022-07-22 21:56:31,947 - INFO - transport - Номер попытки подключения - 5
2022-07-22 21:56:33,151 - INFO - transport - Номер попытки подключения - 6
2022-07-22 21:56:34,351 - CRITICAL - transport - Подключение к серверу 127.0.0.1:7777 не удалось!
2022-07-22 21:56:55,222 - DEBUG - client - Получение корректных данных для соединения с сервером
2022-07-22 21:56:55,222 - DEBUG - client - Проверка аргументов
2022-07-22 21:56:55,233 - DEBUG - client - Проверка аргументов
2022-07-22 21:56:55,234 - DEBUG - client - Проверка аргументов
2022-07-22 21:56:57,335 - INFO - client - Старт работы клиента с параметрами: адрес сервера - 127.0.0.1, порт: 7777, имя пользователя cl1.
2022-07-22 21:56:57,501 - INFO - transport - Номер попытки подключения - 1
2022-07-22 21:56:57,501 - DEBUG - transport - Установлено соединение с сервером 127.0.0.1:7777
2022-07-22 21:56:57,559 - DEBUG - transport - Выполняется разбор ответа сервера - {'response': 200}
2022-07-22 21:56:57,559 - INFO - transport - Получен ответ от сервера - 200 : OK
2022-07-22 21:56:57,560 - INFO - transport - Соединение с сервером установлено.
2022-07-22 21:56:57,560 - DEBUG - transport - Запрос списка известных пользователей cl1
2022-07-22 21:56:58,405 - DEBUG - transport - Запрос контакт листа для пользователя cl1
2022-07-22 21:56:58,405 - DEBUG - transport - Сформирован запрос {'action': 'get_contacts', 'time': 'Fri Jul 22 21:56:58 2022', 'user': 'cl1'}
2022-07-22 21:56:59,188 - DEBUG - transport - Получен ответ {'response': 202, 'data_list': [2]}
2022-07-22 21:56:59,197 - DEBUG - transport - Приёмник сообщений с сервера запущен.
2022-07-22 21:57:09,490 - DEBUG - client - Получение корректных данных для соединения с сервером
2022-07-22 21:57:09,490 - DEBUG - client - Проверка аргументов
2022-07-22 21:57:09,501 - DEBUG - client - Проверка аргументов
2022-07-22 21:57:09,502 - DEBUG - client - Проверка аргументов
2022-07-22 21:57:13,222 - INFO - client - Старт работы клиента с параметрами: адрес сервера - 127.0.0.1, порт: 7777, имя пользователя cl2.
2022-07-22 21:57:13,244 - INFO - transport - Номер попытки подключения - 1
2022-07-22 21:57:13,244 - DEBUG - transport - Установлено соединение с сервером 127.0.0.1:7777
2022-07-22 21:57:14,062 - DEBUG - transport - Выполняется разбор ответа сервера - {'response': 200}
2022-07-22 21:57:14,062 - INFO - transport - Получен ответ от сервера - 200 : OK
2022-07-22 21:57:14,062 - INFO - transport - Соединение с сервером установлено.
2022-07-22 21:57:14,063 - DEBUG - transport - Запрос списка известных пользователей cl2
2022-07-22 21:57:14,905 - DEBUG - transport - Запрос контакт листа для пользователя cl2
2022-07-22 21:57:14,905 - DEBUG - transport - Сформирован запрос {'action': 'get_contacts', 'time': 'Fri Jul 22 21:57:14 2022', 'user': 'cl2'}
2022-07-22 21:57:15,686 - DEBUG - transport - Получен ответ {'response': 202, 'data_list': [1]}
2022-07-22 21:57:15,695 - DEBUG - transport - Приёмник сообщений с сервера запущен.
2022-07-22 21:59:42,930 - DEBUG - transport - Попытка удаления контакта cl2.
2022-07-22 21:59:43,223 - DEBUG - transport - Выполняется разбор ответа сервера - {'response': 200}
2022-07-22 21:59:43,223 - INFO - transport - Получен ответ от сервера - 200 : OK
2022-07-22 21:59:43,228 - INFO - main_window - Контакт cl2 был удалён
2022-07-22 22:00:30,282 - DEBUG - transport - Транспорт выключается.
2022-07-22 22:00:32,555 - DEBUG - transport - Принято сообщение с сервера: None
2022-07-22 22:00:32,556 - DEBUG - transport - Выполняется разбор ответа сервера - None
2022-07-22 22:00:33,471 - DEBUG - transport - Транспорт выключается.
2022-07-22 22:08:55,022 - DEBUG - client - Получение корректных данных для соединения с сервером
2022-07-22 22:08:55,040 - DEBUG - client - Проверка аргументов
2022-07-22 22:08:55,055 - DEBUG - client - Проверка аргументов
2022-07-22 22:08:55,055 - DEBUG - client - Проверка аргументов
2022-07-22 22:08:58,065 - INFO - client - Старт работы клиента с параметрами: адрес сервера - 127.0.0.1, порт: 7777, имя пользователя cl1.
2022-07-22 22:08:58,220 - INFO - transport - Номер попытки подключения - 1
2022-07-22 22:08:58,220 - DEBUG - transport - Установлено соединение с сервером 127.0.0.1:7777
2022-07-22 22:08:59,094 - DEBUG - transport - Выполняется разбор ответа сервера - {'response': 200}
2022-07-22 22:08:59,094 - INFO - transport - Получен ответ от сервера - 200 : OK
2022-07-22 22:08:59,095 - INFO - transport - Соединение с сервером установлено.
2022-07-22 22:08:59,095 - DEBUG - transport - Запрос списка известных пользователей cl1
2022-07-22 22:09:00,020 - DEBUG - transport - Запрос контакт листа для пользователя cl1
2022-07-22 22:09:00,020 - DEBUG - transport - Сформирован запрос {'action': 'get_contacts', 'time': 'Fri Jul 22 22:09:00 2022', 'user': 'cl1'}
2022-07-22 22:09:00,741 - DEBUG - transport - Получен ответ {'response': 202, 'data_list': []}
2022-07-22 22:09:00,742 - DEBUG - transport - Приёмник сообщений с сервера запущен.
2022-07-22 22:09:05,895 - DEBUG - client - Получение корректных данных для соединения с сервером
2022-07-22 22:09:05,895 - DEBUG - client - Проверка аргументов
2022-07-22 22:09:05,907 - DEBUG - client - Проверка аргументов
2022-07-22 22:09:05,907 - DEBUG - client - Проверка аргументов
2022-07-22 22:09:09,994 - INFO - client - Старт работы клиента с параметрами: адрес сервера - 127.0.0.1, порт: 7777, имя пользователя cl2.
2022-07-22 22:09:10,094 - INFO - transport - Номер попытки подключения - 1
2022-07-22 22:09:10,094 - DEBUG - transport - Установлено соединение с сервером 127.0.0.1:7777
2022-07-22 22:09:10,135 - DEBUG - transport - Выполняется разбор ответа сервера - {'response': 200}
2022-07-22 22:09:10,135 - INFO - transport - Получен ответ от сервера - 200 : OK
2022-07-22 22:09:10,136 - INFO - transport - Соединение с сервером установлено.
2022-07-22 22:09:10,136 - DEBUG - transport - Запрос списка известных пользователей cl2
2022-07-22 22:09:10,988 - DEBUG - transport - Запрос контакт листа для пользователя cl2
2022-07-22 22:09:10,988 - DEBUG - transport - Сформирован запрос {'action': 'get_contacts', 'time': 'Fri Jul 22 22:09:10 2022', 'user': 'cl2'}
2022-07-22 22:09:11,750 - DEBUG - transport - Получен ответ {'response': 202, 'data_list': []}
2022-07-22 22:09:11,751 - DEBUG - transport - Приёмник сообщений с сервера запущен.
2022-07-22 22:09:21,653 - DEBUG - transport - Запрос списка известных пользователей cl1
2022-07-22 22:09:22,232 - DEBUG - add_contact - Выполнено обновление списка пользователя с сервера
2022-07-22 22:09:23,869 - DEBUG - transport - Попытка создать контакт - cl2
2022-07-22 22:09:24,663 - INFO - main_window - Контакт <PyQt5.QtGui.QStandardItem object at 0x7f6188d025f0> был добавленю
2022-07-22 22:09:31,418 - DEBUG - transport - Попытка создать контакт - cl1
2022-07-22 22:09:31,931 - INFO - main_window - Контакт <PyQt5.QtGui.QStandardItem object at 0x7f9a0fb52680> был добавленю
2022-07-22 22:11:02,588 - DEBUG - transport - Транспорт выключается.
2022-07-22 22:11:04,763 - DEBUG - transport - Транспорт выключается.
2022-07-22 22:11:09,774 - DEBUG - client - Получение корректных данных для соединения с сервером
2022-07-22 22:11:09,774 - DEBUG - client - Проверка аргументов
2022-07-22 22:11:09,786 - DEBUG - client - Проверка аргументов
2022-07-22 22:11:09,786 - DEBUG - client - Проверка аргументов
2022-07-22 22:11:15,001 - INFO - client - Старт работы клиента с параметрами: адрес сервера - 127.0.0.1, порт: 7777, имя пользователя cl1.
2022-07-22 22:11:15,045 - INFO - transport - Номер попытки подключения - 1
2022-07-22 22:11:15,045 - DEBUG - transport - Установлено соединение с сервером 127.0.0.1:7777
2022-07-22 22:11:15,874 - DEBUG - transport - Выполняется разбор ответа сервера - {'response': 200}
2022-07-22 22:11:15,874 - INFO - transport - Получен ответ от сервера - 200 : OK
2022-07-22 22:11:15,874 - INFO - transport - Соединение с сервером установлено.
2022-07-22 22:11:15,875 - DEBUG - transport - Запрос списка известных пользователей cl1
2022-07-22 22:11:16,720 - DEBUG - transport - Запрос контакт листа для пользователя cl1
2022-07-22 22:11:16,720 - DEBUG - transport - Сформирован запрос {'action': 'get_contacts', 'time': 'Fri Jul 22 22:11:16 2022', 'user': 'cl1'}
2022-07-22 22:11:17,492 - DEBUG - transport - Получен ответ {'response': 202, 'data_list': [2]}
2022-07-22 22:11:17,635 - DEBUG - transport - Приёмник сообщений с сервера запущен.
2022-07-22 22:11:22,996 - DEBUG - transport - Попытка удаления контакта cl2.
2022-07-22 22:11:23,123 - DEBUG - transport - Выполняется разбор ответа сервера - {'response': 200}
2022-07-22 22:11:23,123 - INFO - transport - Получен ответ от сервера - 200 : OK
2022-07-22 22:27:24,914 - DEBUG - client - Получение корректных данных для соединения с сервером
2022-07-22 22:27:24,914 - DEBUG - client - Проверка аргументов
2022-07-22 22:27:24,926 - DEBUG - client - Проверка аргументов
2022-07-22 22:27:24,926 - DEBUG - client - Проверка аргументов
2022-07-22 22:27:27,721 - INFO - client - Старт работы клиента с параметрами: адрес сервера - 127.0.0.1, порт: 7777, имя пользователя cl1.
2022-07-22 22:27:27,742 - INFO - transport - Номер попытки подключения - 1
2022-07-22 22:27:27,743 - DEBUG - transport - Установлено соединение с сервером 127.0.0.1:7777
2022-07-22 22:27:28,655 - DEBUG - transport - Выполняется разбор ответа сервера - {'response': 200}
2022-07-22 22:27:28,656 - INFO - transport - Получен ответ от сервера - 200 : OK
2022-07-22 22:27:28,656 - INFO - transport - Соединение с сервером установлено.
2022-07-22 22:27:28,656 - DEBUG - transport - Запрос списка известных пользователей cl1
2022-07-22 22:27:29,501 - DEBUG - transport - Запрос контакт листа для пользователя cl1
2022-07-22 22:27:29,501 - DEBUG - transport - Сформирован запрос {'action': 'get_contacts', 'time': 'Fri Jul 22 22:27:29 2022', 'user': 'cl1'}
2022-07-22 22:27:30,276 - DEBUG - transport - Получен ответ {'response': 202, 'data_list': []}
2022-07-22 22:27:30,277 - DEBUG - transport - Приёмник сообщений с сервера запущен.
2022-07-22 22:27:36,513 - DEBUG - client - Получение корректных данных для соединения с сервером
2022-07-22 22:27:36,513 - DEBUG - client - Проверка аргументов
2022-07-22 22:27:36,525 - DEBUG - client - Проверка аргументов
2022-07-22 22:27:36,525 - DEBUG - client - Проверка аргументов
2022-07-22 22:27:38,945 - INFO - client - Старт работы клиента с параметрами: адрес сервера - 127.0.0.1, порт: 7777, имя пользователя cl2.
2022-07-22 22:27:38,965 - INFO - transport - Номер попытки подключения - 1
2022-07-22 22:27:38,965 - DEBUG - transport - Установлено соединение с сервером 127.0.0.1:7777
2022-07-22 22:27:39,845 - DEBUG - transport - Выполняется разбор ответа сервера - {'response': 200}
2022-07-22 22:27:39,845 - INFO - transport - Получен ответ от сервера - 200 : OK
2022-07-22 22:27:39,845 - INFO - transport - Соединение с сервером установлено.
2022-07-22 22:27:39,845 - DEBUG - transport - Запрос списка известных пользователей cl2
2022-07-22 22:27:40,675 - DEBUG - transport - Запрос контакт листа для пользователя cl2
2022-07-22 22:27:40,675 - DEBUG - transport - Сформирован запрос {'action': 'get_contacts', 'time': 'Fri Jul 22 22:27:40 2022', 'user': 'cl2'}
2022-07-22 22:27:41,469 - DEBUG - transport - Получен ответ {'response': 202, 'data_list': [1]}
2022-07-22 22:27:41,477 - DEBUG - transport - Приёмник сообщений с сервера запущен.
2022-07-22 22:28:08,195 - DEBUG - transport - Попытка удаления контакта cl1.
2022-07-22 22:28:08,858 - DEBUG - transport - Выполняется разбор ответа сервера - {'response': 200}
2022-07-22 22:28:08,858 - INFO - transport - Получен ответ от сервера - 200 : OK
2022-07-22 22:28:08,863 - INFO - main_window - Контакт cl1 был удалён
2022-07-22 22:44:05,217 - DEBUG - transport - Транспорт выключается.
2022-07-22 22:44:08,401 - DEBUG - transport - Транспорт выключается.
2022-07-22 22:44:15,286 - DEBUG - client - Получение корректных данных для соединения с сервером
2022-07-22 22:44:15,287 - DEBUG - client - Проверка аргументов
2022-07-22 22:44:15,298 - DEBUG - client - Проверка аргументов
2022-07-22 22:44:15,298 - DEBUG - client - Проверка аргументов
2022-07-22 22:44:17,571 - INFO - client - Старт работы клиента с параметрами: адрес сервера - 127.0.0.1, порт: 7777, имя пользователя cl1.
2022-07-22 22:44:17,625 - INFO - transport - Номер попытки подключения - 1
2022-07-22 22:44:17,625 - DEBUG - transport - Установлено соединение с сервером 127.0.0.1:7777
2022-07-22 22:44:17,667 - DEBUG - transport - Выполняется разбор ответа сервера - {'response': 200}
2022-07-22 22:44:17,668 - INFO - transport - Получен ответ от сервера - 200 : OK
2022-07-22 22:44:17,668 - INFO - transport - Соединение с сервером установлено.
2022-07-22 22:44:17,669 - DEBUG - transport - Запрос списка известных пользователей cl1
2022-07-22 22:44:18,499 - DEBUG - transport - Запрос контакт листа для пользователя cl1
2022-07-22 22:44:18,499 - DEBUG - transport - Сформирован запрос {'action': 'get_contacts', 'time': 'Fri Jul 22 22:44:18 2022', 'user': 'cl1'}
2022-07-22 22:44:19,291 - DEBUG - transport - Получен ответ {'response': 202, 'data_list': []}
2022-07-22 22:44:19,292 - DEBUG - transport - Приёмник сообщений с сервера запущен.
2022-07-22 22:44:26,288 - DEBUG - client - Получение корректных данных для соединения с сервером
2022-07-22 22:44:26,289 - DEBUG - client - Проверка аргументов
2022-07-22 22:44:26,300 - DEBUG - client - Проверка аргументов
2022-07-22 22:44:26,300 - DEBUG - client - Проверка аргументов
2022-07-22 22:44:28,493 - INFO - client - Старт работы клиента с параметрами: адрес сервера - 127.0.0.1, порт: 7777, имя пользователя cl1.
2022-07-22 22:44:28,527 - INFO - transport - Номер попытки подключения - 1
2022-07-22 22:44:28,527 - DEBUG - transport - Установлено соединение с сервером 127.0.0.1:7777
2022-07-22 22:44:29,337 - DEBUG - transport - Выполняется разбор ответа сервера - {'response': 400, 'error': 'Такое имя пользователя уже существует!'}
2022-07-22 22:44:29,337 - ERROR - transport - Получен ответ с ошибкой от сервера - 400 : Такое имя пользователя уже существует!
2022-07-22 22:44:32,328 - DEBUG - client - Получение корректных данных для соединения с сервером
2022-07-22 22:44:32,328 - DEBUG - client - Проверка аргументов
2022-07-22 22:44:32,340 - DEBUG - client - Проверка аргументов
2022-07-22 22:44:32,340 - DEBUG - client - Проверка аргументов
2022-07-22 22:44:34,219 - INFO - client - Старт работы клиента с параметрами: адрес сервера - 127.0.0.1, порт: 7777, имя пользователя cl2.
2022-07-22 22:44:34,250 - INFO - transport - Номер попытки подключения - 1
2022-07-22 22:44:34,250 - DEBUG - transport - Установлено соединение с сервером 127.0.0.1:7777
2022-07-22 22:44:35,073 - DEBUG - transport - Выполняется разбор ответа сервера - {'response': 200}
2022-07-22 22:44:35,073 - INFO - transport - Получен ответ от сервера - 200 : OK
2022-07-22 22:44:35,073 - INFO - transport - Соединение с сервером установлено.
2022-07-22 22:44:35,074 - DEBUG - transport - Запрос списка известных пользователей cl2
2022-07-22 22:44:35,904 - DEBUG - transport - Запрос контакт листа для пользователя cl2
2022-07-22 22:44:35,904 - DEBUG - transport - Сформирован запрос {'action': 'get_contacts', 'time': 'Fri Jul 22 22:44:35 2022', 'user': 'cl2'}
2022-07-22 22:44:36,693 - DEBUG - transport - Получен ответ {'response': 202, 'data_list': []}
2022-07-22 22:44:36,693 - DEBUG - transport - Приёмник сообщений с сервера запущен.
2022-07-22 22:44:44,251 - DEBUG - transport - Попытка создать контакт - cl1
2022-07-22 22:44:44,771 - INFO - main_window - Контакт <PyQt5.QtGui.QStandardItem object at 0x7effd987a680> был добавленю
2022-07-22 22:45:12,880 - DEBUG - transport - Транспорт выключается.
2022-07-22 22:45:14,139 - DEBUG - transport - Транспорт выключается.
2022-07-22 22:49:15,596 - DEBUG - client - Получение корректных данных для соединения с сервером
2022-07-22 22:49:15,596 - DEBUG - client - Проверка аргументов
2022-07-22 22:49:15,608 - DEBUG - client - Проверка аргументов
2022-07-22 22:49:15,608 - DEBUG - client - Проверка аргументов
2022-07-22 22:49:17,700 - INFO - client - Старт работы клиента с параметрами: адрес сервера - 127.0.0.1, порт: 7777, имя пользователя cl1.
2022-07-22 22:49:17,760 - INFO - transport - Номер попытки подключения - 1
2022-07-22 22:49:18,960 - INFO - transport - Номер попытки подключения - 2
2022-07-22 22:49:20,168 - INFO - transport - Номер попытки подключения - 3
2022-07-22 22:49:21,373 - INFO - transport - Номер попытки подключения - 4
2022-07-22 22:49:22,574 - INFO - transport - Номер попытки подключения - 5
2022-07-22 22:49:23,777 - INFO - transport - Номер попытки подключения - 6
2022-07-22 22:49:24,980 - CRITICAL - transport - Подключение к серверу 127.0.0.1:7777 не удалось!
2022-07-22 22:49:38,600 - DEBUG - client - Получение корректных данных для соединения с сервером
2022-07-22 22:49:38,600 - DEBUG - client - Проверка аргументов
2022-07-22 22:49:38,612 - DEBUG - client - Проверка аргументов
2022-07-22 22:49:38,612 - DEBUG - client - Проверка аргументов
2022-07-22 22:49:40,976 - INFO - client - Старт работы клиента с параметрами: адрес сервера - 127.0.0.1, порт: 7777, имя пользователя cl1.
2022-07-22 22:49:41,005 - INFO - transport - Номер попытки подключения - 1
2022-07-22 22:49:41,005 - DEBUG - transport - Установлено соединение с сервером 127.0.0.1:7777
2022-07-22 22:49:41,854 - DEBUG - transport - Выполняется разбор ответа сервера - {'response': 200}
2022-07-22 22:49:41,854 - INFO - transport - Получен ответ от сервера - 200 : OK
2022-07-22 22:49:41,855 - INFO - transport - Соединение с сервером установлено.
2022-07-22 22:49:41,855 - DEBUG - transport - Запрос списка известных пользователей cl1
2022-07-22 22:49:42,677 - DEBUG - transport - Запрос контакт листа для пользователя cl1
2022-07-22 22:49:42,677 - DEBUG - transport - Сформирован запрос {'action': 'get_contacts', 'time': 'Fri Jul 22 22:49:42 2022', 'user': 'cl1'}
2022-07-22 22:49:43,476 - DEBUG - transport - Получен ответ {'response': 202, 'data_list': []}
2022-07-22 22:49:43,477 - DEBUG - transport - Приёмник сообщений с сервера запущен.
2022-07-22 22:49:50,564 - DEBUG - client - Получение корректных данных для соединения с сервером
2022-07-22 22:49:50,565 - DEBUG - client - Проверка аргументов
2022-07-22 22:49:50,576 - DEBUG - client - Проверка аргументов
2022-07-22 22:49:50,576 - DEBUG - client - Проверка аргументов
2022-07-22 22:49:52,759 - INFO - client - Старт работы клиента с параметрами: адрес сервера - 127.0.0.1, порт: 7777, имя пользователя cl2.
2022-07-22 22:49:52,820 - INFO - transport - Номер попытки подключения - 1
2022-07-22 22:49:52,821 - DEBUG - transport - Установлено соединение с сервером 127.0.0.1:7777
2022-07-22 22:49:53,637 - DEBUG - transport - Выполняется разбор ответа сервера - {'response': 200}
2022-07-22 22:49:53,637 - INFO - transport - Получен ответ от сервера - 200 : OK
2022-07-22 22:49:53,637 - INFO - transport - Соединение с сервером установлено.
2022-07-22 22:49:53,637 - DEBUG - transport - Запрос списка известных пользователей cl2
2022-07-22 22:49:54,477 - DEBUG - transport - Запрос контакт листа для пользователя cl2
2022-07-22 22:49:54,477 - DEBUG - transport - Сформирован запрос {'action': 'get_contacts', 'time': 'Fri Jul 22 22:49:54 2022', 'user': 'cl2'}
2022-07-22 22:49:55,264 - DEBUG - transport - Получен ответ {'response': 202, 'data_list': []}
2022-07-22 22:49:55,264 - DEBUG - transport - Приёмник сообщений с сервера запущен.
2022-07-22 22:50:08,300 - DEBUG - transport - Запрос списка известных пользователей cl1
2022-07-22 22:50:08,931 - DEBUG - add_contact - Выполнено обновление списка пользователя с сервера
2022-07-22 22:50:11,639 - DEBUG - transport - Попытка создать контакт - cl2
2022-07-22 22:50:12,163 - INFO - main_window - Контакт <PyQt5.QtGui.QStandardItem object at 0x7f15c160a5f0> был добавленю
2022-07-22 22:53:49,236 - DEBUG - transport - Транспорт выключается.
2022-07-22 22:53:54,201 - DEBUG - client - Получение корректных данных для соединения с сервером
2022-07-22 22:53:54,201 - DEBUG - client - Проверка аргументов
2022-07-22 22:53:54,214 - DEBUG - client - Проверка аргументов
2022-07-22 22:53:54,214 - DEBUG - client - Проверка аргументов
2022-07-22 22:53:56,126 - INFO - client - Старт работы клиента с параметрами: адрес сервера - 127.0.0.1, порт: 7777, имя пользователя cl1.
2022-07-22 22:53:56,176 - INFO - transport - Номер попытки подключения - 1
2022-07-22 22:53:56,177 - DEBUG - transport - Установлено соединение с сервером 127.0.0.1:7777
2022-07-22 22:53:56,995 - DEBUG - transport - Выполняется разбор ответа сервера - {'response': 200}
2022-07-22 22:53:56,995 - INFO - transport - Получен ответ от сервера - 200 : OK
2022-07-22 22:53:56,995 - INFO - transport - Соединение с сервером установлено.
2022-07-22 22:53:56,995 - DEBUG - transport - Запрос списка известных пользователей cl1
2022-07-22 22:53:57,830 - DEBUG - transport - Запрос контакт листа для пользователя cl1
2022-07-22 22:53:57,830 - DEBUG - transport - Сформирован запрос {'action': 'get_contacts', 'time': 'Fri Jul 22 22:53:57 2022', 'user': 'cl1'}
2022-07-22 22:53:58,618 - DEBUG - transport - Получен ответ {'response': 202, 'data_list': [2]}
2022-07-22 22:53:58,626 - DEBUG - transport - Приёмник сообщений с сервера запущен.
2022-07-22 22:54:07,252 - DEBUG - transport - Транспорт выключается.
2022-07-22 22:55:10,177 - DEBUG - transport - Транспорт выключается.
2022-07-22 22:55:27,019 - DEBUG - client - Получение корректных данных для соединения с сервером
2022-07-22 22:55:27,019 - DEBUG - client - Проверка аргументов
2022-07-22 22:55:27,031 - DEBUG - client - Проверка аргументов
2022-07-22 22:55:27,031 - DEBUG - client - Проверка аргументов
2022-07-22 22:55:30,030 - INFO - client - Старт работы клиента с параметрами: адрес сервера - 127.0.0.1, порт: 7777, имя пользователя cl1.
2022-07-22 22:55:30,048 - INFO - transport - Номер попытки подключения - 1
2022-07-22 22:55:30,048 - DEBUG - transport - Установлено соединение с сервером 127.0.0.1:7777
2022-07-22 22:55:30,866 - DEBUG - transport - Выполняется разбор ответа сервера - {'response': 200}
2022-07-22 22:55:30,866 - INFO - transport - Получен ответ от сервера - 200 : OK
2022-07-22 22:55:30,866 - INFO - transport - Соединение с сервером установлено.
2022-07-22 22:55:30,867 - DEBUG - transport - Запрос списка известных пользователей cl1
2022-07-22 22:55:31,699 - DEBUG - transport - Запрос контакт листа для пользователя cl1
2022-07-22 22:55:31,699 - DEBUG - transport - Сформирован запрос {'action': 'get_contacts', 'time': 'Fri Jul 22 22:55:31 2022', 'user': 'cl1'}
2022-07-22 22:55:32,491 - DEBUG - transport - Получен ответ {'response': 202, 'data_list': [2]}
2022-07-22 22:55:32,503 - DEBUG - transport - Приёмник сообщений с сервера запущен.
2022-07-22 22:55:52,460 - DEBUG - transport - Транспорт выключается.
2022-07-22 22:58:48,582 - DEBUG - client - Получение корректных данных для соединения с сервером
2022-07-22 22:58:48,582 - DEBUG - client - Проверка аргументов
2022-07-22 22:58:48,593 - DEBUG - client - Проверка аргументов
2022-07-22 22:58:48,594 - DEBUG - client - Проверка аргументов
2022-07-22 22:58:50,500 - INFO - client - Старт работы клиента с параметрами: адрес сервера - 127.0.0.1, порт: 7777, имя пользователя cl1.
2022-07-22 22:58:50,531 - INFO - transport - Номер попытки подключения - 1
2022-07-22 22:58:50,531 - DEBUG - transport - Установлено соединение с сервером 127.0.0.1:7777
2022-07-22 22:58:51,351 - DEBUG - transport - Выполняется разбор ответа сервера - {'response': 200}
2022-07-22 22:58:51,351 - INFO - transport - Получен ответ от сервера - 200 : OK
2022-07-22 22:58:51,351 - INFO - transport - Соединение с сервером установлено.
2022-07-22 22:58:51,352 - DEBUG - transport - Запрос списка известных пользователей cl1
2022-07-22 22:58:52,190 - DEBUG - transport - Запрос контакт листа для пользователя cl1
2022-07-22 22:58:52,190 - DEBUG - transport - Сформирован запрос {'action': 'get_contacts', 'time': 'Fri Jul 22 22:58:52 2022', 'user': 'cl1'}
2022-07-22 22:58:52,982 - DEBUG - transport - Получен ответ {'response': 202, 'data_list': [2]}
2022-07-22 22:58:53,069 - DEBUG - transport - Приёмник сообщений с сервера запущен.
2022-07-22 22:59:13,342 - DEBUG - transport - Транспорт выключается.
2022-07-22 23:02:06,014 - DEBUG - client - Получение корректных данных для соединения с сервером
2022-07-22 23:02:06,014 - DEBUG - client - Проверка аргументов
2022-07-22 23:02:06,026 - DEBUG - client - Проверка аргументов
2022-07-22 23:02:06,026 - DEBUG - client - Проверка аргументов
2022-07-22 23:02:08,338 - INFO - client - Старт работы клиента с параметрами: адрес сервера - 127.0.0.1, порт: 7777, имя пользователя cl1.
2022-07-22 23:02:08,356 - INFO - transport - Номер попытки подключения - 1
2022-07-22 23:02:08,356 - DEBUG - transport - Установлено соединение с сервером 127.0.0.1:7777
2022-07-22 23:02:09,175 - DEBUG - transport - Выполняется разбор ответа сервера - {'response': 200}
2022-07-22 23:02:09,175 - INFO - transport - Получен ответ от сервера - 200 : OK
2022-07-22 23:02:09,176 - INFO - transport - Соединение с сервером установлено.
2022-07-22 23:02:09,176 - DEBUG - transport - Запрос списка известных пользователей cl1
2022-07-22 23:02:09,998 - DEBUG - transport - Запрос контакт листа для пользователя cl1
2022-07-22 23:02:09,998 - DEBUG - transport - Сформирован запрос {'action': 'get_contacts', 'time': 'Fri Jul 22 23:02:09 2022', 'user': 'cl1'}
2022-07-22 23:02:10,789 - DEBUG - transport - Получен ответ {'response': 202, 'data_list': [2]}
2022-07-22 23:02:10,798 - DEBUG - transport - Приёмник сообщений с сервера запущен.
2022-07-22 23:03:37,764 - DEBUG - transport - Транспорт выключается.
2022-07-22 23:03:41,326 - DEBUG - client - Получение корректных данных для соединения с сервером
2022-07-22 23:03:41,326 - DEBUG - client - Проверка аргументов
2022-07-22 23:03:41,338 - DEBUG - client - Проверка аргументов
2022-07-22 23:03:41,338 - DEBUG - client - Проверка аргументов
2022-07-22 23:03:44,338 - INFO - client - Старт работы клиента с параметрами: адрес сервера - 127.0.0.1, порт: 7777, имя пользователя cl1.
2022-07-22 23:03:44,377 - INFO - transport - Номер попытки подключения - 1
2022-07-22 23:03:44,377 - DEBUG - transport - Установлено соединение с сервером 127.0.0.1:7777
2022-07-22 23:03:45,201 - DEBUG - transport - Выполняется разбор ответа сервера - {'response': 200}
2022-07-22 23:03:45,201 - INFO - transport - Получен ответ от сервера - 200 : OK
2022-07-22 23:03:45,201 - INFO - transport - Соединение с сервером установлено.
2022-07-22 23:03:45,201 - DEBUG - transport - Запрос списка известных пользователей cl1
2022-07-22 23:03:46,033 - DEBUG - transport - Запрос контакт листа для пользователя cl1
2022-07-22 23:03:46,033 - DEBUG - transport - Сформирован запрос {'action': 'get_contacts', 'time': 'Fri Jul 22 23:03:46 2022', 'user': 'cl1'}
2022-07-22 23:03:46,835 - DEBUG - transport - Получен ответ {'response': 202, 'data_list': [2]}
2022-07-22 23:03:46,843 - DEBUG - transport - Приёмник сообщений с сервера запущен.
2022-07-22 23:04:11,230 - DEBUG - transport - Транспорт выключается.
2022-07-22 23:05:01,062 - DEBUG - client - Получение корректных данных для соединения с сервером
2022-07-22 23:05:01,062 - DEBUG - client - Проверка аргументов
2022-07-22 23:05:01,074 - DEBUG - client - Проверка аргументов
2022-07-22 23:05:01,074 - DEBUG - client - Проверка аргументов
2022-07-22 23:05:03,930 - INFO - client - Старт работы клиента с параметрами: адрес сервера - 127.0.0.1, порт: 7777, имя пользователя cl1.
2022-07-22 23:05:03,951 - INFO - transport - Номер попытки подключения - 1
2022-07-22 23:05:03,952 - DEBUG - transport - Установлено соединение с сервером 127.0.0.1:7777
2022-07-22 23:05:04,794 - DEBUG - transport - Выполняется разбор ответа сервера - {'response': 200}
2022-07-22 23:05:04,794 - INFO - transport - Получен ответ от сервера - 200 : OK
2022-07-22 23:05:04,794 - INFO - transport - Соединение с сервером установлено.
2022-07-22 23:05:04,795 - DEBUG - transport - Запрос списка известных пользователей cl1
2022-07-22 23:05:05,626 - DEBUG - transport - Запрос контакт листа для пользователя cl1
2022-07-22 23:05:05,627 - DEBUG - transport - Сформирован запрос {'action': 'get_contacts', 'time': 'Fri Jul 22 23:05:05 2022', 'user': 'cl1'}
2022-07-22 23:05:06,415 - DEBUG - transport - Получен ответ {'response': 202, 'data_list': [2]}
2022-07-22 23:05:06,423 - DEBUG - transport - Приёмник сообщений с сервера запущен.
2022-07-22 23:05:21,666 - DEBUG - transport - Транспорт выключается.
2022-07-22 23:05:50,353 - DEBUG - client - Получение корректных данных для соединения с сервером
2022-07-22 23:05:50,353 - DEBUG - client - Проверка аргументов
2022-07-22 23:05:50,365 - DEBUG - client - Проверка аргументов
2022-07-22 23:05:50,365 - DEBUG - client - Проверка аргументов
2022-07-22 23:05:52,609 - INFO - client - Старт работы клиента с параметрами: адрес сервера - 127.0.0.1, порт: 7777, имя пользователя cl1.
2022-07-22 23:05:52,634 - INFO - transport - Номер попытки подключения - 1
2022-07-22 23:05:52,635 - DEBUG - transport - Установлено соединение с сервером 127.0.0.1:7777
2022-07-22 23:05:53,460 - DEBUG - transport - Выполняется разбор ответа сервера - {'response': 200}
2022-07-22 23:05:53,460 - INFO - transport - Получен ответ от сервера - 200 : OK
2022-07-22 23:05:53,460 - INFO - transport - Соединение с сервером установлено.
2022-07-22 23:05:53,460 - DEBUG - transport - Запрос списка известных пользователей cl1
2022-07-22 23:05:54,289 - DEBUG - transport - Запрос контакт листа для пользователя cl1
2022-07-22 23:05:54,289 - DEBUG - transport - Сформирован запрос {'action': 'get_contacts', 'time': 'Fri Jul 22 23:05:54 2022', 'user': 'cl1'}
2022-07-22 23:05:55,082 - DEBUG - transport - Получен ответ {'response': 202, 'data_list': [2]}
2022-07-22 23:05:55,098 - DEBUG - transport - Приёмник сообщений с сервера запущен.
2022-07-22 23:06:05,223 - DEBUG - transport - Попытка удаления контакта cl2.
2022-07-22 23:06:05,548 - DEBUG - transport - Выполняется разбор ответа сервера - {'response': 200}
2022-07-22 23:06:05,548 - INFO - transport - Получен ответ от сервера - 200 : OK
2022-07-22 23:06:05,558 - INFO - main_window - Контакт cl2 был удалён
2022-07-22 23:06:51,006 - DEBUG - transport - Попытка создать контакт - cl2
2022-07-22 23:06:51,772 - INFO - main_window - Контакт <PyQt5.QtGui.QStandardItem object at 0x7f31743804c0> был добавленю
2022-07-22 23:07:00,445 - DEBUG - client - Получение корректных данных для соединения с сервером
2022-07-22 23:07:00,445 - DEBUG - client - Проверка аргументов
2022-07-22 23:07:00,457 - DEBUG - client - Проверка аргументов
2022-07-22 23:07:00,457 - DEBUG - client - Проверка аргументов
2022-07-22 23:07:03,113 - INFO - client - Старт работы клиента с параметрами: адрес сервера - 127.0.0.1, порт: 7777, имя пользователя cl2.
2022-07-22 23:07:03,133 - INFO - transport - Номер попытки подключения - 1
2022-07-22 23:07:03,133 - DEBUG - transport - Установлено соединение с сервером 127.0.0.1:7777
2022-07-22 23:07:03,174 - DEBUG - transport - Выполняется разбор ответа сервера - {'response': 200}
2022-07-22 23:07:03,174 - INFO - transport - Получен ответ от сервера - 200 : OK
2022-07-22 23:07:03,175 - INFO - transport - Соединение с сервером установлено.
2022-07-22 23:07:03,175 - DEBUG - transport - Запрос списка известных пользователей cl2
2022-07-22 23:07:04,001 - DEBUG - transport - Запрос контакт листа для пользователя cl2
2022-07-22 23:07:04,001 - DEBUG - transport - Сформирован запрос {'action': 'get_contacts', 'time': 'Fri Jul 22 23:07:03 2022', 'user': 'cl2'}
2022-07-22 23:07:04,789 - DEBUG - transport - Получен ответ {'response': 202, 'data_list': []}
2022-07-22 23:07:04,789 - DEBUG - transport - Приёмник сообщений с сервера запущен.
2022-07-22 23:07:17,206 - DEBUG - main_window - Отправлено сообщение для cl2: wdwdw
2022-07-22 23:07:17,237 - DEBUG - transport - Было сформированно сообщение: {'action': 'message', 'addresser': 'cl1', 'to': 'cl2', 'time': 'Fri Jul 22 23:07:17 2022', 'mess_text': 'wdwdw'}.
2022-07-22 23:07:18,686 - DEBUG - transport - Принято сообщение с сервера: {'action': 'message', 'addresser': 'cl1', 'to': 'cl2', 'time': 'Fri Jul 22 23:07:17 2022', 'mess_text': 'wdwdw'}
2022-07-22 23:07:18,686 - DEBUG - transport - Выполняется разбор ответа сервера - {'action': 'message', 'addresser': 'cl1', 'to': 'cl2', 'time': 'Fri Jul 22 23:07:17 2022', 'mess_text': 'wdwdw'}
2022-07-22 23:07:18,686 - DEBUG - transport - Получено сообщение от пользователя cl1:wdwdw
2022-07-22 23:07:22,473 - DEBUG - transport - Попытка создать контакт - cl1
2022-07-22 23:07:23,299 - INFO - main_window - Контакт <PyQt5.QtGui.QStandardItem object at 0x7fe14a126680> был добавленю
2022-07-22 23:07:57,534 - DEBUG - main_window - Отправлено сообщение для cl1: ewfefe
2022-07-22 23:07:57,535 - DEBUG - transport - Было сформированно сообщение: {'action': 'message', 'addresser': 'cl2', 'to': 'cl1', 'time': 'Fri Jul 22 23:07:57 2022', 'mess_text': 'ewfefe'}.
2022-07-22 23:07:58,214 - DEBUG - transport - Принято сообщение с сервера: {'action': 'message', 'addresser': 'cl2', 'to': 'cl1', 'time': 'Fri Jul 22 23:07:57 2022', 'mess_text': 'ewfefe'}
2022-07-22 23:07:58,214 - DEBUG - transport - Выполняется разбор ответа сервера - {'action': 'message', 'addresser': 'cl2', 'to': 'cl1', 'time': 'Fri Jul 22 23:07:57 2022', 'mess_text': 'ewfefe'}
2022-07-22 23:07:58,214 - DEBUG - transport - Получено сообщение от пользователя cl2:ewfefe
2022-07-22 23:08:05,960 - DEBUG - transport - Транспорт выключается.
2022-07-22 23:08:09,717 - DEBUG - client - Получение корректных данных для соединения с сервером
2022-07-22 23:08:09,717 - DEBUG - client - Проверка аргументов
2022-07-22 23:08:09,730 - DEBUG - client - Проверка аргументов
2022-07-22 23:08:09,730 - DEBUG - client - Проверка аргументов
2022-07-22 23:08:12,800 - INFO - client - Старт работы клиента с параметрами: адрес сервера - 127.0.0.1, порт: 7777, имя пользователя cl2.
2022-07-22 23:08:12,831 - INFO - transport - Номер попытки подключения - 1
2022-07-22 23:08:12,832 - DEBUG - transport - Установлено соединение с сервером 127.0.0.1:7777
2022-07-22 23:08:13,660 - DEBUG - transport - Выполняется разбор ответа сервера - {'response': 200}
2022-07-22 23:08:13,660 - INFO - transport - Получен ответ от сервера - 200 : OK
2022-07-22 23:08:13,660 - INFO - transport - Соединение с сервером установлено.
2022-07-22 23:08:13,660 - DEBUG - transport - Запрос списка известных пользователей cl2
2022-07-22 23:08:14,514 - DEBUG - transport - Запрос контакт листа для пользователя cl2
2022-07-22 23:08:14,514 - DEBUG - transport - Сформирован запрос {'action': 'get_contacts', 'time': 'Fri Jul 22 23:08:14 2022', 'user': 'cl2'}
2022-07-22 23:08:15,279 - DEBUG - transport - Получен ответ {'response': 202, 'data_list': [1]}
2022-07-22 23:08:15,287 - DEBUG - transport - Приёмник сообщений с сервера запущен.
2022-07-22 23:08:25,143 - DEBUG - transport - Попытка удаления контакта cl1.
2022-07-22 23:08:25,743 - DEBUG - transport - Выполняется разбор ответа сервера - {'response': 200}
2022-07-22 23:08:25,743 - INFO - transport - Получен ответ от сервера - 200 : OK
2022-07-22 23:08:25,767 - INFO - main_window - Контакт cl1 был удалён
2022-07-22 23:08:31,486 - DEBUG - transport - Попытка создать контакт - cl1
2022-07-22 23:08:32,190 - INFO - main_window - Контакт <PyQt5.QtGui.QStandardItem object at 0x7fab24708670> был добавленю
2022-07-22 23:09:18,396 - DEBUG - transport - Транспорт выключается.
2022-07-22 23:09:22,730 - DEBUG - transport - Транспорт выключается.
